2024-02-01 22:55:12,936:INFO: -------- 数据集构建完成！--------
2024-02-01 22:55:12,937:INFO: -------- 获取数据加载器！--------
2024-02-01 23:01:57,279:INFO: Epoch: 1, loss: 8.18057632446289
2024-02-01 23:34:52,452:INFO: Epoch: 1, Dev loss: 7.133026123046875, Bleu Score: 0.2927997808800388
2024-02-01 23:34:53,264:INFO: -------- Save Best Model! --------
2024-02-01 23:41:30,407:INFO: Epoch: 2, loss: 6.541301250457764
2024-02-02 00:03:34,912:INFO: Epoch: 2, Dev loss: 5.851006507873535, Bleu Score: 6.594965403594855
2024-02-02 00:03:36,783:INFO: -------- Save Best Model! --------
2024-02-02 00:10:22,513:INFO: Epoch: 3, loss: 5.295619964599609
2024-02-02 00:31:24,026:INFO: Epoch: 3, Dev loss: 4.646345615386963, Bleu Score: 18.365284961934545
2024-02-02 00:31:25,826:INFO: -------- Save Best Model! --------
2024-02-02 00:38:12,535:INFO: Epoch: 4, loss: 4.327665328979492
2024-02-02 01:01:46,967:INFO: Epoch: 4, Dev loss: 3.9951670169830322, Bleu Score: 22.948802336203652
2024-02-02 01:01:51,297:INFO: -------- Save Best Model! --------
2024-02-02 01:08:40,982:INFO: Epoch: 5, loss: 3.769895076751709
2024-02-02 01:35:25,936:INFO: Epoch: 5, Dev loss: 3.6822638511657715, Bleu Score: 25.391500229881682
2024-02-02 01:35:28,111:INFO: -------- Save Best Model! --------
2024-02-02 01:42:13,249:INFO: Epoch: 6, loss: 3.373342275619507
2024-02-02 02:01:30,171:INFO: Epoch: 6, Dev loss: 3.4544663429260254, Bleu Score: 26.497150959185984
2024-02-02 02:01:35,227:INFO: -------- Save Best Model! --------
2024-02-02 02:08:14,304:INFO: Epoch: 7, loss: 3.030233383178711
2024-02-02 02:28:05,591:INFO: Epoch: 7, Dev loss: 3.332671880722046, Bleu Score: 27.65572553716638
2024-02-02 02:28:07,624:INFO: -------- Save Best Model! --------
2024-02-02 02:34:46,913:INFO: Epoch: 8, loss: 2.7714524269104004
2024-02-02 02:54:31,123:INFO: Epoch: 8, Dev loss: 3.282221555709839, Bleu Score: 28.16529930380644
2024-02-02 02:54:35,126:INFO: -------- Save Best Model! --------
2024-02-02 03:01:15,826:INFO: Epoch: 9, loss: 2.5639712810516357
2024-02-02 03:21:06,558:INFO: Epoch: 9, Dev loss: 3.266051769256592, Bleu Score: 28.57326212737941
2024-02-02 03:21:14,177:INFO: -------- Save Best Model! --------
2024-02-02 03:27:52,780:INFO: Epoch: 10, loss: 2.38907790184021
2024-02-02 03:53:35,830:INFO: Epoch: 10, Dev loss: 3.2854702472686768, Bleu Score: 28.97254578300066
2024-02-02 03:53:41,487:INFO: -------- Save Best Model! --------
2024-02-02 04:00:24,231:INFO: Epoch: 11, loss: 2.239405632019043
2024-02-02 04:20:24,883:INFO: Epoch: 11, Dev loss: 3.3074891567230225, Bleu Score: 28.970937179916067
2024-02-02 04:20:24,883:INFO: Early Stop Left: 4
2024-02-02 04:27:12,064:INFO: Epoch: 12, loss: 2.1097919940948486
2024-02-02 04:47:14,343:INFO: Epoch: 12, Dev loss: 3.333786964416504, Bleu Score: 28.762429719310234
2024-02-02 04:47:14,344:INFO: Early Stop Left: 3
2024-02-02 04:53:51,105:INFO: Epoch: 13, loss: 1.995323896408081
2024-02-02 05:13:38,233:INFO: Epoch: 13, Dev loss: 3.3726906776428223, Bleu Score: 28.80210154121938
2024-02-02 05:13:38,234:INFO: Early Stop Left: 2
2024-02-02 05:20:23,236:INFO: Epoch: 14, loss: 1.8932846784591675
2024-02-02 05:40:49,628:INFO: Epoch: 14, Dev loss: 3.406477689743042, Bleu Score: 28.809701972782538
2024-02-02 05:40:49,628:INFO: Early Stop Left: 1
2024-02-02 05:47:41,258:INFO: Epoch: 15, loss: 1.8016244173049927
2024-02-02 06:07:48,752:INFO: Epoch: 15, Dev loss: 3.4541594982147217, Bleu Score: 28.6239513798601
2024-02-02 06:07:48,752:INFO: Early Stop Left: 0
2024-02-02 06:07:48,752:INFO: -------- Early Stop! --------
2024-02-02 06:28:46,869:INFO: Test loss: 3.51981258392334,  Bleu Score: 26.619806084358117
