>>> Total params: 26302920
>>> Start training
Epoch 0: train loss   5.056757, acc  0.0146, val loss   5.059241, acc  0.0155, 
Update min_val_loss to   5.059241
Epoch 1: train loss   4.874565, acc  0.0211, val loss   4.878954, acc  0.0211, 
Update min_val_loss to   4.878954
Epoch 2: train loss   4.551319, acc  0.0446, val loss   4.567336, acc  0.0432, 
Update min_val_loss to   4.567336
Epoch 3: train loss   4.327742, acc  0.0643, val loss   4.361861, acc  0.0598, 
Update min_val_loss to   4.361861
Epoch 4: train loss   4.171700, acc  0.0756, val loss   4.217888, acc  0.0734, 
Update min_val_loss to   4.217888
Epoch 5: train loss   4.022631, acc  0.0959, val loss   4.084658, acc  0.0920, 
Update min_val_loss to   4.084658
Epoch 6: train loss   3.877077, acc  0.1147, val loss   3.955140, acc  0.1105, 
Update min_val_loss to   3.955140
Epoch 7: train loss   3.782592, acc  0.1271, val loss   3.873435, acc  0.1204, 
Update min_val_loss to   3.873435
Epoch 8: train loss   3.660686, acc  0.1457, val loss   3.769237, acc  0.1378, 
Update min_val_loss to   3.769237
Epoch 9: train loss   3.538349, acc  0.1657, val loss   3.670926, acc  0.1551, 
Update min_val_loss to   3.670926
Epoch 10: train loss   3.412880, acc  0.1879, val loss   3.555953, acc  0.1719, 
Update min_val_loss to   3.555953
Epoch 11: train loss   3.312121, acc  0.2048, val loss   3.480825, acc  0.1864, 
Update min_val_loss to   3.480825
Epoch 12: train loss   3.229166, acc  0.2237, val loss   3.425824, acc  0.1977, 
Update min_val_loss to   3.425824
Epoch 13: train loss   3.135414, acc  0.2358, val loss   3.356158, acc  0.2137, 
Update min_val_loss to   3.356158
Epoch 14: train loss   3.070730, acc  0.2512, val loss   3.319572, acc  0.2203, 
Update min_val_loss to   3.319572
Epoch 15: train loss   3.011900, acc  0.2606, val loss   3.270137, acc  0.2257, 
Update min_val_loss to   3.270137
Epoch 16: train loss   2.925879, acc  0.2795, val loss   3.210957, acc  0.2391, 
Update min_val_loss to   3.210957
Epoch 17: train loss   2.832027, acc  0.2996, val loss   3.180036, acc  0.2455, 
Update min_val_loss to   3.180036
Epoch 18: train loss   2.793184, acc  0.3069, val loss   3.160603, acc  0.2547, 
Update min_val_loss to   3.160603
Epoch 19: train loss   2.680293, acc  0.3285, val loss   3.099540, acc  0.2675, 
Update min_val_loss to   3.099540
Epoch 20: train loss   2.615352, acc  0.3434, val loss   3.069157, acc  0.2728, 
Update min_val_loss to   3.069157
Epoch 21: train loss   2.560610, acc  0.3528, val loss   3.077322, acc  0.2776, 
Epoch 22: train loss   2.480647, acc  0.3723, val loss   3.044322, acc  0.2854, 
Update min_val_loss to   3.044322
Epoch 23: train loss   2.403586, acc  0.3888, val loss   3.009146, acc  0.2932, 
Update min_val_loss to   3.009146
Epoch 24: train loss   2.342814, acc  0.4008, val loss   3.015405, acc  0.2989, 
Epoch 25: train loss   2.253522, acc  0.4184, val loss   2.981670, acc  0.3099, 
Update min_val_loss to   2.981670
Epoch 26: train loss   2.145976, acc  0.4457, val loss   2.939056, acc  0.3190, 
Update min_val_loss to   2.939056
Epoch 27: train loss   2.104798, acc  0.4529, val loss   2.960983, acc  0.3189, 
Epoch 28: train loss   2.036435, acc  0.4662, val loss   2.973313, acc  0.3201, 
Epoch    29: reducing learning rate of group 0 to 1.0000e-04.
Epoch 29: train loss   1.780442, acc  0.5261, val loss   2.877294, acc  0.3489, 
Update min_val_loss to   2.877294
Epoch 30: train loss   1.725348, acc  0.5392, val loss   2.898142, acc  0.3515, 
Epoch 31: train loss   1.693449, acc  0.5475, val loss   2.923238, acc  0.3505, 
Epoch    32: reducing learning rate of group 0 to 1.0000e-05.
Epoch 32: train loss   1.674877, acc  0.5519, val loss   2.913878, acc  0.3507, 
Epoch 33: train loss   1.676727, acc  0.5493, val loss   2.920415, acc  0.3493, 
Epoch    34: reducing learning rate of group 0 to 1.0000e-06.
Epoch 34: train loss   1.672596, acc  0.5513, val loss   2.926924, acc  0.3550, 
>>> Finished training
>>> Finished plot loss
Test score: 0.3616640127388535
