2024-02-01 22:56:12,397:INFO: -------- 数据集构建完成！--------
2024-02-01 22:56:12,397:INFO: -------- 获取数据加载器！--------
2024-02-01 23:02:57,654:INFO: Epoch: 1, loss: 8.178921699523926
2024-02-01 23:29:16,011:INFO: Epoch: 1, Dev loss: 7.110815525054932, Bleu Score: 0.300638099920975
2024-02-01 23:29:17,004:INFO: -------- Save Best Model! --------
2024-02-01 23:36:01,722:INFO: Epoch: 2, loss: 6.544804096221924
2024-02-01 23:58:24,605:INFO: Epoch: 2, Dev loss: 5.843566417694092, Bleu Score: 6.496568986854796
2024-02-01 23:58:29,367:INFO: -------- Save Best Model! --------
2024-02-02 00:05:06,951:INFO: Epoch: 3, loss: 5.319474220275879
2024-02-02 00:25:38,837:INFO: Epoch: 3, Dev loss: 4.667809009552002, Bleu Score: 17.383034240861896
2024-02-02 00:25:44,589:INFO: -------- Save Best Model! --------
2024-02-02 00:32:20,566:INFO: Epoch: 4, loss: 4.36637020111084
2024-02-02 00:51:50,955:INFO: Epoch: 4, Dev loss: 4.0052337646484375, Bleu Score: 22.993763568497055
2024-02-02 00:51:53,835:INFO: -------- Save Best Model! --------
2024-02-02 00:58:32,065:INFO: Epoch: 5, loss: 3.798973560333252
2024-02-02 01:17:42,384:INFO: Epoch: 5, Dev loss: 3.6947884559631348, Bleu Score: 24.920923679299207
2024-02-02 01:17:44,020:INFO: -------- Save Best Model! --------
2024-02-02 01:24:24,077:INFO: Epoch: 6, loss: 3.4096455574035645
2024-02-02 01:43:38,177:INFO: Epoch: 6, Dev loss: 3.4721970558166504, Bleu Score: 26.366042039122
2024-02-02 01:43:39,798:INFO: -------- Save Best Model! --------
2024-02-02 01:50:12,050:INFO: Epoch: 7, loss: 3.068772077560425
2024-02-02 02:09:39,213:INFO: Epoch: 7, Dev loss: 3.3636419773101807, Bleu Score: 27.355663798508818
2024-02-02 02:09:41,030:INFO: -------- Save Best Model! --------
2024-02-02 02:16:18,757:INFO: Epoch: 8, loss: 2.8118112087249756
2024-02-02 02:36:04,465:INFO: Epoch: 8, Dev loss: 3.313810348510742, Bleu Score: 27.993616101117343
2024-02-02 02:36:06,711:INFO: -------- Save Best Model! --------
2024-02-02 02:42:46,130:INFO: Epoch: 9, loss: 2.6050374507904053
2024-02-02 03:02:37,050:INFO: Epoch: 9, Dev loss: 3.306837797164917, Bleu Score: 28.249202633357022
2024-02-02 03:02:38,937:INFO: -------- Save Best Model! --------
2024-02-02 03:09:18,457:INFO: Epoch: 10, loss: 2.4335389137268066
2024-02-02 03:29:03,777:INFO: Epoch: 10, Dev loss: 3.306314706802368, Bleu Score: 28.365380801085827
2024-02-02 03:29:05,851:INFO: -------- Save Best Model! --------
2024-02-02 03:35:39,255:INFO: Epoch: 11, loss: 2.2833964824676514
2024-02-02 03:55:14,775:INFO: Epoch: 11, Dev loss: 3.3345608711242676, Bleu Score: 28.212015603926215
2024-02-02 03:55:14,776:INFO: Early Stop Left: 4
2024-02-02 04:01:51,584:INFO: Epoch: 12, loss: 2.155327320098877
2024-02-02 04:21:42,613:INFO: Epoch: 12, Dev loss: 3.3683900833129883, Bleu Score: 28.601672437182312
2024-02-02 04:21:44,378:INFO: -------- Save Best Model! --------
2024-02-02 04:28:20,934:INFO: Epoch: 13, loss: 2.0429110527038574
2024-02-02 04:48:55,224:INFO: Epoch: 13, Dev loss: 3.391265630722046, Bleu Score: 28.804165815120694
2024-02-02 04:48:57,150:INFO: -------- Save Best Model! --------
2024-02-02 04:55:31,051:INFO: Epoch: 14, loss: 1.9417545795440674
2024-02-02 05:15:15,138:INFO: Epoch: 14, Dev loss: 3.4366719722747803, Bleu Score: 28.44837286068544
2024-02-02 05:15:15,139:INFO: Early Stop Left: 4
2024-02-02 05:21:49,870:INFO: Epoch: 15, loss: 1.852393388748169
2024-02-02 05:41:53,552:INFO: Epoch: 15, Dev loss: 3.474935531616211, Bleu Score: 28.468839739514813
2024-02-02 05:41:53,553:INFO: Early Stop Left: 3
2024-02-02 05:48:43,770:INFO: Epoch: 16, loss: 1.7717496156692505
2024-02-02 06:09:27,527:INFO: Epoch: 16, Dev loss: 3.5133676528930664, Bleu Score: 28.427630865399404
2024-02-02 06:09:27,528:INFO: Early Stop Left: 2
2024-02-02 06:16:14,539:INFO: Epoch: 17, loss: 1.7002778053283691
2024-02-02 06:36:45,573:INFO: Epoch: 17, Dev loss: 3.5489847660064697, Bleu Score: 28.414507044792842
2024-02-02 06:36:45,575:INFO: Early Stop Left: 1
2024-02-02 06:43:32,249:INFO: Epoch: 18, loss: 1.63383948802948
2024-02-02 07:03:30,694:INFO: Epoch: 18, Dev loss: 3.589179277420044, Bleu Score: 28.177057714418673
2024-02-02 07:03:30,695:INFO: Early Stop Left: 0
2024-02-02 07:03:30,695:INFO: -------- Early Stop! --------
2024-02-02 07:24:59,979:INFO: Test loss: 3.6374263763427734,  Bleu Score: 26.456164287511395
