
Embedding length is 200.

Loading embeddings...
Done.
 Embedding vocabulary: 37808.

Epoch: [0][0/539]	Batch Time 0.955 (0.955)	Data Load Time 0.846 (0.846)	Loss 1.6564 (1.6564)	Accuracy 0.086 (0.086)
Epoch: [0][10/539]	Batch Time 0.060 (0.141)	Data Load Time 0.001 (0.078)	Loss 1.5061 (1.5607)	Accuracy 0.316 (0.276)
Epoch: [0][20/539]	Batch Time 0.061 (0.101)	Data Load Time 0.001 (0.041)	Loss 1.4965 (1.5066)	Accuracy 0.305 (0.309)
Epoch: [0][30/539]	Batch Time 0.057 (0.087)	Data Load Time 0.001 (0.028)	Loss 1.4179 (1.4809)	Accuracy 0.387 (0.328)
Epoch: [0][40/539]	Batch Time 0.057 (0.080)	Data Load Time 0.001 (0.022)	Loss 1.3958 (1.4710)	Accuracy 0.398 (0.336)
Epoch: [0][50/539]	Batch Time 0.058 (0.076)	Data Load Time 0.001 (0.018)	Loss 1.4542 (1.4591)	Accuracy 0.336 (0.344)
Epoch: [0][60/539]	Batch Time 0.056 (0.073)	Data Load Time 0.001 (0.015)	Loss 1.3862 (1.4471)	Accuracy 0.398 (0.354)
Epoch: [0][70/539]	Batch Time 0.057 (0.071)	Data Load Time 0.001 (0.013)	Loss 1.3117 (1.4313)	Accuracy 0.398 (0.363)
Epoch: [0][80/539]	Batch Time 0.057 (0.069)	Data Load Time 0.001 (0.012)	Loss 1.2900 (1.4089)	Accuracy 0.391 (0.374)
Epoch: [0][90/539]	Batch Time 0.058 (0.068)	Data Load Time 0.001 (0.010)	Loss 1.1145 (1.3826)	Accuracy 0.461 (0.383)
Epoch: [0][100/539]	Batch Time 0.058 (0.067)	Data Load Time 0.001 (0.009)	Loss 1.0981 (1.3564)	Accuracy 0.477 (0.394)
Epoch: [0][110/539]	Batch Time 0.058 (0.066)	Data Load Time 0.001 (0.009)	Loss 1.0763 (1.3313)	Accuracy 0.504 (0.405)
Epoch: [0][120/539]	Batch Time 0.057 (0.066)	Data Load Time 0.001 (0.008)	Loss 0.9471 (1.3063)	Accuracy 0.629 (0.417)
Epoch: [0][130/539]	Batch Time 0.060 (0.065)	Data Load Time 0.001 (0.008)	Loss 1.0029 (1.2846)	Accuracy 0.590 (0.426)
Epoch: [0][140/539]	Batch Time 0.068 (0.065)	Data Load Time 0.001 (0.007)	Loss 1.0047 (1.2637)	Accuracy 0.543 (0.435)
Epoch: [0][150/539]	Batch Time 0.073 (0.065)	Data Load Time 0.001 (0.007)	Loss 1.0232 (1.2459)	Accuracy 0.551 (0.444)
Epoch: [0][160/539]	Batch Time 0.062 (0.065)	Data Load Time 0.001 (0.006)	Loss 1.0231 (1.2294)	Accuracy 0.527 (0.451)
Epoch: [0][170/539]	Batch Time 0.075 (0.065)	Data Load Time 0.001 (0.006)	Loss 0.9525 (1.2145)	Accuracy 0.559 (0.457)
Epoch: [0][180/539]	Batch Time 0.072 (0.065)	Data Load Time 0.001 (0.006)	Loss 0.9662 (1.2019)	Accuracy 0.574 (0.462)
Epoch: [0][190/539]	Batch Time 0.063 (0.065)	Data Load Time 0.001 (0.005)	Loss 0.9526 (1.1893)	Accuracy 0.570 (0.467)
Epoch: [0][200/539]	Batch Time 0.074 (0.065)	Data Load Time 0.001 (0.005)	Loss 0.9664 (1.1785)	Accuracy 0.562 (0.472)
Epoch: [0][210/539]	Batch Time 0.052 (0.065)	Data Load Time 0.001 (0.005)	Loss 0.9816 (1.1687)	Accuracy 0.578 (0.477)
Epoch: [0][220/539]	Batch Time 0.061 (0.065)	Data Load Time 0.001 (0.005)	Loss 0.9971 (1.1594)	Accuracy 0.551 (0.480)
Epoch: [0][230/539]	Batch Time 0.054 (0.065)	Data Load Time 0.001 (0.005)	Loss 0.9264 (1.1486)	Accuracy 0.609 (0.485)
Epoch: [0][240/539]	Batch Time 0.055 (0.064)	Data Load Time 0.001 (0.005)	Loss 0.9095 (1.1400)	Accuracy 0.586 (0.489)
Epoch: [0][250/539]	Batch Time 0.056 (0.064)	Data Load Time 0.001 (0.004)	Loss 1.0066 (1.1331)	Accuracy 0.543 (0.492)
Epoch: [0][260/539]	Batch Time 0.055 (0.064)	Data Load Time 0.001 (0.004)	Loss 0.9636 (1.1265)	Accuracy 0.594 (0.495)
Epoch: [0][270/539]	Batch Time 0.055 (0.063)	Data Load Time 0.001 (0.004)	Loss 0.9156 (1.1197)	Accuracy 0.605 (0.498)
Epoch: [0][280/539]	Batch Time 0.055 (0.063)	Data Load Time 0.001 (0.004)	Loss 1.0110 (1.1130)	Accuracy 0.551 (0.502)
Epoch: [0][290/539]	Batch Time 0.057 (0.063)	Data Load Time 0.001 (0.004)	Loss 0.9063 (1.1066)	Accuracy 0.594 (0.505)
Epoch: [0][300/539]	Batch Time 0.050 (0.063)	Data Load Time 0.001 (0.004)	Loss 0.9604 (1.1014)	Accuracy 0.566 (0.507)
Epoch: [0][310/539]	Batch Time 0.055 (0.062)	Data Load Time 0.001 (0.004)	Loss 0.9478 (1.0952)	Accuracy 0.574 (0.510)
Epoch: [0][320/539]	Batch Time 0.056 (0.062)	Data Load Time 0.001 (0.004)	Loss 0.9941 (1.0918)	Accuracy 0.578 (0.512)
Epoch: [0][330/539]	Batch Time 0.051 (0.062)	Data Load Time 0.001 (0.004)	Loss 0.9288 (1.0870)	Accuracy 0.566 (0.514)
Epoch: [0][340/539]	Batch Time 0.055 (0.062)	Data Load Time 0.001 (0.004)	Loss 0.8858 (1.0829)	Accuracy 0.621 (0.516)
Epoch: [0][350/539]	Batch Time 0.056 (0.061)	Data Load Time 0.001 (0.003)	Loss 0.8990 (1.0780)	Accuracy 0.605 (0.518)
Epoch: [0][360/539]	Batch Time 0.055 (0.061)	Data Load Time 0.001 (0.003)	Loss 0.9437 (1.0740)	Accuracy 0.605 (0.520)
Epoch: [0][370/539]	Batch Time 0.054 (0.061)	Data Load Time 0.001 (0.003)	Loss 0.8471 (1.0704)	Accuracy 0.656 (0.522)
Epoch: [0][380/539]	Batch Time 0.053 (0.061)	Data Load Time 0.001 (0.003)	Loss 0.9656 (1.0665)	Accuracy 0.578 (0.524)
Epoch: [0][390/539]	Batch Time 0.053 (0.061)	Data Load Time 0.001 (0.003)	Loss 0.9607 (1.0635)	Accuracy 0.566 (0.525)
Epoch: [0][400/539]	Batch Time 0.051 (0.061)	Data Load Time 0.001 (0.003)	Loss 0.8928 (1.0597)	Accuracy 0.648 (0.527)
Epoch: [0][410/539]	Batch Time 0.055 (0.061)	Data Load Time 0.001 (0.003)	Loss 0.9132 (1.0563)	Accuracy 0.594 (0.529)
Epoch: [0][420/539]	Batch Time 0.055 (0.061)	Data Load Time 0.001 (0.003)	Loss 0.9363 (1.0535)	Accuracy 0.539 (0.530)
Epoch: [0][430/539]	Batch Time 0.054 (0.060)	Data Load Time 0.001 (0.003)	Loss 0.9151 (1.0503)	Accuracy 0.613 (0.531)
Epoch: [0][440/539]	Batch Time 0.055 (0.060)	Data Load Time 0.001 (0.003)	Loss 0.9387 (1.0472)	Accuracy 0.586 (0.533)
Epoch: [0][450/539]	Batch Time 0.056 (0.060)	Data Load Time 0.001 (0.003)	Loss 0.8951 (1.0442)	Accuracy 0.625 (0.534)
Epoch: [0][460/539]	Batch Time 0.054 (0.060)	Data Load Time 0.001 (0.003)	Loss 0.9992 (1.0419)	Accuracy 0.598 (0.535)
Epoch: [0][470/539]	Batch Time 0.055 (0.060)	Data Load Time 0.001 (0.003)	Loss 0.9007 (1.0396)	Accuracy 0.613 (0.536)
Epoch: [0][480/539]	Batch Time 0.052 (0.060)	Data Load Time 0.001 (0.003)	Loss 0.9676 (1.0379)	Accuracy 0.535 (0.537)
Epoch: [0][490/539]	Batch Time 0.055 (0.060)	Data Load Time 0.001 (0.003)	Loss 0.9048 (1.0354)	Accuracy 0.594 (0.538)
Epoch: [0][500/539]	Batch Time 0.056 (0.060)	Data Load Time 0.001 (0.003)	Loss 0.9376 (1.0329)	Accuracy 0.590 (0.539)
Epoch: [0][510/539]	Batch Time 0.054 (0.059)	Data Load Time 0.001 (0.003)	Loss 1.0140 (1.0311)	Accuracy 0.547 (0.540)
Epoch: [0][520/539]	Batch Time 0.056 (0.059)	Data Load Time 0.001 (0.003)	Loss 0.9638 (1.0292)	Accuracy 0.582 (0.542)
Epoch: [0][530/539]	Batch Time 0.053 (0.059)	Data Load Time 0.000 (0.003)	Loss 0.9452 (1.0270)	Accuracy 0.543 (0.542)

DECAYING learning rate.
The new learning rate is 0.000500

epoch 0 val acc: 0.6016093953892997
Epoch: [1][0/539]	Batch Time 0.915 (0.915)	Data Load Time 0.856 (0.856)	Loss 0.8490 (0.8490)	Accuracy 0.660 (0.660)
Epoch: [1][10/539]	Batch Time 0.050 (0.130)	Data Load Time 0.001 (0.079)	Loss 0.8916 (0.8525)	Accuracy 0.609 (0.628)
Epoch: [1][20/539]	Batch Time 0.052 (0.093)	Data Load Time 0.001 (0.042)	Loss 0.8387 (0.8534)	Accuracy 0.684 (0.628)
Epoch: [1][30/539]	Batch Time 0.053 (0.080)	Data Load Time 0.001 (0.029)	Loss 0.8512 (0.8574)	Accuracy 0.605 (0.630)
Epoch: [1][40/539]	Batch Time 0.057 (0.074)	Data Load Time 0.001 (0.022)	Loss 0.8175 (0.8546)	Accuracy 0.652 (0.632)
Epoch: [1][50/539]	Batch Time 0.053 (0.070)	Data Load Time 0.001 (0.018)	Loss 0.8039 (0.8545)	Accuracy 0.668 (0.631)
Epoch: [1][60/539]	Batch Time 0.055 (0.068)	Data Load Time 0.001 (0.015)	Loss 0.8467 (0.8555)	Accuracy 0.652 (0.629)
Epoch: [1][70/539]	Batch Time 0.057 (0.066)	Data Load Time 0.001 (0.013)	Loss 0.8471 (0.8541)	Accuracy 0.621 (0.629)
Epoch: [1][80/539]	Batch Time 0.055 (0.065)	Data Load Time 0.001 (0.012)	Loss 0.8997 (0.8533)	Accuracy 0.562 (0.627)
Epoch: [1][90/539]	Batch Time 0.055 (0.064)	Data Load Time 0.001 (0.010)	Loss 0.8010 (0.8505)	Accuracy 0.633 (0.629)
Epoch: [1][100/539]	Batch Time 0.062 (0.063)	Data Load Time 0.001 (0.009)	Loss 0.9082 (0.8500)	Accuracy 0.582 (0.629)
Epoch: [1][110/539]	Batch Time 0.053 (0.062)	Data Load Time 0.001 (0.009)	Loss 0.8802 (0.8503)	Accuracy 0.641 (0.629)
Epoch: [1][120/539]	Batch Time 0.056 (0.062)	Data Load Time 0.001 (0.008)	Loss 0.8515 (0.8507)	Accuracy 0.648 (0.628)
Epoch: [1][130/539]	Batch Time 0.056 (0.061)	Data Load Time 0.001 (0.008)	Loss 0.9238 (0.8504)	Accuracy 0.582 (0.628)
Epoch: [1][140/539]	Batch Time 0.054 (0.061)	Data Load Time 0.001 (0.007)	Loss 0.7943 (0.8490)	Accuracy 0.680 (0.629)
Epoch: [1][150/539]	Batch Time 0.060 (0.061)	Data Load Time 0.001 (0.007)	Loss 0.8565 (0.8490)	Accuracy 0.648 (0.628)
Epoch: [1][160/539]	Batch Time 0.054 (0.061)	Data Load Time 0.001 (0.006)	Loss 0.8939 (0.8482)	Accuracy 0.562 (0.629)
Epoch: [1][170/539]	Batch Time 0.069 (0.060)	Data Load Time 0.001 (0.006)	Loss 0.8794 (0.8488)	Accuracy 0.594 (0.628)
Epoch: [1][180/539]	Batch Time 0.068 (0.061)	Data Load Time 0.001 (0.006)	Loss 0.9404 (0.8487)	Accuracy 0.594 (0.629)
Epoch: [1][190/539]	Batch Time 0.063 (0.061)	Data Load Time 0.001 (0.005)	Loss 0.8745 (0.8478)	Accuracy 0.637 (0.629)
Epoch: [1][200/539]	Batch Time 0.064 (0.061)	Data Load Time 0.001 (0.005)	Loss 0.8504 (0.8471)	Accuracy 0.652 (0.629)
Epoch: [1][210/539]	Batch Time 0.061 (0.061)	Data Load Time 0.001 (0.005)	Loss 0.8749 (0.8472)	Accuracy 0.621 (0.630)
Epoch: [1][220/539]	Batch Time 0.065 (0.061)	Data Load Time 0.001 (0.005)	Loss 0.8873 (0.8477)	Accuracy 0.625 (0.629)
Epoch: [1][230/539]	Batch Time 0.063 (0.061)	Data Load Time 0.001 (0.005)	Loss 0.8051 (0.8483)	Accuracy 0.605 (0.629)
Epoch: [1][240/539]	Batch Time 0.065 (0.062)	Data Load Time 0.001 (0.005)	Loss 0.8504 (0.8479)	Accuracy 0.613 (0.629)
Epoch: [1][250/539]	Batch Time 0.062 (0.062)	Data Load Time 0.001 (0.004)	Loss 0.7728 (0.8469)	Accuracy 0.660 (0.629)
Epoch: [1][260/539]	Batch Time 0.063 (0.062)	Data Load Time 0.001 (0.004)	Loss 0.8112 (0.8457)	Accuracy 0.668 (0.630)
Epoch: [1][270/539]	Batch Time 0.067 (0.062)	Data Load Time 0.001 (0.004)	Loss 0.7863 (0.8454)	Accuracy 0.680 (0.630)
Epoch: [1][280/539]	Batch Time 0.060 (0.062)	Data Load Time 0.001 (0.004)	Loss 0.7473 (0.8444)	Accuracy 0.641 (0.631)
Epoch: [1][290/539]	Batch Time 0.064 (0.062)	Data Load Time 0.001 (0.004)	Loss 0.8305 (0.8433)	Accuracy 0.602 (0.631)
Epoch: [1][300/539]	Batch Time 0.065 (0.062)	Data Load Time 0.001 (0.004)	Loss 0.8416 (0.8427)	Accuracy 0.598 (0.631)
Epoch: [1][310/539]	Batch Time 0.062 (0.062)	Data Load Time 0.001 (0.004)	Loss 0.8155 (0.8424)	Accuracy 0.637 (0.631)
Epoch: [1][320/539]	Batch Time 0.063 (0.062)	Data Load Time 0.001 (0.004)	Loss 0.8107 (0.8422)	Accuracy 0.605 (0.631)
Epoch: [1][330/539]	Batch Time 0.065 (0.062)	Data Load Time 0.001 (0.004)	Loss 0.8230 (0.8422)	Accuracy 0.648 (0.631)
Epoch: [1][340/539]	Batch Time 0.065 (0.062)	Data Load Time 0.001 (0.004)	Loss 0.8144 (0.8416)	Accuracy 0.578 (0.631)
Epoch: [1][350/539]	Batch Time 0.066 (0.062)	Data Load Time 0.001 (0.003)	Loss 0.9098 (0.8416)	Accuracy 0.637 (0.631)
Epoch: [1][360/539]	Batch Time 0.061 (0.062)	Data Load Time 0.001 (0.003)	Loss 0.8928 (0.8417)	Accuracy 0.602 (0.631)
Epoch: [1][370/539]	Batch Time 0.065 (0.062)	Data Load Time 0.001 (0.003)	Loss 0.9102 (0.8413)	Accuracy 0.574 (0.631)
Epoch: [1][380/539]	Batch Time 0.065 (0.063)	Data Load Time 0.001 (0.003)	Loss 0.8297 (0.8414)	Accuracy 0.617 (0.631)
Epoch: [1][390/539]	Batch Time 0.063 (0.063)	Data Load Time 0.001 (0.003)	Loss 0.9072 (0.8409)	Accuracy 0.578 (0.632)
Epoch: [1][400/539]	Batch Time 0.065 (0.063)	Data Load Time 0.001 (0.003)	Loss 0.7836 (0.8405)	Accuracy 0.707 (0.632)
Epoch: [1][410/539]	Batch Time 0.064 (0.063)	Data Load Time 0.001 (0.003)	Loss 0.9132 (0.8411)	Accuracy 0.586 (0.632)
Epoch: [1][420/539]	Batch Time 0.063 (0.063)	Data Load Time 0.001 (0.003)	Loss 0.8870 (0.8417)	Accuracy 0.625 (0.632)
Epoch: [1][430/539]	Batch Time 0.065 (0.063)	Data Load Time 0.001 (0.003)	Loss 0.7967 (0.8411)	Accuracy 0.629 (0.632)
Epoch: [1][440/539]	Batch Time 0.064 (0.063)	Data Load Time 0.001 (0.003)	Loss 0.8409 (0.8408)	Accuracy 0.594 (0.632)
Epoch: [1][450/539]	Batch Time 0.059 (0.063)	Data Load Time 0.001 (0.003)	Loss 0.8916 (0.8411)	Accuracy 0.605 (0.632)
Epoch: [1][460/539]	Batch Time 0.063 (0.063)	Data Load Time 0.001 (0.003)	Loss 0.9038 (0.8416)	Accuracy 0.566 (0.632)
Epoch: [1][470/539]	Batch Time 0.064 (0.063)	Data Load Time 0.001 (0.003)	Loss 0.8062 (0.8409)	Accuracy 0.641 (0.632)
Epoch: [1][480/539]	Batch Time 0.065 (0.063)	Data Load Time 0.001 (0.003)	Loss 0.8536 (0.8407)	Accuracy 0.637 (0.632)
Epoch: [1][490/539]	Batch Time 0.065 (0.063)	Data Load Time 0.001 (0.003)	Loss 0.7378 (0.8404)	Accuracy 0.684 (0.632)
Epoch: [1][500/539]	Batch Time 0.064 (0.063)	Data Load Time 0.001 (0.003)	Loss 0.8286 (0.8405)	Accuracy 0.648 (0.632)
Epoch: [1][510/539]	Batch Time 0.067 (0.063)	Data Load Time 0.001 (0.003)	Loss 0.7800 (0.8405)	Accuracy 0.668 (0.631)
Epoch: [1][520/539]	Batch Time 0.063 (0.063)	Data Load Time 0.001 (0.003)	Loss 0.8226 (0.8405)	Accuracy 0.668 (0.632)
Epoch: [1][530/539]	Batch Time 0.064 (0.063)	Data Load Time 0.000 (0.003)	Loss 0.8397 (0.8401)	Accuracy 0.621 (0.632)

DECAYING learning rate.
The new learning rate is 0.000250

epoch 1 val acc: 0.6091489053211542
Epoch: [2][0/539]	Batch Time 0.972 (0.972)	Data Load Time 0.909 (0.909)	Loss 0.7448 (0.7448)	Accuracy 0.680 (0.680)
Epoch: [2][10/539]	Batch Time 0.055 (0.142)	Data Load Time 0.001 (0.084)	Loss 0.8006 (0.7772)	Accuracy 0.637 (0.661)
Epoch: [2][20/539]	Batch Time 0.052 (0.100)	Data Load Time 0.001 (0.044)	Loss 0.6740 (0.7721)	Accuracy 0.723 (0.670)
Epoch: [2][30/539]	Batch Time 0.059 (0.086)	Data Load Time 0.001 (0.030)	Loss 0.7979 (0.7732)	Accuracy 0.668 (0.667)
Epoch: [2][40/539]	Batch Time 0.063 (0.080)	Data Load Time 0.001 (0.023)	Loss 0.8200 (0.7652)	Accuracy 0.645 (0.672)
Epoch: [2][50/539]	Batch Time 0.057 (0.076)	Data Load Time 0.001 (0.019)	Loss 0.7392 (0.7694)	Accuracy 0.656 (0.669)
Epoch: [2][60/539]	Batch Time 0.058 (0.073)	Data Load Time 0.001 (0.016)	Loss 0.7800 (0.7725)	Accuracy 0.648 (0.667)
Epoch: [2][70/539]	Batch Time 0.058 (0.071)	Data Load Time 0.001 (0.014)	Loss 0.7865 (0.7724)	Accuracy 0.637 (0.668)
Epoch: [2][80/539]	Batch Time 0.058 (0.069)	Data Load Time 0.001 (0.012)	Loss 0.7551 (0.7728)	Accuracy 0.684 (0.667)
Epoch: [2][90/539]	Batch Time 0.061 (0.068)	Data Load Time 0.001 (0.011)	Loss 0.7437 (0.7722)	Accuracy 0.699 (0.667)
Epoch: [2][100/539]	Batch Time 0.060 (0.067)	Data Load Time 0.001 (0.010)	Loss 0.8344 (0.7742)	Accuracy 0.641 (0.666)
Epoch: [2][110/539]	Batch Time 0.056 (0.066)	Data Load Time 0.001 (0.009)	Loss 0.8381 (0.7752)	Accuracy 0.652 (0.665)
Epoch: [2][120/539]	Batch Time 0.049 (0.065)	Data Load Time 0.001 (0.008)	Loss 0.7326 (0.7759)	Accuracy 0.711 (0.666)
Epoch: [2][130/539]	Batch Time 0.062 (0.064)	Data Load Time 0.001 (0.008)	Loss 0.7624 (0.7756)	Accuracy 0.660 (0.665)
Epoch: [2][140/539]	Batch Time 0.061 (0.064)	Data Load Time 0.001 (0.007)	Loss 0.7684 (0.7751)	Accuracy 0.684 (0.665)
Epoch: [2][150/539]	Batch Time 0.068 (0.064)	Data Load Time 0.001 (0.007)	Loss 0.7602 (0.7745)	Accuracy 0.680 (0.666)
Epoch: [2][160/539]	Batch Time 0.065 (0.064)	Data Load Time 0.001 (0.007)	Loss 0.6809 (0.7743)	Accuracy 0.684 (0.666)
Epoch: [2][170/539]	Batch Time 0.064 (0.064)	Data Load Time 0.001 (0.006)	Loss 0.9287 (0.7745)	Accuracy 0.637 (0.665)
Epoch: [2][180/539]	Batch Time 0.068 (0.064)	Data Load Time 0.001 (0.006)	Loss 0.7193 (0.7734)	Accuracy 0.652 (0.666)
Epoch: [2][190/539]	Batch Time 0.059 (0.064)	Data Load Time 0.001 (0.006)	Loss 0.8006 (0.7739)	Accuracy 0.652 (0.665)
Epoch: [2][200/539]	Batch Time 0.061 (0.064)	Data Load Time 0.001 (0.005)	Loss 0.8216 (0.7736)	Accuracy 0.680 (0.666)
Epoch: [2][210/539]	Batch Time 0.064 (0.064)	Data Load Time 0.001 (0.005)	Loss 0.8196 (0.7731)	Accuracy 0.637 (0.666)
Epoch: [2][220/539]	Batch Time 0.062 (0.064)	Data Load Time 0.001 (0.005)	Loss 0.7213 (0.7730)	Accuracy 0.723 (0.666)
Epoch: [2][230/539]	Batch Time 0.062 (0.064)	Data Load Time 0.001 (0.005)	Loss 0.7429 (0.7726)	Accuracy 0.691 (0.667)
Epoch: [2][240/539]	Batch Time 0.065 (0.064)	Data Load Time 0.001 (0.005)	Loss 0.6880 (0.7717)	Accuracy 0.734 (0.668)
Epoch: [2][250/539]	Batch Time 0.066 (0.064)	Data Load Time 0.001 (0.005)	Loss 0.8047 (0.7716)	Accuracy 0.680 (0.668)
Epoch: [2][260/539]	Batch Time 0.065 (0.064)	Data Load Time 0.001 (0.004)	Loss 0.7440 (0.7709)	Accuracy 0.664 (0.669)
Epoch: [2][270/539]	Batch Time 0.066 (0.064)	Data Load Time 0.001 (0.004)	Loss 0.8287 (0.7717)	Accuracy 0.609 (0.668)
Epoch: [2][280/539]	Batch Time 0.065 (0.064)	Data Load Time 0.001 (0.004)	Loss 0.7459 (0.7723)	Accuracy 0.672 (0.667)
Epoch: [2][290/539]	Batch Time 0.064 (0.064)	Data Load Time 0.001 (0.004)	Loss 0.7978 (0.7731)	Accuracy 0.652 (0.667)
Epoch: [2][300/539]	Batch Time 0.063 (0.064)	Data Load Time 0.001 (0.004)	Loss 0.7560 (0.7729)	Accuracy 0.688 (0.667)
Epoch: [2][310/539]	Batch Time 0.065 (0.064)	Data Load Time 0.001 (0.004)	Loss 0.7382 (0.7725)	Accuracy 0.664 (0.667)
Epoch: [2][320/539]	Batch Time 0.065 (0.064)	Data Load Time 0.001 (0.004)	Loss 0.7641 (0.7729)	Accuracy 0.688 (0.667)
Epoch: [2][330/539]	Batch Time 0.064 (0.064)	Data Load Time 0.001 (0.004)	Loss 0.7679 (0.7719)	Accuracy 0.633 (0.668)
Epoch: [2][340/539]	Batch Time 0.065 (0.064)	Data Load Time 0.001 (0.004)	Loss 0.7758 (0.7720)	Accuracy 0.652 (0.668)
Epoch: [2][350/539]	Batch Time 0.082 (0.064)	Data Load Time 0.001 (0.004)	Loss 0.7675 (0.7728)	Accuracy 0.664 (0.667)
Epoch: [2][360/539]	Batch Time 0.064 (0.065)	Data Load Time 0.000 (0.003)	Loss 0.8291 (0.7734)	Accuracy 0.633 (0.667)
Epoch: [2][370/539]	Batch Time 0.061 (0.065)	Data Load Time 0.001 (0.003)	Loss 0.8188 (0.7741)	Accuracy 0.648 (0.666)
Epoch: [2][380/539]	Batch Time 0.063 (0.065)	Data Load Time 0.001 (0.003)	Loss 0.7788 (0.7738)	Accuracy 0.664 (0.667)
Epoch: [2][390/539]	Batch Time 0.067 (0.065)	Data Load Time 0.001 (0.003)	Loss 0.8323 (0.7744)	Accuracy 0.625 (0.667)
Epoch: [2][400/539]	Batch Time 0.067 (0.065)	Data Load Time 0.001 (0.003)	Loss 0.7824 (0.7744)	Accuracy 0.672 (0.667)
Epoch: [2][410/539]	Batch Time 0.061 (0.065)	Data Load Time 0.001 (0.003)	Loss 0.7788 (0.7742)	Accuracy 0.633 (0.667)
Epoch: [2][420/539]	Batch Time 0.061 (0.065)	Data Load Time 0.001 (0.003)	Loss 0.7225 (0.7744)	Accuracy 0.684 (0.667)
Epoch: [2][430/539]	Batch Time 0.058 (0.065)	Data Load Time 0.001 (0.003)	Loss 0.7791 (0.7744)	Accuracy 0.637 (0.666)
Epoch: [2][440/539]	Batch Time 0.063 (0.065)	Data Load Time 0.001 (0.003)	Loss 0.7366 (0.7742)	Accuracy 0.684 (0.667)
Epoch: [2][450/539]	Batch Time 0.064 (0.065)	Data Load Time 0.001 (0.003)	Loss 0.8277 (0.7741)	Accuracy 0.629 (0.667)
Epoch: [2][460/539]	Batch Time 0.060 (0.064)	Data Load Time 0.001 (0.003)	Loss 0.7929 (0.7741)	Accuracy 0.645 (0.667)
Epoch: [2][470/539]	Batch Time 0.063 (0.064)	Data Load Time 0.001 (0.003)	Loss 0.8292 (0.7743)	Accuracy 0.613 (0.666)
Epoch: [2][480/539]	Batch Time 0.057 (0.064)	Data Load Time 0.001 (0.003)	Loss 0.7346 (0.7745)	Accuracy 0.660 (0.666)
Epoch: [2][490/539]	Batch Time 0.063 (0.064)	Data Load Time 0.001 (0.003)	Loss 0.8067 (0.7745)	Accuracy 0.625 (0.666)
Epoch: [2][500/539]	Batch Time 0.067 (0.064)	Data Load Time 0.001 (0.003)	Loss 0.7847 (0.7745)	Accuracy 0.648 (0.666)
Epoch: [2][510/539]	Batch Time 0.065 (0.064)	Data Load Time 0.001 (0.003)	Loss 0.7291 (0.7746)	Accuracy 0.652 (0.666)
Epoch: [2][520/539]	Batch Time 0.069 (0.064)	Data Load Time 0.001 (0.003)	Loss 0.7613 (0.7748)	Accuracy 0.668 (0.666)
Epoch: [2][530/539]	Batch Time 0.058 (0.064)	Data Load Time 0.000 (0.003)	Loss 0.7736 (0.7755)	Accuracy 0.668 (0.666)

DECAYING learning rate.
The new learning rate is 0.000125

epoch 2 val acc: 0.6068580542264753
Epoch: [3][0/539]	Batch Time 0.963 (0.963)	Data Load Time 0.898 (0.898)	Loss 0.7425 (0.7425)	Accuracy 0.676 (0.676)
Epoch: [3][10/539]	Batch Time 0.065 (0.147)	Data Load Time 0.001 (0.083)	Loss 0.7569 (0.7514)	Accuracy 0.703 (0.679)
Epoch: [3][20/539]	Batch Time 0.065 (0.108)	Data Load Time 0.001 (0.044)	Loss 0.7078 (0.7375)	Accuracy 0.715 (0.686)
Epoch: [3][30/539]	Batch Time 0.064 (0.094)	Data Load Time 0.001 (0.030)	Loss 0.7504 (0.7374)	Accuracy 0.699 (0.688)
Epoch: [3][40/539]	Batch Time 0.057 (0.087)	Data Load Time 0.001 (0.023)	Loss 0.7603 (0.7363)	Accuracy 0.652 (0.689)
Epoch: [3][50/539]	Batch Time 0.058 (0.081)	Data Load Time 0.001 (0.019)	Loss 0.7145 (0.7355)	Accuracy 0.715 (0.691)
Epoch: [3][60/539]	Batch Time 0.058 (0.077)	Data Load Time 0.001 (0.016)	Loss 0.7416 (0.7353)	Accuracy 0.680 (0.689)
Epoch: [3][70/539]	Batch Time 0.053 (0.074)	Data Load Time 0.001 (0.014)	Loss 0.7283 (0.7350)	Accuracy 0.691 (0.689)
Epoch: [3][80/539]	Batch Time 0.054 (0.072)	Data Load Time 0.001 (0.012)	Loss 0.7515 (0.7339)	Accuracy 0.699 (0.689)
Epoch: [3][90/539]	Batch Time 0.063 (0.071)	Data Load Time 0.001 (0.011)	Loss 0.8002 (0.7335)	Accuracy 0.668 (0.688)
Epoch: [3][100/539]	Batch Time 0.058 (0.070)	Data Load Time 0.001 (0.010)	Loss 0.6594 (0.7331)	Accuracy 0.707 (0.688)
Epoch: [3][110/539]	Batch Time 0.068 (0.070)	Data Load Time 0.001 (0.009)	Loss 0.7439 (0.7343)	Accuracy 0.695 (0.688)
Epoch: [3][120/539]	Batch Time 0.064 (0.069)	Data Load Time 0.001 (0.009)	Loss 0.7360 (0.7340)	Accuracy 0.676 (0.688)
Epoch: [3][130/539]	Batch Time 0.056 (0.068)	Data Load Time 0.001 (0.008)	Loss 0.7179 (0.7323)	Accuracy 0.695 (0.689)
Epoch: [3][140/539]	Batch Time 0.060 (0.068)	Data Load Time 0.001 (0.007)	Loss 0.7111 (0.7315)	Accuracy 0.660 (0.689)
Epoch: [3][150/539]	Batch Time 0.059 (0.067)	Data Load Time 0.001 (0.007)	Loss 0.7247 (0.7313)	Accuracy 0.711 (0.688)
Epoch: [3][160/539]	Batch Time 0.063 (0.067)	Data Load Time 0.001 (0.007)	Loss 0.7750 (0.7327)	Accuracy 0.645 (0.687)
Epoch: [3][170/539]	Batch Time 0.055 (0.066)	Data Load Time 0.001 (0.006)	Loss 0.7180 (0.7323)	Accuracy 0.695 (0.687)
Epoch: [3][180/539]	Batch Time 0.057 (0.066)	Data Load Time 0.001 (0.006)	Loss 0.7193 (0.7322)	Accuracy 0.703 (0.687)
Epoch: [3][190/539]	Batch Time 0.055 (0.065)	Data Load Time 0.001 (0.006)	Loss 0.7493 (0.7322)	Accuracy 0.648 (0.688)
Epoch: [3][200/539]	Batch Time 0.062 (0.065)	Data Load Time 0.001 (0.006)	Loss 0.7651 (0.7332)	Accuracy 0.656 (0.687)
Epoch: [3][210/539]	Batch Time 0.064 (0.065)	Data Load Time 0.001 (0.005)	Loss 0.7478 (0.7326)	Accuracy 0.680 (0.688)
Epoch: [3][220/539]	Batch Time 0.065 (0.065)	Data Load Time 0.001 (0.005)	Loss 0.7014 (0.7333)	Accuracy 0.676 (0.687)
Epoch: [3][230/539]	Batch Time 0.077 (0.065)	Data Load Time 0.001 (0.005)	Loss 0.7181 (0.7330)	Accuracy 0.695 (0.688)
Epoch: [3][240/539]	Batch Time 0.062 (0.065)	Data Load Time 0.001 (0.005)	Loss 0.7404 (0.7323)	Accuracy 0.672 (0.688)
Epoch: [3][250/539]	Batch Time 0.064 (0.065)	Data Load Time 0.001 (0.005)	Loss 0.7133 (0.7317)	Accuracy 0.699 (0.688)
Epoch: [3][260/539]	Batch Time 0.062 (0.065)	Data Load Time 0.001 (0.005)	Loss 0.7928 (0.7330)	Accuracy 0.660 (0.687)
Epoch: [3][270/539]	Batch Time 0.063 (0.065)	Data Load Time 0.001 (0.004)	Loss 0.6262 (0.7334)	Accuracy 0.738 (0.687)
Epoch: [3][280/539]	Batch Time 0.065 (0.065)	Data Load Time 0.001 (0.004)	Loss 0.6739 (0.7337)	Accuracy 0.723 (0.687)
Epoch: [3][290/539]	Batch Time 0.060 (0.065)	Data Load Time 0.001 (0.004)	Loss 0.6800 (0.7334)	Accuracy 0.707 (0.687)
Epoch: [3][300/539]	Batch Time 0.061 (0.065)	Data Load Time 0.001 (0.004)	Loss 0.6851 (0.7333)	Accuracy 0.707 (0.688)
Epoch: [3][310/539]	Batch Time 0.060 (0.065)	Data Load Time 0.001 (0.004)	Loss 0.7451 (0.7328)	Accuracy 0.711 (0.688)
Epoch: [3][320/539]	Batch Time 0.065 (0.065)	Data Load Time 0.001 (0.004)	Loss 0.7561 (0.7329)	Accuracy 0.699 (0.687)
Epoch: [3][330/539]	Batch Time 0.065 (0.065)	Data Load Time 0.001 (0.004)	Loss 0.7433 (0.7335)	Accuracy 0.656 (0.687)
Epoch: [3][340/539]	Batch Time 0.062 (0.065)	Data Load Time 0.001 (0.004)	Loss 0.6687 (0.7335)	Accuracy 0.711 (0.687)
Epoch: [3][350/539]	Batch Time 0.061 (0.065)	Data Load Time 0.001 (0.004)	Loss 0.7583 (0.7345)	Accuracy 0.684 (0.687)
Epoch: [3][360/539]	Batch Time 0.064 (0.064)	Data Load Time 0.001 (0.004)	Loss 0.7157 (0.7350)	Accuracy 0.684 (0.686)
Epoch: [3][370/539]	Batch Time 0.069 (0.064)	Data Load Time 0.001 (0.004)	Loss 0.7671 (0.7357)	Accuracy 0.672 (0.686)
Epoch: [3][380/539]	Batch Time 0.061 (0.064)	Data Load Time 0.001 (0.003)	Loss 0.8180 (0.7361)	Accuracy 0.613 (0.686)
Epoch: [3][390/539]	Batch Time 0.064 (0.064)	Data Load Time 0.001 (0.003)	Loss 0.7688 (0.7357)	Accuracy 0.625 (0.686)
Epoch: [3][400/539]	Batch Time 0.061 (0.064)	Data Load Time 0.001 (0.003)	Loss 0.7884 (0.7358)	Accuracy 0.680 (0.686)
Epoch: [3][410/539]	Batch Time 0.064 (0.064)	Data Load Time 0.001 (0.003)	Loss 0.6820 (0.7352)	Accuracy 0.730 (0.686)
Epoch: [3][420/539]	Batch Time 0.062 (0.064)	Data Load Time 0.001 (0.003)	Loss 0.6898 (0.7346)	Accuracy 0.746 (0.687)
Epoch: [3][430/539]	Batch Time 0.066 (0.064)	Data Load Time 0.001 (0.003)	Loss 0.6944 (0.7349)	Accuracy 0.703 (0.686)
Epoch: [3][440/539]	Batch Time 0.064 (0.064)	Data Load Time 0.001 (0.003)	Loss 0.7239 (0.7347)	Accuracy 0.699 (0.687)
Epoch: [3][450/539]	Batch Time 0.060 (0.064)	Data Load Time 0.001 (0.003)	Loss 0.7575 (0.7345)	Accuracy 0.688 (0.687)
Epoch: [3][460/539]	Batch Time 0.063 (0.064)	Data Load Time 0.001 (0.003)	Loss 0.6414 (0.7343)	Accuracy 0.742 (0.687)
Epoch: [3][470/539]	Batch Time 0.063 (0.064)	Data Load Time 0.001 (0.003)	Loss 0.6584 (0.7343)	Accuracy 0.699 (0.687)
Epoch: [3][480/539]	Batch Time 0.062 (0.064)	Data Load Time 0.001 (0.003)	Loss 0.8118 (0.7345)	Accuracy 0.621 (0.687)
Epoch: [3][490/539]	Batch Time 0.066 (0.064)	Data Load Time 0.001 (0.003)	Loss 0.7156 (0.7346)	Accuracy 0.699 (0.687)
Epoch: [3][500/539]	Batch Time 0.066 (0.064)	Data Load Time 0.001 (0.003)	Loss 0.7073 (0.7343)	Accuracy 0.727 (0.687)
Epoch: [3][510/539]	Batch Time 0.065 (0.064)	Data Load Time 0.001 (0.003)	Loss 0.7024 (0.7343)	Accuracy 0.711 (0.687)
Epoch: [3][520/539]	Batch Time 0.062 (0.064)	Data Load Time 0.001 (0.003)	Loss 0.7172 (0.7340)	Accuracy 0.688 (0.687)
Epoch: [3][530/539]	Batch Time 0.062 (0.064)	Data Load Time 0.000 (0.003)	Loss 0.7917 (0.7342)	Accuracy 0.648 (0.687)

DECAYING learning rate.
The new learning rate is 0.000063

epoch 3 val acc: 0.6027548209366391
Epoch: [4][0/539]	Batch Time 0.930 (0.930)	Data Load Time 0.867 (0.867)	Loss 0.7257 (0.7257)	Accuracy 0.668 (0.668)
Epoch: [4][10/539]	Batch Time 0.074 (0.146)	Data Load Time 0.000 (0.079)	Loss 0.6559 (0.7167)	Accuracy 0.762 (0.688)
Epoch: [4][20/539]	Batch Time 0.060 (0.106)	Data Load Time 0.001 (0.042)	Loss 0.7806 (0.7277)	Accuracy 0.676 (0.690)
Epoch: [4][30/539]	Batch Time 0.076 (0.094)	Data Load Time 0.001 (0.029)	Loss 0.6772 (0.7129)	Accuracy 0.703 (0.697)
Epoch: [4][40/539]	Batch Time 0.086 (0.089)	Data Load Time 0.001 (0.022)	Loss 0.6233 (0.7071)	Accuracy 0.734 (0.702)
Epoch: [4][50/539]	Batch Time 0.076 (0.087)	Data Load Time 0.001 (0.018)	Loss 0.6901 (0.7075)	Accuracy 0.703 (0.702)
Epoch: [4][60/539]	Batch Time 0.057 (0.085)	Data Load Time 0.001 (0.015)	Loss 0.6791 (0.7107)	Accuracy 0.727 (0.700)
Epoch: [4][70/539]	Batch Time 0.075 (0.082)	Data Load Time 0.001 (0.013)	Loss 0.7482 (0.7121)	Accuracy 0.688 (0.699)
Epoch: [4][80/539]	Batch Time 0.080 (0.081)	Data Load Time 0.001 (0.012)	Loss 0.7332 (0.7099)	Accuracy 0.730 (0.701)
Epoch: [4][90/539]	Batch Time 0.067 (0.080)	Data Load Time 0.001 (0.010)	Loss 0.7316 (0.7112)	Accuracy 0.707 (0.701)
Epoch: [4][100/539]	Batch Time 0.072 (0.080)	Data Load Time 0.001 (0.009)	Loss 0.7289 (0.7103)	Accuracy 0.699 (0.700)
Epoch: [4][110/539]	Batch Time 0.081 (0.079)	Data Load Time 0.001 (0.009)	Loss 0.6177 (0.7075)	Accuracy 0.738 (0.702)
Epoch: [4][120/539]	Batch Time 0.062 (0.079)	Data Load Time 0.001 (0.008)	Loss 0.6836 (0.7068)	Accuracy 0.730 (0.703)
Epoch: [4][130/539]	Batch Time 0.072 (0.078)	Data Load Time 0.001 (0.008)	Loss 0.6960 (0.7070)	Accuracy 0.703 (0.702)
Epoch: [4][140/539]	Batch Time 0.079 (0.078)	Data Load Time 0.001 (0.007)	Loss 0.6954 (0.7074)	Accuracy 0.699 (0.702)
Epoch: [4][150/539]	Batch Time 0.069 (0.078)	Data Load Time 0.001 (0.007)	Loss 0.8374 (0.7087)	Accuracy 0.672 (0.701)
Epoch: [4][160/539]	Batch Time 0.083 (0.077)	Data Load Time 0.001 (0.006)	Loss 0.7004 (0.7084)	Accuracy 0.695 (0.700)
Epoch: [4][170/539]	Batch Time 0.055 (0.077)	Data Load Time 0.001 (0.006)	Loss 0.6655 (0.7096)	Accuracy 0.711 (0.700)
Epoch: [4][180/539]	Batch Time 0.077 (0.076)	Data Load Time 0.001 (0.006)	Loss 0.6899 (0.7088)	Accuracy 0.719 (0.700)
Epoch: [4][190/539]	Batch Time 0.083 (0.076)	Data Load Time 0.001 (0.005)	Loss 0.6606 (0.7081)	Accuracy 0.730 (0.700)
Epoch: [4][200/539]	Batch Time 0.089 (0.076)	Data Load Time 0.001 (0.005)	Loss 0.7668 (0.7078)	Accuracy 0.707 (0.699)
Epoch: [4][210/539]	Batch Time 0.066 (0.076)	Data Load Time 0.001 (0.005)	Loss 0.6679 (0.7078)	Accuracy 0.691 (0.700)
Epoch: [4][220/539]	Batch Time 0.070 (0.076)	Data Load Time 0.001 (0.005)	Loss 0.7077 (0.7076)	Accuracy 0.703 (0.699)
Epoch: [4][230/539]	Batch Time 0.091 (0.077)	Data Load Time 0.001 (0.005)	Loss 0.7163 (0.7081)	Accuracy 0.703 (0.699)
Epoch: [4][240/539]	Batch Time 0.067 (0.077)	Data Load Time 0.001 (0.005)	Loss 0.6681 (0.7079)	Accuracy 0.742 (0.700)
Epoch: [4][250/539]	Batch Time 0.078 (0.077)	Data Load Time 0.001 (0.004)	Loss 0.6998 (0.7080)	Accuracy 0.734 (0.700)
Epoch: [4][260/539]	Batch Time 0.091 (0.077)	Data Load Time 0.001 (0.004)	Loss 0.6929 (0.7080)	Accuracy 0.668 (0.701)
Epoch: [4][270/539]	Batch Time 0.066 (0.077)	Data Load Time 0.001 (0.004)	Loss 0.7202 (0.7075)	Accuracy 0.680 (0.701)
Epoch: [4][280/539]	Batch Time 0.081 (0.077)	Data Load Time 0.001 (0.004)	Loss 0.6825 (0.7079)	Accuracy 0.723 (0.701)
Epoch: [4][290/539]	Batch Time 0.090 (0.077)	Data Load Time 0.001 (0.004)	Loss 0.6496 (0.7084)	Accuracy 0.738 (0.701)
Epoch: [4][300/539]	Batch Time 0.067 (0.077)	Data Load Time 0.001 (0.004)	Loss 0.7480 (0.7082)	Accuracy 0.660 (0.701)
Epoch: [4][310/539]	Batch Time 0.078 (0.077)	Data Load Time 0.001 (0.004)	Loss 0.7707 (0.7087)	Accuracy 0.652 (0.701)
Epoch: [4][320/539]	Batch Time 0.088 (0.077)	Data Load Time 0.001 (0.004)	Loss 0.6545 (0.7086)	Accuracy 0.711 (0.701)
Epoch: [4][330/539]	Batch Time 0.069 (0.077)	Data Load Time 0.001 (0.004)	Loss 0.7035 (0.7082)	Accuracy 0.703 (0.701)
Epoch: [4][340/539]	Batch Time 0.077 (0.077)	Data Load Time 0.001 (0.004)	Loss 0.7656 (0.7089)	Accuracy 0.688 (0.701)
Epoch: [4][350/539]	Batch Time 0.087 (0.077)	Data Load Time 0.001 (0.004)	Loss 0.7256 (0.7092)	Accuracy 0.684 (0.701)
Epoch: [4][360/539]	Batch Time 0.080 (0.077)	Data Load Time 0.001 (0.003)	Loss 0.7443 (0.7100)	Accuracy 0.660 (0.700)
Epoch: [4][370/539]	Batch Time 0.080 (0.077)	Data Load Time 0.001 (0.003)	Loss 0.8262 (0.7107)	Accuracy 0.633 (0.700)
Epoch: [4][380/539]	Batch Time 0.065 (0.077)	Data Load Time 0.001 (0.003)	Loss 0.6901 (0.7107)	Accuracy 0.695 (0.700)
Epoch: [4][390/539]	Batch Time 0.070 (0.077)	Data Load Time 0.001 (0.003)	Loss 0.7716 (0.7114)	Accuracy 0.660 (0.700)
Epoch: [4][400/539]	Batch Time 0.077 (0.077)	Data Load Time 0.001 (0.003)	Loss 0.7212 (0.7111)	Accuracy 0.711 (0.700)
Epoch: [4][410/539]	Batch Time 0.076 (0.077)	Data Load Time 0.001 (0.003)	Loss 0.7482 (0.7109)	Accuracy 0.715 (0.700)
Epoch: [4][420/539]	Batch Time 0.067 (0.077)	Data Load Time 0.001 (0.003)	Loss 0.7924 (0.7110)	Accuracy 0.672 (0.700)
Epoch: [4][430/539]	Batch Time 0.077 (0.077)	Data Load Time 0.001 (0.003)	Loss 0.6584 (0.7111)	Accuracy 0.742 (0.700)
Epoch: [4][440/539]	Batch Time 0.078 (0.077)	Data Load Time 0.001 (0.003)	Loss 0.7042 (0.7112)	Accuracy 0.648 (0.700)
Epoch: [4][450/539]	Batch Time 0.087 (0.078)	Data Load Time 0.001 (0.003)	Loss 0.7950 (0.7118)	Accuracy 0.684 (0.700)
Epoch: [4][460/539]	Batch Time 0.069 (0.078)	Data Load Time 0.001 (0.003)	Loss 0.7217 (0.7116)	Accuracy 0.715 (0.700)
Epoch: [4][470/539]	Batch Time 0.091 (0.078)	Data Load Time 0.001 (0.003)	Loss 0.7097 (0.7114)	Accuracy 0.715 (0.700)
Epoch: [4][480/539]	Batch Time 0.068 (0.078)	Data Load Time 0.001 (0.003)	Loss 0.7152 (0.7108)	Accuracy 0.668 (0.700)
Epoch: [4][490/539]	Batch Time 0.068 (0.078)	Data Load Time 0.001 (0.003)	Loss 0.7008 (0.7112)	Accuracy 0.703 (0.700)
Epoch: [4][500/539]	Batch Time 0.068 (0.078)	Data Load Time 0.001 (0.003)	Loss 0.7432 (0.7114)	Accuracy 0.691 (0.700)
Epoch: [4][510/539]	Batch Time 0.077 (0.078)	Data Load Time 0.001 (0.003)	Loss 0.5602 (0.7111)	Accuracy 0.766 (0.700)
Epoch: [4][520/539]	Batch Time 0.095 (0.078)	Data Load Time 0.001 (0.003)	Loss 0.7398 (0.7113)	Accuracy 0.703 (0.700)
Epoch: [4][530/539]	Batch Time 0.085 (0.078)	Data Load Time 0.000 (0.003)	Loss 0.7134 (0.7118)	Accuracy 0.680 (0.700)

DECAYING learning rate.
The new learning rate is 0.000031

epoch 4 val acc: 0.6006524575902566
Epoch: [5][0/539]	Batch Time 0.989 (0.989)	Data Load Time 0.914 (0.914)	Loss 0.6364 (0.6364)	Accuracy 0.715 (0.715)
Epoch: [5][10/539]	Batch Time 0.067 (0.159)	Data Load Time 0.001 (0.084)	Loss 0.6624 (0.6797)	Accuracy 0.699 (0.708)
Epoch: [5][20/539]	Batch Time 0.066 (0.118)	Data Load Time 0.001 (0.045)	Loss 0.7157 (0.6872)	Accuracy 0.703 (0.709)
Epoch: [5][30/539]	Batch Time 0.059 (0.103)	Data Load Time 0.001 (0.031)	Loss 0.6743 (0.6959)	Accuracy 0.707 (0.702)
Epoch: [5][40/539]	Batch Time 0.058 (0.092)	Data Load Time 0.001 (0.023)	Loss 0.7765 (0.7020)	Accuracy 0.668 (0.703)
Epoch: [5][50/539]	Batch Time 0.075 (0.088)	Data Load Time 0.001 (0.019)	Loss 0.6742 (0.7014)	Accuracy 0.703 (0.701)
Epoch: [5][60/539]	Batch Time 0.068 (0.085)	Data Load Time 0.001 (0.016)	Loss 0.7446 (0.7015)	Accuracy 0.719 (0.703)
Epoch: [5][70/539]	Batch Time 0.077 (0.083)	Data Load Time 0.001 (0.014)	Loss 0.7483 (0.7014)	Accuracy 0.668 (0.702)
Epoch: [5][80/539]	Batch Time 0.073 (0.082)	Data Load Time 0.001 (0.012)	Loss 0.6459 (0.7006)	Accuracy 0.727 (0.703)
Epoch: [5][90/539]	Batch Time 0.069 (0.080)	Data Load Time 0.001 (0.011)	Loss 0.7056 (0.7006)	Accuracy 0.703 (0.704)
Epoch: [5][100/539]	Batch Time 0.070 (0.079)	Data Load Time 0.001 (0.010)	Loss 0.6206 (0.6996)	Accuracy 0.715 (0.705)
Epoch: [5][110/539]	Batch Time 0.078 (0.078)	Data Load Time 0.001 (0.009)	Loss 0.7407 (0.6985)	Accuracy 0.652 (0.705)
Epoch: [5][120/539]	Batch Time 0.066 (0.078)	Data Load Time 0.001 (0.009)	Loss 0.7398 (0.6974)	Accuracy 0.680 (0.706)
Epoch: [5][130/539]	Batch Time 0.061 (0.077)	Data Load Time 0.001 (0.008)	Loss 0.7326 (0.6981)	Accuracy 0.691 (0.705)
Epoch: [5][140/539]	Batch Time 0.056 (0.075)	Data Load Time 0.001 (0.007)	Loss 0.7461 (0.6985)	Accuracy 0.684 (0.705)
Epoch: [5][150/539]	Batch Time 0.062 (0.074)	Data Load Time 0.001 (0.007)	Loss 0.6733 (0.6988)	Accuracy 0.719 (0.706)
Epoch: [5][160/539]	Batch Time 0.081 (0.075)	Data Load Time 0.001 (0.007)	Loss 0.7097 (0.7020)	Accuracy 0.711 (0.703)
Epoch: [5][170/539]	Batch Time 0.071 (0.075)	Data Load Time 0.001 (0.006)	Loss 0.6454 (0.6999)	Accuracy 0.742 (0.704)
Epoch: [5][180/539]	Batch Time 0.087 (0.076)	Data Load Time 0.001 (0.006)	Loss 0.6995 (0.7003)	Accuracy 0.711 (0.705)
Epoch: [5][190/539]	Batch Time 0.068 (0.076)	Data Load Time 0.001 (0.006)	Loss 0.7290 (0.6989)	Accuracy 0.711 (0.705)
Epoch: [5][200/539]	Batch Time 0.081 (0.076)	Data Load Time 0.001 (0.006)	Loss 0.7229 (0.6990)	Accuracy 0.711 (0.705)
Epoch: [5][210/539]	Batch Time 0.092 (0.077)	Data Load Time 0.001 (0.005)	Loss 0.7410 (0.6987)	Accuracy 0.676 (0.705)
Epoch: [5][220/539]	Batch Time 0.090 (0.077)	Data Load Time 0.001 (0.005)	Loss 0.6782 (0.6988)	Accuracy 0.711 (0.705)
Epoch: [5][230/539]	Batch Time 0.085 (0.077)	Data Load Time 0.001 (0.005)	Loss 0.6611 (0.6994)	Accuracy 0.676 (0.705)
Epoch: [5][240/539]	Batch Time 0.081 (0.077)	Data Load Time 0.001 (0.005)	Loss 0.7036 (0.7002)	Accuracy 0.680 (0.704)
Epoch: [5][250/539]	Batch Time 0.089 (0.077)	Data Load Time 0.001 (0.005)	Loss 0.7273 (0.7013)	Accuracy 0.684 (0.704)
Epoch: [5][260/539]	Batch Time 0.087 (0.077)	Data Load Time 0.001 (0.005)	Loss 0.6356 (0.7016)	Accuracy 0.746 (0.704)
Epoch: [5][270/539]	Batch Time 0.069 (0.077)	Data Load Time 0.001 (0.004)	Loss 0.7357 (0.7007)	Accuracy 0.703 (0.705)
Epoch: [5][280/539]	Batch Time 0.099 (0.078)	Data Load Time 0.001 (0.004)	Loss 0.7665 (0.7001)	Accuracy 0.680 (0.705)
Epoch: [5][290/539]	Batch Time 0.089 (0.078)	Data Load Time 0.001 (0.004)	Loss 0.6812 (0.7002)	Accuracy 0.707 (0.705)
Epoch: [5][300/539]	Batch Time 0.078 (0.078)	Data Load Time 0.001 (0.004)	Loss 0.6302 (0.6999)	Accuracy 0.746 (0.705)
Epoch: [5][310/539]	Batch Time 0.077 (0.078)	Data Load Time 0.001 (0.004)	Loss 0.6589 (0.6989)	Accuracy 0.723 (0.705)
Epoch: [5][320/539]	Batch Time 0.075 (0.078)	Data Load Time 0.001 (0.004)	Loss 0.7361 (0.6989)	Accuracy 0.723 (0.705)
Epoch: [5][330/539]	Batch Time 0.074 (0.078)	Data Load Time 0.001 (0.004)	Loss 0.6745 (0.6985)	Accuracy 0.699 (0.706)
Epoch: [5][340/539]	Batch Time 0.090 (0.078)	Data Load Time 0.001 (0.004)	Loss 0.7219 (0.6990)	Accuracy 0.684 (0.705)
Epoch: [5][350/539]	Batch Time 0.070 (0.078)	Data Load Time 0.001 (0.004)	Loss 0.7116 (0.6990)	Accuracy 0.719 (0.705)
Epoch: [5][360/539]	Batch Time 0.078 (0.078)	Data Load Time 0.001 (0.004)	Loss 0.6744 (0.6987)	Accuracy 0.730 (0.706)
Epoch: [5][370/539]	Batch Time 0.077 (0.078)	Data Load Time 0.001 (0.003)	Loss 0.6881 (0.6983)	Accuracy 0.711 (0.706)
Epoch: [5][380/539]	Batch Time 0.077 (0.078)	Data Load Time 0.001 (0.003)	Loss 0.7446 (0.6984)	Accuracy 0.703 (0.706)
Epoch: [5][390/539]	Batch Time 0.077 (0.078)	Data Load Time 0.001 (0.003)	Loss 0.7107 (0.6982)	Accuracy 0.703 (0.706)
Epoch: [5][400/539]	Batch Time 0.080 (0.078)	Data Load Time 0.002 (0.003)	Loss 0.6840 (0.6983)	Accuracy 0.719 (0.706)
Epoch: [5][410/539]	Batch Time 0.072 (0.078)	Data Load Time 0.001 (0.003)	Loss 0.7355 (0.6988)	Accuracy 0.688 (0.706)
Epoch: [5][420/539]	Batch Time 0.079 (0.078)	Data Load Time 0.001 (0.003)	Loss 0.6498 (0.6995)	Accuracy 0.699 (0.706)
Epoch: [5][430/539]	Batch Time 0.091 (0.078)	Data Load Time 0.001 (0.003)	Loss 0.6695 (0.6992)	Accuracy 0.730 (0.706)
Epoch: [5][440/539]	Batch Time 0.072 (0.078)	Data Load Time 0.001 (0.003)	Loss 0.7197 (0.6987)	Accuracy 0.691 (0.706)
Epoch: [5][450/539]	Batch Time 0.078 (0.078)	Data Load Time 0.001 (0.003)	Loss 0.6138 (0.6986)	Accuracy 0.734 (0.706)
Epoch: [5][460/539]	Batch Time 0.069 (0.078)	Data Load Time 0.001 (0.003)	Loss 0.6262 (0.6985)	Accuracy 0.750 (0.706)
Epoch: [5][470/539]	Batch Time 0.078 (0.078)	Data Load Time 0.001 (0.003)	Loss 0.6961 (0.6989)	Accuracy 0.695 (0.706)
Epoch: [5][480/539]	Batch Time 0.077 (0.078)	Data Load Time 0.001 (0.003)	Loss 0.7648 (0.6985)	Accuracy 0.672 (0.706)
Epoch: [5][490/539]	Batch Time 0.070 (0.078)	Data Load Time 0.001 (0.003)	Loss 0.6943 (0.6984)	Accuracy 0.715 (0.706)
Epoch: [5][500/539]	Batch Time 0.097 (0.078)	Data Load Time 0.001 (0.003)	Loss 0.6888 (0.6986)	Accuracy 0.699 (0.706)
Epoch: [5][510/539]	Batch Time 0.092 (0.078)	Data Load Time 0.001 (0.003)	Loss 0.7244 (0.6987)	Accuracy 0.699 (0.706)
Epoch: [5][520/539]	Batch Time 0.079 (0.078)	Data Load Time 0.001 (0.003)	Loss 0.7655 (0.6990)	Accuracy 0.680 (0.706)
Epoch: [5][530/539]	Batch Time 0.073 (0.079)	Data Load Time 0.000 (0.003)	Loss 0.7261 (0.6995)	Accuracy 0.699 (0.706)

DECAYING learning rate.
The new learning rate is 0.000016

epoch 5 val acc: 0.5993620414673047

 * TEST ACCURACY - 60.2 per cent

