
Embedding length is 200.

Loading embeddings...
Done.
 Embedding vocabulary: 37808.

Epoch: [0][0/539]	Batch Time 0.722 (0.722)	Data Load Time 0.595 (0.595)	Loss 1.6098 (1.6098)	Accuracy 0.160 (0.160)
Epoch: [0][10/539]	Batch Time 0.084 (0.150)	Data Load Time 0.001 (0.055)	Loss 1.4115 (1.4988)	Accuracy 0.398 (0.336)
Epoch: [0][20/539]	Batch Time 0.111 (0.126)	Data Load Time 0.001 (0.029)	Loss 1.4925 (1.4738)	Accuracy 0.352 (0.347)
Epoch: [0][30/539]	Batch Time 0.121 (0.119)	Data Load Time 0.001 (0.020)	Loss 1.4980 (1.4640)	Accuracy 0.293 (0.345)
Epoch: [0][40/539]	Batch Time 0.104 (0.115)	Data Load Time 0.001 (0.015)	Loss 1.3867 (1.4562)	Accuracy 0.395 (0.350)
Epoch: [0][50/539]	Batch Time 0.099 (0.113)	Data Load Time 0.000 (0.012)	Loss 1.3128 (1.4348)	Accuracy 0.371 (0.355)
Epoch: [0][60/539]	Batch Time 0.097 (0.111)	Data Load Time 0.000 (0.011)	Loss 1.1553 (1.3988)	Accuracy 0.465 (0.366)
Epoch: [0][70/539]	Batch Time 0.097 (0.109)	Data Load Time 0.001 (0.009)	Loss 1.1448 (1.3704)	Accuracy 0.441 (0.375)
Epoch: [0][80/539]	Batch Time 0.096 (0.107)	Data Load Time 0.001 (0.008)	Loss 1.2142 (1.3443)	Accuracy 0.406 (0.386)
Epoch: [0][90/539]	Batch Time 0.121 (0.108)	Data Load Time 0.001 (0.007)	Loss 1.1549 (1.3195)	Accuracy 0.477 (0.398)
Epoch: [0][100/539]	Batch Time 0.095 (0.108)	Data Load Time 0.001 (0.007)	Loss 1.1780 (1.3003)	Accuracy 0.484 (0.407)
Epoch: [0][110/539]	Batch Time 0.103 (0.109)	Data Load Time 0.001 (0.006)	Loss 1.0749 (1.2798)	Accuracy 0.492 (0.417)
Epoch: [0][120/539]	Batch Time 0.117 (0.109)	Data Load Time 0.001 (0.006)	Loss 0.9997 (1.2607)	Accuracy 0.535 (0.425)
Epoch: [0][130/539]	Batch Time 0.099 (0.109)	Data Load Time 0.001 (0.005)	Loss 1.0261 (1.2432)	Accuracy 0.555 (0.432)
Epoch: [0][140/539]	Batch Time 0.097 (0.108)	Data Load Time 0.001 (0.005)	Loss 1.0559 (1.2271)	Accuracy 0.516 (0.440)
Epoch: [0][150/539]	Batch Time 0.119 (0.108)	Data Load Time 0.001 (0.005)	Loss 0.9942 (1.2135)	Accuracy 0.535 (0.446)
Epoch: [0][160/539]	Batch Time 0.101 (0.108)	Data Load Time 0.001 (0.005)	Loss 1.0428 (1.2020)	Accuracy 0.527 (0.452)
Epoch: [0][170/539]	Batch Time 0.110 (0.108)	Data Load Time 0.001 (0.004)	Loss 0.9767 (1.1896)	Accuracy 0.578 (0.458)
Epoch: [0][180/539]	Batch Time 0.121 (0.109)	Data Load Time 0.001 (0.004)	Loss 0.9897 (1.1786)	Accuracy 0.527 (0.463)
Epoch: [0][190/539]	Batch Time 0.101 (0.108)	Data Load Time 0.001 (0.004)	Loss 1.0550 (1.1692)	Accuracy 0.496 (0.468)
Epoch: [0][200/539]	Batch Time 0.124 (0.108)	Data Load Time 0.001 (0.004)	Loss 1.0096 (1.1614)	Accuracy 0.551 (0.472)
Epoch: [0][210/539]	Batch Time 0.121 (0.109)	Data Load Time 0.001 (0.004)	Loss 0.9968 (1.1520)	Accuracy 0.543 (0.476)
Epoch: [0][220/539]	Batch Time 0.125 (0.109)	Data Load Time 0.001 (0.004)	Loss 0.9296 (1.1447)	Accuracy 0.559 (0.480)
Epoch: [0][230/539]	Batch Time 0.126 (0.109)	Data Load Time 0.001 (0.003)	Loss 0.8975 (1.1372)	Accuracy 0.609 (0.483)
Epoch: [0][240/539]	Batch Time 0.114 (0.109)	Data Load Time 0.001 (0.003)	Loss 0.8712 (1.1297)	Accuracy 0.625 (0.487)
Epoch: [0][250/539]	Batch Time 0.118 (0.110)	Data Load Time 0.001 (0.003)	Loss 0.8934 (1.1228)	Accuracy 0.641 (0.490)
Epoch: [0][260/539]	Batch Time 0.116 (0.110)	Data Load Time 0.001 (0.003)	Loss 0.9571 (1.1163)	Accuracy 0.555 (0.494)
Epoch: [0][270/539]	Batch Time 0.124 (0.110)	Data Load Time 0.001 (0.003)	Loss 0.8960 (1.1113)	Accuracy 0.555 (0.496)
Epoch: [0][280/539]	Batch Time 0.135 (0.111)	Data Load Time 0.001 (0.003)	Loss 0.9041 (1.1063)	Accuracy 0.633 (0.498)
Epoch: [0][290/539]	Batch Time 0.118 (0.111)	Data Load Time 0.001 (0.003)	Loss 0.9685 (1.1011)	Accuracy 0.531 (0.501)
Epoch: [0][300/539]	Batch Time 0.123 (0.111)	Data Load Time 0.001 (0.003)	Loss 1.0002 (1.0956)	Accuracy 0.531 (0.503)
Epoch: [0][310/539]	Batch Time 0.095 (0.111)	Data Load Time 0.001 (0.003)	Loss 1.0066 (1.0915)	Accuracy 0.535 (0.505)
Epoch: [0][320/539]	Batch Time 0.116 (0.111)	Data Load Time 0.001 (0.003)	Loss 0.9553 (1.0876)	Accuracy 0.578 (0.507)
Epoch: [0][330/539]	Batch Time 0.107 (0.111)	Data Load Time 0.001 (0.003)	Loss 0.8847 (1.0831)	Accuracy 0.605 (0.509)
Epoch: [0][340/539]	Batch Time 0.101 (0.111)	Data Load Time 0.001 (0.003)	Loss 0.9498 (1.0794)	Accuracy 0.605 (0.512)
Epoch: [0][350/539]	Batch Time 0.126 (0.112)	Data Load Time 0.001 (0.003)	Loss 0.9803 (1.0754)	Accuracy 0.504 (0.513)
Epoch: [0][360/539]	Batch Time 0.117 (0.112)	Data Load Time 0.001 (0.002)	Loss 0.9518 (1.0722)	Accuracy 0.547 (0.515)
Epoch: [0][370/539]	Batch Time 0.097 (0.112)	Data Load Time 0.001 (0.002)	Loss 0.9438 (1.0692)	Accuracy 0.566 (0.517)
Epoch: [0][380/539]	Batch Time 0.123 (0.112)	Data Load Time 0.001 (0.002)	Loss 0.9429 (1.0663)	Accuracy 0.578 (0.518)
Epoch: [0][390/539]	Batch Time 0.140 (0.112)	Data Load Time 0.001 (0.002)	Loss 0.9982 (1.0631)	Accuracy 0.578 (0.520)
Epoch: [0][400/539]	Batch Time 0.125 (0.112)	Data Load Time 0.001 (0.002)	Loss 0.9811 (1.0602)	Accuracy 0.551 (0.521)
Epoch: [0][410/539]	Batch Time 0.104 (0.112)	Data Load Time 0.001 (0.002)	Loss 0.9518 (1.0571)	Accuracy 0.562 (0.523)
Epoch: [0][420/539]	Batch Time 0.111 (0.112)	Data Load Time 0.001 (0.002)	Loss 0.9392 (1.0543)	Accuracy 0.594 (0.524)
Epoch: [0][430/539]	Batch Time 0.124 (0.112)	Data Load Time 0.001 (0.002)	Loss 0.8753 (1.0510)	Accuracy 0.582 (0.526)
Epoch: [0][440/539]	Batch Time 0.100 (0.112)	Data Load Time 0.001 (0.002)	Loss 0.8964 (1.0483)	Accuracy 0.598 (0.527)
Epoch: [0][450/539]	Batch Time 0.091 (0.112)	Data Load Time 0.001 (0.002)	Loss 0.9703 (1.0461)	Accuracy 0.562 (0.528)
Epoch: [0][460/539]	Batch Time 0.091 (0.112)	Data Load Time 0.001 (0.002)	Loss 0.9574 (1.0431)	Accuracy 0.590 (0.530)
Epoch: [0][470/539]	Batch Time 0.102 (0.112)	Data Load Time 0.001 (0.002)	Loss 1.0337 (1.0412)	Accuracy 0.559 (0.531)
Epoch: [0][480/539]	Batch Time 0.093 (0.111)	Data Load Time 0.001 (0.002)	Loss 0.8956 (1.0388)	Accuracy 0.609 (0.532)
Epoch: [0][490/539]	Batch Time 0.107 (0.111)	Data Load Time 0.001 (0.002)	Loss 0.9182 (1.0370)	Accuracy 0.602 (0.533)
Epoch: [0][500/539]	Batch Time 0.101 (0.111)	Data Load Time 0.001 (0.002)	Loss 1.0294 (1.0356)	Accuracy 0.566 (0.533)
Epoch: [0][510/539]	Batch Time 0.089 (0.111)	Data Load Time 0.001 (0.002)	Loss 0.9815 (1.0334)	Accuracy 0.559 (0.534)
Epoch: [0][520/539]	Batch Time 0.089 (0.110)	Data Load Time 0.001 (0.002)	Loss 0.8844 (1.0316)	Accuracy 0.590 (0.535)
Epoch: [0][530/539]	Batch Time 0.111 (0.110)	Data Load Time 0.000 (0.002)	Loss 0.9032 (1.0297)	Accuracy 0.590 (0.536)

DECAYING learning rate.
The new learning rate is 0.000500

epoch 0 val acc: 0.5935914165579237
Epoch: [1][0/539]	Batch Time 0.742 (0.742)	Data Load Time 0.618 (0.618)	Loss 0.8355 (0.8355)	Accuracy 0.645 (0.645)
Epoch: [1][10/539]	Batch Time 0.113 (0.168)	Data Load Time 0.001 (0.057)	Loss 0.8109 (0.8575)	Accuracy 0.660 (0.605)
Epoch: [1][20/539]	Batch Time 0.112 (0.137)	Data Load Time 0.001 (0.030)	Loss 0.8385 (0.8632)	Accuracy 0.641 (0.610)
Epoch: [1][30/539]	Batch Time 0.103 (0.127)	Data Load Time 0.001 (0.021)	Loss 0.8293 (0.8607)	Accuracy 0.594 (0.612)
Epoch: [1][40/539]	Batch Time 0.101 (0.121)	Data Load Time 0.001 (0.016)	Loss 0.9255 (0.8602)	Accuracy 0.582 (0.616)
Epoch: [1][50/539]	Batch Time 0.132 (0.120)	Data Load Time 0.001 (0.013)	Loss 0.9375 (0.8614)	Accuracy 0.641 (0.615)
Epoch: [1][60/539]	Batch Time 0.111 (0.119)	Data Load Time 0.001 (0.011)	Loss 0.8046 (0.8616)	Accuracy 0.668 (0.617)
Epoch: [1][70/539]	Batch Time 0.126 (0.119)	Data Load Time 0.001 (0.010)	Loss 0.8786 (0.8641)	Accuracy 0.598 (0.616)
Epoch: [1][80/539]	Batch Time 0.116 (0.118)	Data Load Time 0.001 (0.008)	Loss 0.8270 (0.8657)	Accuracy 0.625 (0.614)
Epoch: [1][90/539]	Batch Time 0.115 (0.118)	Data Load Time 0.001 (0.008)	Loss 0.9395 (0.8663)	Accuracy 0.594 (0.613)
Epoch: [1][100/539]	Batch Time 0.122 (0.117)	Data Load Time 0.001 (0.007)	Loss 0.8217 (0.8658)	Accuracy 0.652 (0.614)
Epoch: [1][110/539]	Batch Time 0.134 (0.117)	Data Load Time 0.001 (0.006)	Loss 0.7966 (0.8641)	Accuracy 0.633 (0.615)
Epoch: [1][120/539]	Batch Time 0.126 (0.117)	Data Load Time 0.001 (0.006)	Loss 0.8926 (0.8652)	Accuracy 0.562 (0.614)
Epoch: [1][130/539]	Batch Time 0.110 (0.117)	Data Load Time 0.001 (0.006)	Loss 0.8428 (0.8650)	Accuracy 0.633 (0.614)
Epoch: [1][140/539]	Batch Time 0.105 (0.117)	Data Load Time 0.001 (0.005)	Loss 0.8876 (0.8663)	Accuracy 0.617 (0.614)
Epoch: [1][150/539]	Batch Time 0.109 (0.117)	Data Load Time 0.001 (0.005)	Loss 0.8559 (0.8651)	Accuracy 0.668 (0.615)
Epoch: [1][160/539]	Batch Time 0.124 (0.117)	Data Load Time 0.001 (0.005)	Loss 0.8798 (0.8639)	Accuracy 0.598 (0.616)
Epoch: [1][170/539]	Batch Time 0.114 (0.117)	Data Load Time 0.001 (0.005)	Loss 0.8575 (0.8629)	Accuracy 0.680 (0.617)
Epoch: [1][180/539]	Batch Time 0.144 (0.117)	Data Load Time 0.001 (0.004)	Loss 0.8102 (0.8609)	Accuracy 0.625 (0.618)
Epoch: [1][190/539]	Batch Time 0.110 (0.117)	Data Load Time 0.001 (0.004)	Loss 0.8902 (0.8606)	Accuracy 0.598 (0.618)
Epoch: [1][200/539]	Batch Time 0.124 (0.118)	Data Load Time 0.001 (0.004)	Loss 0.8962 (0.8608)	Accuracy 0.594 (0.619)
Epoch: [1][210/539]	Batch Time 0.120 (0.118)	Data Load Time 0.001 (0.004)	Loss 0.9382 (0.8609)	Accuracy 0.582 (0.619)
Epoch: [1][220/539]	Batch Time 0.123 (0.118)	Data Load Time 0.001 (0.004)	Loss 0.8979 (0.8615)	Accuracy 0.590 (0.618)
Epoch: [1][230/539]	Batch Time 0.116 (0.118)	Data Load Time 0.001 (0.004)	Loss 0.7436 (0.8599)	Accuracy 0.711 (0.619)
Epoch: [1][240/539]	Batch Time 0.124 (0.118)	Data Load Time 0.001 (0.003)	Loss 0.8678 (0.8597)	Accuracy 0.633 (0.619)
Epoch: [1][250/539]	Batch Time 0.103 (0.117)	Data Load Time 0.001 (0.003)	Loss 0.8495 (0.8598)	Accuracy 0.629 (0.619)
Epoch: [1][260/539]	Batch Time 0.108 (0.117)	Data Load Time 0.001 (0.003)	Loss 0.9140 (0.8602)	Accuracy 0.586 (0.619)
Epoch: [1][270/539]	Batch Time 0.117 (0.117)	Data Load Time 0.001 (0.003)	Loss 0.9123 (0.8602)	Accuracy 0.586 (0.619)
Epoch: [1][280/539]	Batch Time 0.096 (0.116)	Data Load Time 0.001 (0.003)	Loss 0.8846 (0.8595)	Accuracy 0.602 (0.619)
Epoch: [1][290/539]	Batch Time 0.093 (0.116)	Data Load Time 0.001 (0.003)	Loss 0.8344 (0.8587)	Accuracy 0.625 (0.620)
Epoch: [1][300/539]	Batch Time 0.091 (0.115)	Data Load Time 0.001 (0.003)	Loss 0.8434 (0.8582)	Accuracy 0.652 (0.620)
Epoch: [1][310/539]	Batch Time 0.091 (0.114)	Data Load Time 0.001 (0.003)	Loss 0.8885 (0.8587)	Accuracy 0.602 (0.620)
Epoch: [1][320/539]	Batch Time 0.091 (0.114)	Data Load Time 0.001 (0.003)	Loss 0.9203 (0.8588)	Accuracy 0.598 (0.620)
Epoch: [1][330/539]	Batch Time 0.089 (0.113)	Data Load Time 0.001 (0.003)	Loss 0.8492 (0.8585)	Accuracy 0.598 (0.620)
Epoch: [1][340/539]	Batch Time 0.083 (0.113)	Data Load Time 0.001 (0.003)	Loss 0.7709 (0.8579)	Accuracy 0.656 (0.621)
Epoch: [1][350/539]	Batch Time 0.112 (0.113)	Data Load Time 0.002 (0.003)	Loss 0.8647 (0.8577)	Accuracy 0.668 (0.621)
Epoch: [1][360/539]	Batch Time 0.108 (0.112)	Data Load Time 0.001 (0.003)	Loss 0.7775 (0.8569)	Accuracy 0.680 (0.622)
Epoch: [1][370/539]	Batch Time 0.103 (0.112)	Data Load Time 0.001 (0.003)	Loss 0.8193 (0.8573)	Accuracy 0.625 (0.621)
Epoch: [1][380/539]	Batch Time 0.080 (0.111)	Data Load Time 0.001 (0.003)	Loss 0.8992 (0.8571)	Accuracy 0.609 (0.622)
Epoch: [1][390/539]	Batch Time 0.089 (0.111)	Data Load Time 0.001 (0.002)	Loss 0.8519 (0.8562)	Accuracy 0.609 (0.622)
Epoch: [1][400/539]	Batch Time 0.104 (0.110)	Data Load Time 0.001 (0.002)	Loss 0.8395 (0.8554)	Accuracy 0.656 (0.623)
Epoch: [1][410/539]	Batch Time 0.084 (0.110)	Data Load Time 0.001 (0.002)	Loss 0.8675 (0.8550)	Accuracy 0.609 (0.623)
Epoch: [1][420/539]	Batch Time 0.095 (0.109)	Data Load Time 0.001 (0.002)	Loss 0.8553 (0.8550)	Accuracy 0.641 (0.623)
Epoch: [1][430/539]	Batch Time 0.101 (0.109)	Data Load Time 0.001 (0.002)	Loss 0.8092 (0.8551)	Accuracy 0.609 (0.623)
Epoch: [1][440/539]	Batch Time 0.094 (0.109)	Data Load Time 0.001 (0.002)	Loss 0.8523 (0.8553)	Accuracy 0.668 (0.623)
Epoch: [1][450/539]	Batch Time 0.081 (0.108)	Data Load Time 0.001 (0.002)	Loss 0.8650 (0.8555)	Accuracy 0.629 (0.623)
Epoch: [1][460/539]	Batch Time 0.099 (0.108)	Data Load Time 0.001 (0.002)	Loss 0.8155 (0.8550)	Accuracy 0.652 (0.623)
Epoch: [1][470/539]	Batch Time 0.084 (0.107)	Data Load Time 0.001 (0.002)	Loss 0.9453 (0.8550)	Accuracy 0.586 (0.623)
Epoch: [1][480/539]	Batch Time 0.089 (0.107)	Data Load Time 0.001 (0.002)	Loss 0.8223 (0.8545)	Accuracy 0.637 (0.623)
Epoch: [1][490/539]	Batch Time 0.093 (0.107)	Data Load Time 0.001 (0.002)	Loss 0.9523 (0.8545)	Accuracy 0.551 (0.623)
Epoch: [1][500/539]	Batch Time 0.087 (0.107)	Data Load Time 0.001 (0.002)	Loss 0.8474 (0.8542)	Accuracy 0.613 (0.624)
Epoch: [1][510/539]	Batch Time 0.101 (0.106)	Data Load Time 0.001 (0.002)	Loss 0.8479 (0.8543)	Accuracy 0.645 (0.623)
Epoch: [1][520/539]	Batch Time 0.095 (0.106)	Data Load Time 0.001 (0.002)	Loss 0.7741 (0.8539)	Accuracy 0.660 (0.624)
Epoch: [1][530/539]	Batch Time 0.088 (0.106)	Data Load Time 0.000 (0.002)	Loss 0.8395 (0.8538)	Accuracy 0.672 (0.624)

DECAYING learning rate.
The new learning rate is 0.000250

epoch 1 val acc: 0.6038857474264173
Epoch: [2][0/539]	Batch Time 0.730 (0.730)	Data Load Time 0.649 (0.649)	Loss 0.7033 (0.7033)	Accuracy 0.684 (0.684)
Epoch: [2][10/539]	Batch Time 0.078 (0.146)	Data Load Time 0.000 (0.060)	Loss 0.8127 (0.8086)	Accuracy 0.656 (0.636)
Epoch: [2][20/539]	Batch Time 0.086 (0.117)	Data Load Time 0.000 (0.032)	Loss 0.7800 (0.7957)	Accuracy 0.656 (0.642)
Epoch: [2][30/539]	Batch Time 0.087 (0.110)	Data Load Time 0.001 (0.022)	Loss 0.7301 (0.7866)	Accuracy 0.699 (0.653)
Epoch: [2][40/539]	Batch Time 0.096 (0.105)	Data Load Time 0.001 (0.017)	Loss 0.7212 (0.7873)	Accuracy 0.660 (0.654)
Epoch: [2][50/539]	Batch Time 0.093 (0.102)	Data Load Time 0.001 (0.013)	Loss 0.8441 (0.7870)	Accuracy 0.641 (0.655)
Epoch: [2][60/539]	Batch Time 0.102 (0.100)	Data Load Time 0.001 (0.011)	Loss 0.8678 (0.7920)	Accuracy 0.617 (0.651)
Epoch: [2][70/539]	Batch Time 0.100 (0.100)	Data Load Time 0.001 (0.010)	Loss 0.7613 (0.7932)	Accuracy 0.645 (0.651)
Epoch: [2][80/539]	Batch Time 0.090 (0.099)	Data Load Time 0.001 (0.009)	Loss 0.7931 (0.7969)	Accuracy 0.684 (0.650)
Epoch: [2][90/539]	Batch Time 0.095 (0.098)	Data Load Time 0.001 (0.008)	Loss 0.8051 (0.7967)	Accuracy 0.637 (0.651)
Epoch: [2][100/539]	Batch Time 0.091 (0.097)	Data Load Time 0.001 (0.007)	Loss 0.6907 (0.7967)	Accuracy 0.727 (0.652)
Epoch: [2][110/539]	Batch Time 0.100 (0.097)	Data Load Time 0.001 (0.007)	Loss 0.7579 (0.7992)	Accuracy 0.707 (0.652)
Epoch: [2][120/539]	Batch Time 0.089 (0.096)	Data Load Time 0.001 (0.006)	Loss 0.7492 (0.7976)	Accuracy 0.699 (0.653)
Epoch: [2][130/539]	Batch Time 0.087 (0.096)	Data Load Time 0.001 (0.006)	Loss 0.7171 (0.7978)	Accuracy 0.707 (0.653)
Epoch: [2][140/539]	Batch Time 0.098 (0.096)	Data Load Time 0.001 (0.005)	Loss 0.7975 (0.7975)	Accuracy 0.660 (0.653)
Epoch: [2][150/539]	Batch Time 0.088 (0.096)	Data Load Time 0.001 (0.005)	Loss 0.7677 (0.7965)	Accuracy 0.645 (0.653)
Epoch: [2][160/539]	Batch Time 0.087 (0.096)	Data Load Time 0.001 (0.005)	Loss 0.7463 (0.7970)	Accuracy 0.684 (0.653)
Epoch: [2][170/539]	Batch Time 0.077 (0.095)	Data Load Time 0.001 (0.005)	Loss 0.8119 (0.7954)	Accuracy 0.668 (0.653)
Epoch: [2][180/539]	Batch Time 0.098 (0.095)	Data Load Time 0.001 (0.004)	Loss 0.7978 (0.7952)	Accuracy 0.660 (0.654)
Epoch: [2][190/539]	Batch Time 0.084 (0.095)	Data Load Time 0.001 (0.004)	Loss 0.7727 (0.7948)	Accuracy 0.660 (0.655)
Epoch: [2][200/539]	Batch Time 0.088 (0.094)	Data Load Time 0.001 (0.004)	Loss 0.7435 (0.7950)	Accuracy 0.723 (0.655)
Epoch: [2][210/539]	Batch Time 0.095 (0.094)	Data Load Time 0.001 (0.004)	Loss 0.7672 (0.7954)	Accuracy 0.676 (0.655)
Epoch: [2][220/539]	Batch Time 0.086 (0.094)	Data Load Time 0.001 (0.004)	Loss 0.7581 (0.7940)	Accuracy 0.672 (0.656)
Epoch: [2][230/539]	Batch Time 0.076 (0.093)	Data Load Time 0.001 (0.004)	Loss 0.8383 (0.7935)	Accuracy 0.633 (0.656)
Epoch: [2][240/539]	Batch Time 0.088 (0.093)	Data Load Time 0.001 (0.003)	Loss 0.7955 (0.7938)	Accuracy 0.637 (0.656)
Epoch: [2][250/539]	Batch Time 0.091 (0.093)	Data Load Time 0.001 (0.003)	Loss 0.7902 (0.7938)	Accuracy 0.637 (0.656)
Epoch: [2][260/539]	Batch Time 0.080 (0.093)	Data Load Time 0.001 (0.003)	Loss 0.7424 (0.7927)	Accuracy 0.699 (0.657)
Epoch: [2][270/539]	Batch Time 0.079 (0.092)	Data Load Time 0.001 (0.003)	Loss 0.8290 (0.7932)	Accuracy 0.637 (0.656)
Epoch: [2][280/539]	Batch Time 0.077 (0.092)	Data Load Time 0.001 (0.003)	Loss 0.8199 (0.7934)	Accuracy 0.602 (0.656)
Epoch: [2][290/539]	Batch Time 0.080 (0.092)	Data Load Time 0.001 (0.003)	Loss 0.7665 (0.7929)	Accuracy 0.684 (0.656)
Epoch: [2][300/539]	Batch Time 0.086 (0.091)	Data Load Time 0.001 (0.003)	Loss 0.7892 (0.7928)	Accuracy 0.641 (0.656)
Epoch: [2][310/539]	Batch Time 0.079 (0.091)	Data Load Time 0.001 (0.003)	Loss 0.7714 (0.7932)	Accuracy 0.695 (0.656)
Epoch: [2][320/539]	Batch Time 0.082 (0.091)	Data Load Time 0.001 (0.003)	Loss 0.7226 (0.7924)	Accuracy 0.715 (0.656)
Epoch: [2][330/539]	Batch Time 0.084 (0.091)	Data Load Time 0.001 (0.003)	Loss 0.8066 (0.7928)	Accuracy 0.660 (0.656)
Epoch: [2][340/539]	Batch Time 0.081 (0.090)	Data Load Time 0.001 (0.003)	Loss 0.7519 (0.7929)	Accuracy 0.684 (0.656)
Epoch: [2][350/539]	Batch Time 0.084 (0.090)	Data Load Time 0.001 (0.003)	Loss 0.6678 (0.7928)	Accuracy 0.699 (0.656)
Epoch: [2][360/539]	Batch Time 0.083 (0.090)	Data Load Time 0.001 (0.003)	Loss 0.7655 (0.7933)	Accuracy 0.668 (0.656)
Epoch: [2][370/539]	Batch Time 0.083 (0.090)	Data Load Time 0.001 (0.003)	Loss 0.7876 (0.7931)	Accuracy 0.672 (0.656)
Epoch: [2][380/539]	Batch Time 0.083 (0.090)	Data Load Time 0.001 (0.003)	Loss 0.7034 (0.7927)	Accuracy 0.695 (0.656)
Epoch: [2][390/539]	Batch Time 0.081 (0.090)	Data Load Time 0.001 (0.002)	Loss 0.8090 (0.7924)	Accuracy 0.676 (0.656)
Epoch: [2][400/539]	Batch Time 0.073 (0.089)	Data Load Time 0.001 (0.002)	Loss 0.7542 (0.7922)	Accuracy 0.691 (0.656)
Epoch: [2][410/539]	Batch Time 0.074 (0.089)	Data Load Time 0.001 (0.002)	Loss 0.8108 (0.7927)	Accuracy 0.648 (0.656)
Epoch: [2][420/539]	Batch Time 0.076 (0.088)	Data Load Time 0.001 (0.002)	Loss 0.7227 (0.7930)	Accuracy 0.727 (0.656)
Epoch: [2][430/539]	Batch Time 0.087 (0.088)	Data Load Time 0.001 (0.002)	Loss 0.7678 (0.7933)	Accuracy 0.617 (0.655)
Epoch: [2][440/539]	Batch Time 0.080 (0.088)	Data Load Time 0.001 (0.002)	Loss 0.7424 (0.7931)	Accuracy 0.684 (0.656)
Epoch: [2][450/539]	Batch Time 0.085 (0.088)	Data Load Time 0.001 (0.002)	Loss 0.7039 (0.7930)	Accuracy 0.727 (0.656)
Epoch: [2][460/539]	Batch Time 0.083 (0.088)	Data Load Time 0.001 (0.002)	Loss 0.7925 (0.7929)	Accuracy 0.656 (0.656)
Epoch: [2][470/539]	Batch Time 0.084 (0.088)	Data Load Time 0.001 (0.002)	Loss 0.8528 (0.7930)	Accuracy 0.648 (0.656)
Epoch: [2][480/539]	Batch Time 0.085 (0.088)	Data Load Time 0.001 (0.002)	Loss 0.7875 (0.7930)	Accuracy 0.645 (0.655)
Epoch: [2][490/539]	Batch Time 0.081 (0.088)	Data Load Time 0.001 (0.002)	Loss 0.7580 (0.7930)	Accuracy 0.715 (0.656)
Epoch: [2][500/539]	Batch Time 0.083 (0.088)	Data Load Time 0.001 (0.002)	Loss 0.8307 (0.7922)	Accuracy 0.621 (0.656)
Epoch: [2][510/539]	Batch Time 0.083 (0.087)	Data Load Time 0.001 (0.002)	Loss 0.7900 (0.7920)	Accuracy 0.629 (0.656)
Epoch: [2][520/539]	Batch Time 0.082 (0.087)	Data Load Time 0.001 (0.002)	Loss 0.7339 (0.7922)	Accuracy 0.676 (0.656)
Epoch: [2][530/539]	Batch Time 0.085 (0.087)	Data Load Time 0.000 (0.002)	Loss 0.8448 (0.7920)	Accuracy 0.641 (0.656)

DECAYING learning rate.
The new learning rate is 0.000125

epoch 2 val acc: 0.6058866173698709
Epoch: [3][0/539]	Batch Time 0.830 (0.830)	Data Load Time 0.761 (0.761)	Loss 0.7791 (0.7791)	Accuracy 0.637 (0.637)
Epoch: [3][10/539]	Batch Time 0.075 (0.141)	Data Load Time 0.001 (0.070)	Loss 0.7505 (0.7310)	Accuracy 0.645 (0.685)
Epoch: [3][20/539]	Batch Time 0.077 (0.111)	Data Load Time 0.001 (0.037)	Loss 0.8318 (0.7526)	Accuracy 0.629 (0.676)
Epoch: [3][30/539]	Batch Time 0.078 (0.100)	Data Load Time 0.001 (0.025)	Loss 0.7257 (0.7519)	Accuracy 0.691 (0.677)
Epoch: [3][40/539]	Batch Time 0.084 (0.095)	Data Load Time 0.001 (0.019)	Loss 0.7481 (0.7525)	Accuracy 0.660 (0.677)
Epoch: [3][50/539]	Batch Time 0.084 (0.093)	Data Load Time 0.001 (0.016)	Loss 0.7601 (0.7523)	Accuracy 0.672 (0.677)
Epoch: [3][60/539]	Batch Time 0.082 (0.091)	Data Load Time 0.001 (0.013)	Loss 0.7615 (0.7587)	Accuracy 0.660 (0.675)
Epoch: [3][70/539]	Batch Time 0.083 (0.090)	Data Load Time 0.001 (0.011)	Loss 0.8052 (0.7583)	Accuracy 0.664 (0.675)
Epoch: [3][80/539]	Batch Time 0.086 (0.090)	Data Load Time 0.001 (0.010)	Loss 0.6709 (0.7581)	Accuracy 0.715 (0.675)
Epoch: [3][90/539]	Batch Time 0.083 (0.089)	Data Load Time 0.001 (0.009)	Loss 0.7374 (0.7586)	Accuracy 0.672 (0.673)
Epoch: [3][100/539]	Batch Time 0.080 (0.088)	Data Load Time 0.001 (0.008)	Loss 0.7237 (0.7576)	Accuracy 0.707 (0.674)
Epoch: [3][110/539]	Batch Time 0.076 (0.087)	Data Load Time 0.001 (0.008)	Loss 0.7477 (0.7588)	Accuracy 0.703 (0.673)
Epoch: [3][120/539]	Batch Time 0.082 (0.087)	Data Load Time 0.001 (0.007)	Loss 0.7313 (0.7584)	Accuracy 0.629 (0.673)
Epoch: [3][130/539]	Batch Time 0.086 (0.087)	Data Load Time 0.001 (0.007)	Loss 0.7985 (0.7579)	Accuracy 0.684 (0.674)
Epoch: [3][140/539]	Batch Time 0.081 (0.086)	Data Load Time 0.001 (0.006)	Loss 0.7506 (0.7573)	Accuracy 0.668 (0.674)
Epoch: [3][150/539]	Batch Time 0.085 (0.086)	Data Load Time 0.001 (0.006)	Loss 0.7760 (0.7582)	Accuracy 0.652 (0.674)
Epoch: [3][160/539]	Batch Time 0.089 (0.086)	Data Load Time 0.001 (0.005)	Loss 0.7233 (0.7571)	Accuracy 0.656 (0.674)
Epoch: [3][170/539]	Batch Time 0.083 (0.086)	Data Load Time 0.001 (0.005)	Loss 0.8235 (0.7576)	Accuracy 0.656 (0.674)
Epoch: [3][180/539]	Batch Time 0.084 (0.086)	Data Load Time 0.001 (0.005)	Loss 0.7412 (0.7568)	Accuracy 0.664 (0.674)
Epoch: [3][190/539]	Batch Time 0.085 (0.086)	Data Load Time 0.001 (0.005)	Loss 0.7634 (0.7552)	Accuracy 0.703 (0.675)
Epoch: [3][200/539]	Batch Time 0.081 (0.086)	Data Load Time 0.001 (0.005)	Loss 0.6862 (0.7533)	Accuracy 0.707 (0.677)
Epoch: [3][210/539]	Batch Time 0.082 (0.086)	Data Load Time 0.001 (0.004)	Loss 0.6976 (0.7524)	Accuracy 0.727 (0.677)
Epoch: [3][220/539]	Batch Time 0.081 (0.085)	Data Load Time 0.001 (0.004)	Loss 0.7145 (0.7521)	Accuracy 0.684 (0.678)
Epoch: [3][230/539]	Batch Time 0.081 (0.085)	Data Load Time 0.001 (0.004)	Loss 0.7665 (0.7525)	Accuracy 0.672 (0.677)
Epoch: [3][240/539]	Batch Time 0.083 (0.085)	Data Load Time 0.001 (0.004)	Loss 0.7311 (0.7530)	Accuracy 0.711 (0.677)
Epoch: [3][250/539]	Batch Time 0.082 (0.085)	Data Load Time 0.001 (0.004)	Loss 0.7399 (0.7530)	Accuracy 0.699 (0.676)
Epoch: [3][260/539]	Batch Time 0.080 (0.085)	Data Load Time 0.001 (0.004)	Loss 0.7534 (0.7523)	Accuracy 0.672 (0.677)
Epoch: [3][270/539]	Batch Time 0.085 (0.085)	Data Load Time 0.001 (0.004)	Loss 0.7726 (0.7529)	Accuracy 0.676 (0.677)
Epoch: [3][280/539]	Batch Time 0.083 (0.085)	Data Load Time 0.001 (0.003)	Loss 0.6068 (0.7522)	Accuracy 0.762 (0.677)
Epoch: [3][290/539]	Batch Time 0.086 (0.085)	Data Load Time 0.001 (0.003)	Loss 0.7375 (0.7523)	Accuracy 0.719 (0.677)
Epoch: [3][300/539]	Batch Time 0.087 (0.085)	Data Load Time 0.001 (0.003)	Loss 0.6930 (0.7526)	Accuracy 0.688 (0.677)
Epoch: [3][310/539]	Batch Time 0.083 (0.085)	Data Load Time 0.001 (0.003)	Loss 0.7121 (0.7521)	Accuracy 0.699 (0.677)
Epoch: [3][320/539]	Batch Time 0.084 (0.085)	Data Load Time 0.001 (0.003)	Loss 0.7717 (0.7519)	Accuracy 0.672 (0.677)
Epoch: [3][330/539]	Batch Time 0.085 (0.085)	Data Load Time 0.001 (0.003)	Loss 0.7265 (0.7519)	Accuracy 0.672 (0.677)
Epoch: [3][340/539]	Batch Time 0.083 (0.085)	Data Load Time 0.001 (0.003)	Loss 0.7412 (0.7519)	Accuracy 0.664 (0.677)
Epoch: [3][350/539]	Batch Time 0.083 (0.085)	Data Load Time 0.001 (0.003)	Loss 0.8423 (0.7523)	Accuracy 0.648 (0.677)
Epoch: [3][360/539]	Batch Time 0.085 (0.085)	Data Load Time 0.001 (0.003)	Loss 0.6878 (0.7519)	Accuracy 0.727 (0.677)
Epoch: [3][370/539]	Batch Time 0.082 (0.085)	Data Load Time 0.001 (0.003)	Loss 0.8330 (0.7521)	Accuracy 0.633 (0.676)
Epoch: [3][380/539]	Batch Time 0.082 (0.085)	Data Load Time 0.001 (0.003)	Loss 0.7742 (0.7518)	Accuracy 0.676 (0.677)
Epoch: [3][390/539]	Batch Time 0.082 (0.085)	Data Load Time 0.001 (0.003)	Loss 0.6695 (0.7514)	Accuracy 0.762 (0.677)
Epoch: [3][400/539]	Batch Time 0.084 (0.084)	Data Load Time 0.001 (0.003)	Loss 0.8138 (0.7515)	Accuracy 0.633 (0.677)
Epoch: [3][410/539]	Batch Time 0.083 (0.084)	Data Load Time 0.001 (0.003)	Loss 0.7642 (0.7519)	Accuracy 0.672 (0.677)
Epoch: [3][420/539]	Batch Time 0.086 (0.084)	Data Load Time 0.001 (0.003)	Loss 0.6968 (0.7518)	Accuracy 0.715 (0.677)
Epoch: [3][430/539]	Batch Time 0.079 (0.084)	Data Load Time 0.001 (0.002)	Loss 0.6978 (0.7518)	Accuracy 0.707 (0.677)
Epoch: [3][440/539]	Batch Time 0.084 (0.084)	Data Load Time 0.001 (0.002)	Loss 0.7031 (0.7522)	Accuracy 0.691 (0.677)
Epoch: [3][450/539]	Batch Time 0.085 (0.084)	Data Load Time 0.001 (0.002)	Loss 0.7439 (0.7525)	Accuracy 0.703 (0.677)
Epoch: [3][460/539]	Batch Time 0.084 (0.084)	Data Load Time 0.001 (0.002)	Loss 0.8440 (0.7526)	Accuracy 0.629 (0.677)
Epoch: [3][470/539]	Batch Time 0.081 (0.084)	Data Load Time 0.001 (0.002)	Loss 0.7387 (0.7525)	Accuracy 0.688 (0.677)
Epoch: [3][480/539]	Batch Time 0.085 (0.084)	Data Load Time 0.001 (0.002)	Loss 0.6979 (0.7526)	Accuracy 0.715 (0.677)
Epoch: [3][490/539]	Batch Time 0.086 (0.084)	Data Load Time 0.001 (0.002)	Loss 0.6937 (0.7525)	Accuracy 0.703 (0.677)
Epoch: [3][500/539]	Batch Time 0.084 (0.084)	Data Load Time 0.001 (0.002)	Loss 0.7879 (0.7525)	Accuracy 0.672 (0.677)
Epoch: [3][510/539]	Batch Time 0.081 (0.084)	Data Load Time 0.001 (0.002)	Loss 0.7735 (0.7526)	Accuracy 0.676 (0.677)
Epoch: [3][520/539]	Batch Time 0.084 (0.084)	Data Load Time 0.001 (0.002)	Loss 0.6752 (0.7524)	Accuracy 0.746 (0.677)
Epoch: [3][530/539]	Batch Time 0.085 (0.084)	Data Load Time 0.000 (0.002)	Loss 0.7799 (0.7524)	Accuracy 0.699 (0.677)

DECAYING learning rate.
The new learning rate is 0.000063

epoch 3 val acc: 0.6029433086849355
Epoch: [4][0/539]	Batch Time 0.825 (0.825)	Data Load Time 0.736 (0.736)	Loss 0.8283 (0.8283)	Accuracy 0.664 (0.664)
Epoch: [4][10/539]	Batch Time 0.084 (0.153)	Data Load Time 0.001 (0.068)	Loss 0.7137 (0.7190)	Accuracy 0.688 (0.691)
Epoch: [4][20/539]	Batch Time 0.082 (0.119)	Data Load Time 0.001 (0.036)	Loss 0.7168 (0.7201)	Accuracy 0.707 (0.692)
Epoch: [4][30/539]	Batch Time 0.079 (0.106)	Data Load Time 0.001 (0.025)	Loss 0.7515 (0.7330)	Accuracy 0.680 (0.689)
Epoch: [4][40/539]	Batch Time 0.079 (0.100)	Data Load Time 0.001 (0.019)	Loss 0.6340 (0.7273)	Accuracy 0.688 (0.691)
Epoch: [4][50/539]	Batch Time 0.081 (0.097)	Data Load Time 0.001 (0.015)	Loss 0.6954 (0.7272)	Accuracy 0.746 (0.691)
Epoch: [4][60/539]	Batch Time 0.081 (0.094)	Data Load Time 0.001 (0.013)	Loss 0.6839 (0.7262)	Accuracy 0.730 (0.691)
Epoch: [4][70/539]	Batch Time 0.083 (0.092)	Data Load Time 0.001 (0.011)	Loss 0.7344 (0.7311)	Accuracy 0.688 (0.689)
Epoch: [4][80/539]	Batch Time 0.082 (0.091)	Data Load Time 0.001 (0.010)	Loss 0.6844 (0.7301)	Accuracy 0.684 (0.690)
Epoch: [4][90/539]	Batch Time 0.081 (0.090)	Data Load Time 0.001 (0.009)	Loss 0.7195 (0.7297)	Accuracy 0.703 (0.691)
Epoch: [4][100/539]	Batch Time 0.084 (0.089)	Data Load Time 0.001 (0.008)	Loss 0.7509 (0.7303)	Accuracy 0.680 (0.690)
Epoch: [4][110/539]	Batch Time 0.088 (0.089)	Data Load Time 0.001 (0.007)	Loss 0.6798 (0.7289)	Accuracy 0.727 (0.690)
Epoch: [4][120/539]	Batch Time 0.081 (0.088)	Data Load Time 0.001 (0.007)	Loss 0.7385 (0.7288)	Accuracy 0.684 (0.689)
Epoch: [4][130/539]	Batch Time 0.084 (0.088)	Data Load Time 0.001 (0.006)	Loss 0.8827 (0.7297)	Accuracy 0.660 (0.690)
Epoch: [4][140/539]	Batch Time 0.083 (0.088)	Data Load Time 0.001 (0.006)	Loss 0.7221 (0.7296)	Accuracy 0.723 (0.690)
Epoch: [4][150/539]	Batch Time 0.081 (0.087)	Data Load Time 0.001 (0.006)	Loss 0.7590 (0.7287)	Accuracy 0.652 (0.691)
Epoch: [4][160/539]	Batch Time 0.084 (0.087)	Data Load Time 0.001 (0.005)	Loss 0.7660 (0.7282)	Accuracy 0.668 (0.691)
Epoch: [4][170/539]	Batch Time 0.085 (0.087)	Data Load Time 0.001 (0.005)	Loss 0.7468 (0.7293)	Accuracy 0.645 (0.690)
Epoch: [4][180/539]	Batch Time 0.087 (0.087)	Data Load Time 0.001 (0.005)	Loss 0.7840 (0.7311)	Accuracy 0.684 (0.689)
Epoch: [4][190/539]	Batch Time 0.084 (0.087)	Data Load Time 0.001 (0.005)	Loss 0.6575 (0.7309)	Accuracy 0.734 (0.689)
Epoch: [4][200/539]	Batch Time 0.083 (0.086)	Data Load Time 0.001 (0.004)	Loss 0.7501 (0.7302)	Accuracy 0.668 (0.690)
Epoch: [4][210/539]	Batch Time 0.083 (0.086)	Data Load Time 0.001 (0.004)	Loss 0.7445 (0.7313)	Accuracy 0.691 (0.689)
Epoch: [4][220/539]	Batch Time 0.084 (0.086)	Data Load Time 0.001 (0.004)	Loss 0.6751 (0.7301)	Accuracy 0.730 (0.690)
Epoch: [4][230/539]	Batch Time 0.084 (0.086)	Data Load Time 0.001 (0.004)	Loss 0.7295 (0.7304)	Accuracy 0.715 (0.690)
Epoch: [4][240/539]	Batch Time 0.084 (0.086)	Data Load Time 0.001 (0.004)	Loss 0.7512 (0.7316)	Accuracy 0.688 (0.690)
Epoch: [4][250/539]	Batch Time 0.084 (0.086)	Data Load Time 0.001 (0.004)	Loss 0.6350 (0.7308)	Accuracy 0.719 (0.690)
Epoch: [4][260/539]	Batch Time 0.082 (0.086)	Data Load Time 0.001 (0.004)	Loss 0.7546 (0.7308)	Accuracy 0.664 (0.690)
Epoch: [4][270/539]	Batch Time 0.084 (0.086)	Data Load Time 0.001 (0.003)	Loss 0.7043 (0.7311)	Accuracy 0.742 (0.690)
Epoch: [4][280/539]	Batch Time 0.078 (0.086)	Data Load Time 0.001 (0.003)	Loss 0.7561 (0.7316)	Accuracy 0.676 (0.689)
Epoch: [4][290/539]	Batch Time 0.083 (0.086)	Data Load Time 0.001 (0.003)	Loss 0.6821 (0.7305)	Accuracy 0.699 (0.690)
Epoch: [4][300/539]	Batch Time 0.083 (0.085)	Data Load Time 0.001 (0.003)	Loss 0.7120 (0.7306)	Accuracy 0.727 (0.690)
Epoch: [4][310/539]	Batch Time 0.077 (0.085)	Data Load Time 0.001 (0.003)	Loss 0.8177 (0.7309)	Accuracy 0.629 (0.690)
Epoch: [4][320/539]	Batch Time 0.085 (0.085)	Data Load Time 0.001 (0.003)	Loss 0.7268 (0.7308)	Accuracy 0.668 (0.690)
Epoch: [4][330/539]	Batch Time 0.084 (0.085)	Data Load Time 0.001 (0.003)	Loss 0.7271 (0.7303)	Accuracy 0.715 (0.690)
Epoch: [4][340/539]	Batch Time 0.089 (0.085)	Data Load Time 0.001 (0.003)	Loss 0.7539 (0.7304)	Accuracy 0.691 (0.690)
Epoch: [4][350/539]	Batch Time 0.084 (0.085)	Data Load Time 0.001 (0.003)	Loss 0.6721 (0.7305)	Accuracy 0.711 (0.690)
Epoch: [4][360/539]	Batch Time 0.084 (0.085)	Data Load Time 0.001 (0.003)	Loss 0.6630 (0.7298)	Accuracy 0.723 (0.690)
Epoch: [4][370/539]	Batch Time 0.083 (0.085)	Data Load Time 0.001 (0.003)	Loss 0.7097 (0.7296)	Accuracy 0.711 (0.690)
Epoch: [4][380/539]	Batch Time 0.086 (0.085)	Data Load Time 0.001 (0.003)	Loss 0.6381 (0.7295)	Accuracy 0.742 (0.690)
Epoch: [4][390/539]	Batch Time 0.083 (0.085)	Data Load Time 0.001 (0.003)	Loss 0.7689 (0.7297)	Accuracy 0.660 (0.690)
Epoch: [4][400/539]	Batch Time 0.091 (0.085)	Data Load Time 0.001 (0.003)	Loss 0.7111 (0.7290)	Accuracy 0.699 (0.690)
Epoch: [4][410/539]	Batch Time 0.087 (0.085)	Data Load Time 0.001 (0.003)	Loss 0.7635 (0.7286)	Accuracy 0.664 (0.691)
Epoch: [4][420/539]	Batch Time 0.083 (0.085)	Data Load Time 0.001 (0.003)	Loss 0.6936 (0.7283)	Accuracy 0.738 (0.691)
Epoch: [4][430/539]	Batch Time 0.085 (0.085)	Data Load Time 0.001 (0.002)	Loss 0.7248 (0.7285)	Accuracy 0.672 (0.691)
Epoch: [4][440/539]	Batch Time 0.093 (0.085)	Data Load Time 0.001 (0.002)	Loss 0.8027 (0.7286)	Accuracy 0.656 (0.690)
Epoch: [4][450/539]	Batch Time 0.085 (0.085)	Data Load Time 0.001 (0.002)	Loss 0.7298 (0.7282)	Accuracy 0.699 (0.691)
Epoch: [4][460/539]	Batch Time 0.085 (0.085)	Data Load Time 0.001 (0.002)	Loss 0.7198 (0.7284)	Accuracy 0.688 (0.690)
Epoch: [4][470/539]	Batch Time 0.084 (0.085)	Data Load Time 0.001 (0.002)	Loss 0.6961 (0.7279)	Accuracy 0.719 (0.690)
Epoch: [4][480/539]	Batch Time 0.083 (0.085)	Data Load Time 0.001 (0.002)	Loss 0.8357 (0.7282)	Accuracy 0.648 (0.690)
Epoch: [4][490/539]	Batch Time 0.083 (0.085)	Data Load Time 0.001 (0.002)	Loss 0.7530 (0.7284)	Accuracy 0.711 (0.690)
Epoch: [4][500/539]	Batch Time 0.080 (0.085)	Data Load Time 0.001 (0.002)	Loss 0.7490 (0.7290)	Accuracy 0.688 (0.690)
Epoch: [4][510/539]	Batch Time 0.082 (0.085)	Data Load Time 0.001 (0.002)	Loss 0.7551 (0.7293)	Accuracy 0.672 (0.690)
Epoch: [4][520/539]	Batch Time 0.083 (0.085)	Data Load Time 0.001 (0.002)	Loss 0.7069 (0.7294)	Accuracy 0.703 (0.690)
Epoch: [4][530/539]	Batch Time 0.080 (0.085)	Data Load Time 0.000 (0.002)	Loss 0.7116 (0.7293)	Accuracy 0.688 (0.690)

DECAYING learning rate.
The new learning rate is 0.000031

epoch 4 val acc: 0.5989705669131506
Epoch: [5][0/539]	Batch Time 0.867 (0.867)	Data Load Time 0.779 (0.779)	Loss 0.7276 (0.7276)	Accuracy 0.711 (0.711)
Epoch: [5][10/539]	Batch Time 0.076 (0.148)	Data Load Time 0.000 (0.071)	Loss 0.7329 (0.7192)	Accuracy 0.676 (0.691)
Epoch: [5][20/539]	Batch Time 0.076 (0.114)	Data Load Time 0.000 (0.038)	Loss 0.7051 (0.7297)	Accuracy 0.711 (0.687)
Epoch: [5][30/539]	Batch Time 0.077 (0.102)	Data Load Time 0.000 (0.026)	Loss 0.6556 (0.7232)	Accuracy 0.691 (0.692)
Epoch: [5][40/539]	Batch Time 0.061 (0.095)	Data Load Time 0.000 (0.020)	Loss 0.7333 (0.7188)	Accuracy 0.754 (0.696)
Epoch: [5][50/539]	Batch Time 0.066 (0.089)	Data Load Time 0.000 (0.016)	Loss 0.7571 (0.7208)	Accuracy 0.703 (0.696)
Epoch: [5][60/539]	Batch Time 0.077 (0.086)	Data Load Time 0.001 (0.013)	Loss 0.7121 (0.7208)	Accuracy 0.711 (0.695)
Epoch: [5][70/539]	Batch Time 0.071 (0.085)	Data Load Time 0.001 (0.012)	Loss 0.7261 (0.7171)	Accuracy 0.695 (0.696)
Epoch: [5][80/539]	Batch Time 0.082 (0.084)	Data Load Time 0.001 (0.010)	Loss 0.6728 (0.7172)	Accuracy 0.668 (0.695)
Epoch: [5][90/539]	Batch Time 0.076 (0.084)	Data Load Time 0.001 (0.009)	Loss 0.6570 (0.7168)	Accuracy 0.723 (0.697)
Epoch: [5][100/539]	Batch Time 0.080 (0.083)	Data Load Time 0.001 (0.008)	Loss 0.7445 (0.7167)	Accuracy 0.672 (0.696)
Epoch: [5][110/539]	Batch Time 0.085 (0.083)	Data Load Time 0.001 (0.008)	Loss 0.8086 (0.7181)	Accuracy 0.598 (0.694)
Epoch: [5][120/539]	Batch Time 0.086 (0.083)	Data Load Time 0.001 (0.007)	Loss 0.6599 (0.7178)	Accuracy 0.734 (0.696)
Epoch: [5][130/539]	Batch Time 0.083 (0.083)	Data Load Time 0.001 (0.007)	Loss 0.6378 (0.7162)	Accuracy 0.758 (0.697)
Epoch: [5][140/539]	Batch Time 0.084 (0.083)	Data Load Time 0.001 (0.006)	Loss 0.7176 (0.7162)	Accuracy 0.711 (0.696)
Epoch: [5][150/539]	Batch Time 0.082 (0.083)	Data Load Time 0.001 (0.006)	Loss 0.7186 (0.7166)	Accuracy 0.707 (0.696)
Epoch: [5][160/539]	Batch Time 0.084 (0.083)	Data Load Time 0.001 (0.006)	Loss 0.8215 (0.7183)	Accuracy 0.637 (0.695)
Epoch: [5][170/539]	Batch Time 0.084 (0.083)	Data Load Time 0.001 (0.005)	Loss 0.6938 (0.7183)	Accuracy 0.691 (0.695)
Epoch: [5][180/539]	Batch Time 0.085 (0.083)	Data Load Time 0.001 (0.005)	Loss 0.7219 (0.7181)	Accuracy 0.684 (0.695)
Epoch: [5][190/539]	Batch Time 0.082 (0.083)	Data Load Time 0.001 (0.005)	Loss 0.6932 (0.7169)	Accuracy 0.707 (0.695)
Epoch: [5][200/539]	Batch Time 0.083 (0.083)	Data Load Time 0.001 (0.005)	Loss 0.6927 (0.7166)	Accuracy 0.723 (0.695)
Epoch: [5][210/539]	Batch Time 0.084 (0.083)	Data Load Time 0.001 (0.004)	Loss 0.7615 (0.7161)	Accuracy 0.676 (0.695)
Epoch: [5][220/539]	Batch Time 0.087 (0.083)	Data Load Time 0.001 (0.004)	Loss 0.7539 (0.7156)	Accuracy 0.676 (0.696)
Epoch: [5][230/539]	Batch Time 0.082 (0.083)	Data Load Time 0.001 (0.004)	Loss 0.6924 (0.7151)	Accuracy 0.684 (0.696)
Epoch: [5][240/539]	Batch Time 0.084 (0.083)	Data Load Time 0.001 (0.004)	Loss 0.6862 (0.7157)	Accuracy 0.691 (0.696)
Epoch: [5][250/539]	Batch Time 0.083 (0.083)	Data Load Time 0.001 (0.004)	Loss 0.6897 (0.7152)	Accuracy 0.711 (0.696)
Epoch: [5][260/539]	Batch Time 0.085 (0.083)	Data Load Time 0.001 (0.004)	Loss 0.7293 (0.7146)	Accuracy 0.660 (0.696)
Epoch: [5][270/539]	Batch Time 0.080 (0.083)	Data Load Time 0.001 (0.004)	Loss 0.6598 (0.7154)	Accuracy 0.715 (0.696)
Epoch: [5][280/539]	Batch Time 0.084 (0.083)	Data Load Time 0.001 (0.003)	Loss 0.7025 (0.7146)	Accuracy 0.703 (0.696)
Epoch: [5][290/539]	Batch Time 0.083 (0.083)	Data Load Time 0.001 (0.003)	Loss 0.8062 (0.7143)	Accuracy 0.664 (0.696)
Epoch: [5][300/539]	Batch Time 0.084 (0.083)	Data Load Time 0.001 (0.003)	Loss 0.6568 (0.7143)	Accuracy 0.711 (0.696)
Epoch: [5][310/539]	Batch Time 0.084 (0.083)	Data Load Time 0.001 (0.003)	Loss 0.7037 (0.7149)	Accuracy 0.715 (0.696)
Epoch: [5][320/539]	Batch Time 0.083 (0.083)	Data Load Time 0.001 (0.003)	Loss 0.6825 (0.7146)	Accuracy 0.703 (0.696)
Epoch: [5][330/539]	Batch Time 0.083 (0.083)	Data Load Time 0.001 (0.003)	Loss 0.6492 (0.7144)	Accuracy 0.734 (0.696)
Epoch: [5][340/539]	Batch Time 0.085 (0.083)	Data Load Time 0.001 (0.003)	Loss 0.7028 (0.7145)	Accuracy 0.688 (0.696)
Epoch: [5][350/539]	Batch Time 0.075 (0.083)	Data Load Time 0.001 (0.003)	Loss 0.7388 (0.7137)	Accuracy 0.723 (0.697)
Epoch: [5][360/539]	Batch Time 0.077 (0.083)	Data Load Time 0.001 (0.003)	Loss 0.7101 (0.7138)	Accuracy 0.703 (0.697)
Epoch: [5][370/539]	Batch Time 0.082 (0.083)	Data Load Time 0.001 (0.003)	Loss 0.7730 (0.7146)	Accuracy 0.691 (0.696)
Epoch: [5][380/539]	Batch Time 0.081 (0.083)	Data Load Time 0.001 (0.003)	Loss 0.7069 (0.7143)	Accuracy 0.684 (0.696)
Epoch: [5][390/539]	Batch Time 0.084 (0.083)	Data Load Time 0.001 (0.003)	Loss 0.6913 (0.7136)	Accuracy 0.703 (0.697)
Epoch: [5][400/539]	Batch Time 0.077 (0.083)	Data Load Time 0.000 (0.003)	Loss 0.6681 (0.7144)	Accuracy 0.719 (0.696)
Epoch: [5][410/539]	Batch Time 0.080 (0.083)	Data Load Time 0.001 (0.003)	Loss 0.6739 (0.7143)	Accuracy 0.719 (0.697)
Epoch: [5][420/539]	Batch Time 0.075 (0.083)	Data Load Time 0.001 (0.003)	Loss 0.7863 (0.7148)	Accuracy 0.660 (0.696)
Epoch: [5][430/539]	Batch Time 0.080 (0.083)	Data Load Time 0.001 (0.003)	Loss 0.7374 (0.7154)	Accuracy 0.699 (0.696)
Epoch: [5][440/539]	Batch Time 0.084 (0.083)	Data Load Time 0.001 (0.002)	Loss 0.7599 (0.7160)	Accuracy 0.680 (0.696)
Epoch: [5][450/539]	Batch Time 0.084 (0.083)	Data Load Time 0.001 (0.002)	Loss 0.7071 (0.7164)	Accuracy 0.699 (0.695)
Epoch: [5][460/539]	Batch Time 0.084 (0.083)	Data Load Time 0.001 (0.002)	Loss 0.8503 (0.7175)	Accuracy 0.633 (0.695)
Epoch: [5][470/539]	Batch Time 0.084 (0.083)	Data Load Time 0.001 (0.002)	Loss 0.8137 (0.7170)	Accuracy 0.676 (0.695)
Epoch: [5][480/539]	Batch Time 0.095 (0.083)	Data Load Time 0.001 (0.002)	Loss 0.7163 (0.7171)	Accuracy 0.684 (0.695)
Epoch: [5][490/539]	Batch Time 0.086 (0.083)	Data Load Time 0.001 (0.002)	Loss 0.6523 (0.7170)	Accuracy 0.762 (0.695)
Epoch: [5][500/539]	Batch Time 0.083 (0.083)	Data Load Time 0.001 (0.002)	Loss 0.7422 (0.7176)	Accuracy 0.676 (0.695)
Epoch: [5][510/539]	Batch Time 0.088 (0.083)	Data Load Time 0.001 (0.002)	Loss 0.6858 (0.7173)	Accuracy 0.719 (0.695)
Epoch: [5][520/539]	Batch Time 0.088 (0.083)	Data Load Time 0.001 (0.002)	Loss 0.7469 (0.7176)	Accuracy 0.652 (0.695)
Epoch: [5][530/539]	Batch Time 0.079 (0.083)	Data Load Time 0.000 (0.002)	Loss 0.8190 (0.7175)	Accuracy 0.633 (0.695)

DECAYING learning rate.
The new learning rate is 0.000016

epoch 5 val acc: 0.5995795273307235

 * TEST ACCURACY - 60.1 per cent

