
Embedding length is 200.

Loading embeddings...
Done.
 Embedding vocabulary: 37808.

Epoch: [0][0/539]	Batch Time 0.781 (0.781)	Data Load Time 0.668 (0.668)	Loss 1.6053 (1.6053)	Accuracy 0.289 (0.289)
Epoch: [0][10/539]	Batch Time 0.056 (0.121)	Data Load Time 0.001 (0.062)	Loss 1.4960 (1.5020)	Accuracy 0.379 (0.341)
Epoch: [0][20/539]	Batch Time 0.063 (0.090)	Data Load Time 0.001 (0.033)	Loss 1.4142 (1.4779)	Accuracy 0.387 (0.350)
Epoch: [0][30/539]	Batch Time 0.062 (0.079)	Data Load Time 0.001 (0.022)	Loss 1.3535 (1.4556)	Accuracy 0.426 (0.361)
Epoch: [0][40/539]	Batch Time 0.063 (0.073)	Data Load Time 0.001 (0.017)	Loss 1.2848 (1.4396)	Accuracy 0.465 (0.371)
Epoch: [0][50/539]	Batch Time 0.052 (0.070)	Data Load Time 0.001 (0.014)	Loss 1.3053 (1.4128)	Accuracy 0.402 (0.378)
Epoch: [0][60/539]	Batch Time 0.063 (0.068)	Data Load Time 0.001 (0.012)	Loss 1.1751 (1.3801)	Accuracy 0.496 (0.391)
Epoch: [0][70/539]	Batch Time 0.058 (0.066)	Data Load Time 0.001 (0.010)	Loss 1.1199 (1.3468)	Accuracy 0.504 (0.402)
Epoch: [0][80/539]	Batch Time 0.057 (0.065)	Data Load Time 0.001 (0.009)	Loss 1.1877 (1.3180)	Accuracy 0.453 (0.414)
Epoch: [0][90/539]	Batch Time 0.058 (0.064)	Data Load Time 0.001 (0.008)	Loss 1.0542 (1.2899)	Accuracy 0.508 (0.427)
Epoch: [0][100/539]	Batch Time 0.057 (0.064)	Data Load Time 0.001 (0.008)	Loss 1.0264 (1.2648)	Accuracy 0.543 (0.439)
Epoch: [0][110/539]	Batch Time 0.081 (0.064)	Data Load Time 0.001 (0.007)	Loss 1.0263 (1.2441)	Accuracy 0.590 (0.448)
Epoch: [0][120/539]	Batch Time 0.055 (0.064)	Data Load Time 0.001 (0.007)	Loss 1.0033 (1.2272)	Accuracy 0.586 (0.456)
Epoch: [0][130/539]	Batch Time 0.054 (0.063)	Data Load Time 0.001 (0.006)	Loss 0.9434 (1.2085)	Accuracy 0.594 (0.465)
Epoch: [0][140/539]	Batch Time 0.057 (0.062)	Data Load Time 0.001 (0.006)	Loss 1.0486 (1.1946)	Accuracy 0.516 (0.470)
Epoch: [0][150/539]	Batch Time 0.056 (0.062)	Data Load Time 0.001 (0.005)	Loss 0.8956 (1.1795)	Accuracy 0.570 (0.477)
Epoch: [0][160/539]	Batch Time 0.058 (0.062)	Data Load Time 0.001 (0.005)	Loss 0.9812 (1.1675)	Accuracy 0.574 (0.481)
Epoch: [0][170/539]	Batch Time 0.062 (0.062)	Data Load Time 0.001 (0.005)	Loss 0.9949 (1.1561)	Accuracy 0.527 (0.486)
Epoch: [0][180/539]	Batch Time 0.057 (0.061)	Data Load Time 0.001 (0.005)	Loss 0.8914 (1.1455)	Accuracy 0.617 (0.491)
Epoch: [0][190/539]	Batch Time 0.057 (0.061)	Data Load Time 0.001 (0.004)	Loss 0.9711 (1.1350)	Accuracy 0.547 (0.495)
Epoch: [0][200/539]	Batch Time 0.063 (0.061)	Data Load Time 0.001 (0.004)	Loss 0.9811 (1.1266)	Accuracy 0.570 (0.498)
Epoch: [0][210/539]	Batch Time 0.058 (0.061)	Data Load Time 0.001 (0.004)	Loss 0.9002 (1.1175)	Accuracy 0.551 (0.502)
Epoch: [0][220/539]	Batch Time 0.069 (0.061)	Data Load Time 0.002 (0.004)	Loss 0.9520 (1.1093)	Accuracy 0.570 (0.506)
Epoch: [0][230/539]	Batch Time 0.063 (0.061)	Data Load Time 0.001 (0.004)	Loss 0.9171 (1.1018)	Accuracy 0.570 (0.509)
Epoch: [0][240/539]	Batch Time 0.059 (0.061)	Data Load Time 0.001 (0.004)	Loss 0.9097 (1.0951)	Accuracy 0.602 (0.512)
Epoch: [0][250/539]	Batch Time 0.055 (0.061)	Data Load Time 0.001 (0.004)	Loss 0.9126 (1.0878)	Accuracy 0.598 (0.515)
Epoch: [0][260/539]	Batch Time 0.060 (0.061)	Data Load Time 0.001 (0.004)	Loss 0.9089 (1.0814)	Accuracy 0.625 (0.518)
Epoch: [0][270/539]	Batch Time 0.065 (0.061)	Data Load Time 0.001 (0.003)	Loss 0.9622 (1.0775)	Accuracy 0.605 (0.520)
Epoch: [0][280/539]	Batch Time 0.059 (0.061)	Data Load Time 0.001 (0.003)	Loss 1.0227 (1.0729)	Accuracy 0.594 (0.522)
Epoch: [0][290/539]	Batch Time 0.060 (0.061)	Data Load Time 0.001 (0.003)	Loss 0.9880 (1.0678)	Accuracy 0.555 (0.524)
Epoch: [0][300/539]	Batch Time 0.059 (0.061)	Data Load Time 0.001 (0.003)	Loss 0.9204 (1.0639)	Accuracy 0.582 (0.526)
Epoch: [0][310/539]	Batch Time 0.061 (0.061)	Data Load Time 0.001 (0.003)	Loss 0.8445 (1.0595)	Accuracy 0.660 (0.528)
Epoch: [0][320/539]	Batch Time 0.059 (0.061)	Data Load Time 0.001 (0.003)	Loss 0.8820 (1.0556)	Accuracy 0.582 (0.529)
Epoch: [0][330/539]	Batch Time 0.057 (0.061)	Data Load Time 0.001 (0.003)	Loss 0.9852 (1.0523)	Accuracy 0.566 (0.530)
Epoch: [0][340/539]	Batch Time 0.061 (0.061)	Data Load Time 0.001 (0.003)	Loss 0.9462 (1.0497)	Accuracy 0.543 (0.531)
Epoch: [0][350/539]	Batch Time 0.057 (0.061)	Data Load Time 0.001 (0.003)	Loss 1.0079 (1.0466)	Accuracy 0.535 (0.532)
Epoch: [0][360/539]	Batch Time 0.062 (0.061)	Data Load Time 0.001 (0.003)	Loss 1.0082 (1.0436)	Accuracy 0.578 (0.534)
Epoch: [0][370/539]	Batch Time 0.076 (0.061)	Data Load Time 0.001 (0.003)	Loss 0.8874 (1.0402)	Accuracy 0.613 (0.535)
Epoch: [0][380/539]	Batch Time 0.060 (0.061)	Data Load Time 0.001 (0.003)	Loss 0.9276 (1.0371)	Accuracy 0.602 (0.536)
Epoch: [0][390/539]	Batch Time 0.059 (0.061)	Data Load Time 0.001 (0.003)	Loss 0.9614 (1.0338)	Accuracy 0.562 (0.538)
Epoch: [0][400/539]	Batch Time 0.068 (0.061)	Data Load Time 0.001 (0.003)	Loss 0.8632 (1.0309)	Accuracy 0.594 (0.539)
Epoch: [0][410/539]	Batch Time 0.061 (0.061)	Data Load Time 0.001 (0.003)	Loss 0.8856 (1.0279)	Accuracy 0.621 (0.541)
Epoch: [0][420/539]	Batch Time 0.058 (0.061)	Data Load Time 0.001 (0.003)	Loss 0.8948 (1.0247)	Accuracy 0.594 (0.542)
Epoch: [0][430/539]	Batch Time 0.062 (0.061)	Data Load Time 0.001 (0.003)	Loss 0.9172 (1.0219)	Accuracy 0.582 (0.544)
Epoch: [0][440/539]	Batch Time 0.057 (0.061)	Data Load Time 0.001 (0.003)	Loss 0.9118 (1.0202)	Accuracy 0.598 (0.544)
Epoch: [0][450/539]	Batch Time 0.062 (0.061)	Data Load Time 0.001 (0.003)	Loss 0.9442 (1.0173)	Accuracy 0.570 (0.546)
Epoch: [0][460/539]	Batch Time 0.057 (0.061)	Data Load Time 0.001 (0.002)	Loss 0.8794 (1.0148)	Accuracy 0.578 (0.547)
Epoch: [0][470/539]	Batch Time 0.069 (0.061)	Data Load Time 0.001 (0.002)	Loss 0.8644 (1.0129)	Accuracy 0.617 (0.548)
Epoch: [0][480/539]	Batch Time 0.057 (0.061)	Data Load Time 0.001 (0.002)	Loss 0.9216 (1.0113)	Accuracy 0.602 (0.549)
Epoch: [0][490/539]	Batch Time 0.077 (0.061)	Data Load Time 0.001 (0.002)	Loss 0.9655 (1.0093)	Accuracy 0.574 (0.550)
Epoch: [0][500/539]	Batch Time 0.057 (0.061)	Data Load Time 0.001 (0.002)	Loss 0.9222 (1.0070)	Accuracy 0.562 (0.551)
Epoch: [0][510/539]	Batch Time 0.060 (0.061)	Data Load Time 0.001 (0.002)	Loss 0.8739 (1.0052)	Accuracy 0.629 (0.552)
Epoch: [0][520/539]	Batch Time 0.069 (0.061)	Data Load Time 0.001 (0.002)	Loss 0.8766 (1.0036)	Accuracy 0.602 (0.552)
Epoch: [0][530/539]	Batch Time 0.065 (0.062)	Data Load Time 0.000 (0.002)	Loss 0.8128 (1.0011)	Accuracy 0.645 (0.554)

DECAYING learning rate.
The new learning rate is 0.000500

epoch 0 val acc: 0.6055386399884007
Epoch: [1][0/539]	Batch Time 0.884 (0.884)	Data Load Time 0.822 (0.822)	Loss 0.8321 (0.8321)	Accuracy 0.656 (0.656)
Epoch: [1][10/539]	Batch Time 0.055 (0.130)	Data Load Time 0.001 (0.076)	Loss 0.7841 (0.8390)	Accuracy 0.668 (0.625)
Epoch: [1][20/539]	Batch Time 0.059 (0.095)	Data Load Time 0.001 (0.040)	Loss 0.7810 (0.8289)	Accuracy 0.648 (0.633)
Epoch: [1][30/539]	Batch Time 0.058 (0.084)	Data Load Time 0.001 (0.028)	Loss 0.7456 (0.8278)	Accuracy 0.680 (0.634)
Epoch: [1][40/539]	Batch Time 0.059 (0.079)	Data Load Time 0.001 (0.021)	Loss 0.7839 (0.8226)	Accuracy 0.648 (0.640)
Epoch: [1][50/539]	Batch Time 0.064 (0.075)	Data Load Time 0.002 (0.017)	Loss 0.7827 (0.8220)	Accuracy 0.668 (0.640)
Epoch: [1][60/539]	Batch Time 0.059 (0.073)	Data Load Time 0.001 (0.015)	Loss 0.8031 (0.8245)	Accuracy 0.609 (0.637)
Epoch: [1][70/539]	Batch Time 0.060 (0.071)	Data Load Time 0.001 (0.013)	Loss 0.7399 (0.8253)	Accuracy 0.711 (0.636)
Epoch: [1][80/539]	Batch Time 0.056 (0.069)	Data Load Time 0.001 (0.011)	Loss 0.8062 (0.8260)	Accuracy 0.637 (0.636)
Epoch: [1][90/539]	Batch Time 0.058 (0.068)	Data Load Time 0.001 (0.010)	Loss 0.8546 (0.8251)	Accuracy 0.648 (0.636)
Epoch: [1][100/539]	Batch Time 0.060 (0.068)	Data Load Time 0.001 (0.009)	Loss 0.8732 (0.8258)	Accuracy 0.582 (0.636)
Epoch: [1][110/539]	Batch Time 0.079 (0.067)	Data Load Time 0.001 (0.009)	Loss 0.8476 (0.8245)	Accuracy 0.648 (0.636)
Epoch: [1][120/539]	Batch Time 0.059 (0.067)	Data Load Time 0.001 (0.008)	Loss 0.9170 (0.8257)	Accuracy 0.570 (0.635)
Epoch: [1][130/539]	Batch Time 0.059 (0.066)	Data Load Time 0.001 (0.007)	Loss 0.8031 (0.8259)	Accuracy 0.684 (0.636)
Epoch: [1][140/539]	Batch Time 0.059 (0.066)	Data Load Time 0.001 (0.007)	Loss 0.8032 (0.8259)	Accuracy 0.641 (0.636)
Epoch: [1][150/539]	Batch Time 0.054 (0.065)	Data Load Time 0.001 (0.007)	Loss 0.8716 (0.8277)	Accuracy 0.629 (0.636)
Epoch: [1][160/539]	Batch Time 0.052 (0.065)	Data Load Time 0.001 (0.006)	Loss 0.8301 (0.8269)	Accuracy 0.648 (0.636)
Epoch: [1][170/539]	Batch Time 0.056 (0.064)	Data Load Time 0.001 (0.006)	Loss 0.8172 (0.8267)	Accuracy 0.598 (0.636)
Epoch: [1][180/539]	Batch Time 0.057 (0.064)	Data Load Time 0.001 (0.006)	Loss 0.7823 (0.8275)	Accuracy 0.617 (0.636)
Epoch: [1][190/539]	Batch Time 0.064 (0.063)	Data Load Time 0.001 (0.005)	Loss 0.7997 (0.8266)	Accuracy 0.668 (0.636)
Epoch: [1][200/539]	Batch Time 0.052 (0.063)	Data Load Time 0.001 (0.005)	Loss 0.7630 (0.8259)	Accuracy 0.668 (0.636)
Epoch: [1][210/539]	Batch Time 0.061 (0.063)	Data Load Time 0.001 (0.005)	Loss 0.7556 (0.8251)	Accuracy 0.652 (0.636)
Epoch: [1][220/539]	Batch Time 0.059 (0.062)	Data Load Time 0.001 (0.005)	Loss 0.7598 (0.8252)	Accuracy 0.691 (0.636)
Epoch: [1][230/539]	Batch Time 0.057 (0.062)	Data Load Time 0.001 (0.005)	Loss 0.8668 (0.8254)	Accuracy 0.594 (0.636)
Epoch: [1][240/539]	Batch Time 0.065 (0.062)	Data Load Time 0.001 (0.005)	Loss 0.7997 (0.8253)	Accuracy 0.664 (0.636)
Epoch: [1][250/539]	Batch Time 0.057 (0.062)	Data Load Time 0.001 (0.004)	Loss 0.8377 (0.8252)	Accuracy 0.660 (0.636)
Epoch: [1][260/539]	Batch Time 0.058 (0.062)	Data Load Time 0.002 (0.004)	Loss 0.8571 (0.8257)	Accuracy 0.652 (0.636)
Epoch: [1][270/539]	Batch Time 0.078 (0.062)	Data Load Time 0.001 (0.004)	Loss 0.7883 (0.8249)	Accuracy 0.652 (0.637)
Epoch: [1][280/539]	Batch Time 0.060 (0.062)	Data Load Time 0.001 (0.004)	Loss 0.8260 (0.8245)	Accuracy 0.613 (0.637)
Epoch: [1][290/539]	Batch Time 0.059 (0.062)	Data Load Time 0.001 (0.004)	Loss 0.7916 (0.8255)	Accuracy 0.676 (0.637)
Epoch: [1][300/539]	Batch Time 0.058 (0.062)	Data Load Time 0.001 (0.004)	Loss 0.8064 (0.8251)	Accuracy 0.688 (0.637)
Epoch: [1][310/539]	Batch Time 0.059 (0.062)	Data Load Time 0.002 (0.004)	Loss 0.9182 (0.8251)	Accuracy 0.605 (0.637)
Epoch: [1][320/539]	Batch Time 0.059 (0.062)	Data Load Time 0.001 (0.004)	Loss 0.8361 (0.8245)	Accuracy 0.633 (0.637)
Epoch: [1][330/539]	Batch Time 0.062 (0.062)	Data Load Time 0.001 (0.004)	Loss 0.8293 (0.8252)	Accuracy 0.633 (0.637)
Epoch: [1][340/539]	Batch Time 0.058 (0.062)	Data Load Time 0.002 (0.004)	Loss 0.8531 (0.8257)	Accuracy 0.648 (0.637)
Epoch: [1][350/539]	Batch Time 0.061 (0.062)	Data Load Time 0.001 (0.004)	Loss 0.7862 (0.8254)	Accuracy 0.672 (0.637)
Epoch: [1][360/539]	Batch Time 0.055 (0.062)	Data Load Time 0.001 (0.003)	Loss 0.8967 (0.8260)	Accuracy 0.586 (0.637)
Epoch: [1][370/539]	Batch Time 0.068 (0.062)	Data Load Time 0.001 (0.003)	Loss 0.7937 (0.8261)	Accuracy 0.621 (0.637)
Epoch: [1][380/539]	Batch Time 0.054 (0.061)	Data Load Time 0.001 (0.003)	Loss 0.7844 (0.8262)	Accuracy 0.703 (0.637)
Epoch: [1][390/539]	Batch Time 0.058 (0.061)	Data Load Time 0.001 (0.003)	Loss 0.7546 (0.8265)	Accuracy 0.668 (0.637)
Epoch: [1][400/539]	Batch Time 0.056 (0.061)	Data Load Time 0.001 (0.003)	Loss 0.7865 (0.8268)	Accuracy 0.652 (0.637)
Epoch: [1][410/539]	Batch Time 0.058 (0.061)	Data Load Time 0.001 (0.003)	Loss 0.8113 (0.8268)	Accuracy 0.660 (0.637)
Epoch: [1][420/539]	Batch Time 0.056 (0.061)	Data Load Time 0.001 (0.003)	Loss 0.8078 (0.8269)	Accuracy 0.648 (0.637)
Epoch: [1][430/539]	Batch Time 0.061 (0.061)	Data Load Time 0.001 (0.003)	Loss 0.7249 (0.8262)	Accuracy 0.668 (0.637)
Epoch: [1][440/539]	Batch Time 0.058 (0.061)	Data Load Time 0.001 (0.003)	Loss 0.8435 (0.8264)	Accuracy 0.633 (0.637)
Epoch: [1][450/539]	Batch Time 0.055 (0.061)	Data Load Time 0.001 (0.003)	Loss 0.7341 (0.8260)	Accuracy 0.695 (0.637)
Epoch: [1][460/539]	Batch Time 0.062 (0.061)	Data Load Time 0.001 (0.003)	Loss 0.8391 (0.8260)	Accuracy 0.656 (0.637)
Epoch: [1][470/539]	Batch Time 0.064 (0.061)	Data Load Time 0.001 (0.003)	Loss 0.7860 (0.8265)	Accuracy 0.668 (0.637)
Epoch: [1][480/539]	Batch Time 0.060 (0.061)	Data Load Time 0.001 (0.003)	Loss 0.8574 (0.8265)	Accuracy 0.590 (0.637)
Epoch: [1][490/539]	Batch Time 0.059 (0.061)	Data Load Time 0.001 (0.003)	Loss 0.7669 (0.8262)	Accuracy 0.664 (0.637)
Epoch: [1][500/539]	Batch Time 0.059 (0.061)	Data Load Time 0.001 (0.003)	Loss 0.8106 (0.8259)	Accuracy 0.680 (0.637)
Epoch: [1][510/539]	Batch Time 0.072 (0.061)	Data Load Time 0.002 (0.003)	Loss 0.8621 (0.8258)	Accuracy 0.578 (0.638)
Epoch: [1][520/539]	Batch Time 0.060 (0.061)	Data Load Time 0.001 (0.003)	Loss 0.8468 (0.8260)	Accuracy 0.602 (0.637)
Epoch: [1][530/539]	Batch Time 0.061 (0.061)	Data Load Time 0.000 (0.003)	Loss 0.8297 (0.8258)	Accuracy 0.625 (0.637)

DECAYING learning rate.
The new learning rate is 0.000250

epoch 1 val acc: 0.6076989995650283
Epoch: [2][0/539]	Batch Time 0.963 (0.963)	Data Load Time 0.896 (0.896)	Loss 0.7642 (0.7642)	Accuracy 0.668 (0.668)
Epoch: [2][10/539]	Batch Time 0.057 (0.138)	Data Load Time 0.001 (0.082)	Loss 0.7842 (0.7653)	Accuracy 0.633 (0.663)
Epoch: [2][20/539]	Batch Time 0.065 (0.100)	Data Load Time 0.002 (0.044)	Loss 0.7571 (0.7614)	Accuracy 0.633 (0.666)
Epoch: [2][30/539]	Batch Time 0.063 (0.088)	Data Load Time 0.001 (0.030)	Loss 0.7782 (0.7506)	Accuracy 0.688 (0.676)
Epoch: [2][40/539]	Batch Time 0.062 (0.082)	Data Load Time 0.001 (0.023)	Loss 0.8611 (0.7527)	Accuracy 0.586 (0.672)
Epoch: [2][50/539]	Batch Time 0.053 (0.077)	Data Load Time 0.001 (0.019)	Loss 0.7667 (0.7520)	Accuracy 0.691 (0.673)
Epoch: [2][60/539]	Batch Time 0.059 (0.074)	Data Load Time 0.001 (0.016)	Loss 0.7617 (0.7525)	Accuracy 0.672 (0.673)
Epoch: [2][70/539]	Batch Time 0.062 (0.072)	Data Load Time 0.001 (0.014)	Loss 0.7500 (0.7528)	Accuracy 0.707 (0.676)
Epoch: [2][80/539]	Batch Time 0.062 (0.071)	Data Load Time 0.001 (0.012)	Loss 0.7238 (0.7503)	Accuracy 0.648 (0.677)
Epoch: [2][90/539]	Batch Time 0.065 (0.071)	Data Load Time 0.001 (0.011)	Loss 0.6930 (0.7495)	Accuracy 0.758 (0.677)
Epoch: [2][100/539]	Batch Time 0.062 (0.070)	Data Load Time 0.001 (0.010)	Loss 0.6770 (0.7487)	Accuracy 0.707 (0.677)
Epoch: [2][110/539]	Batch Time 0.060 (0.069)	Data Load Time 0.001 (0.009)	Loss 0.7115 (0.7507)	Accuracy 0.680 (0.677)
Epoch: [2][120/539]	Batch Time 0.067 (0.069)	Data Load Time 0.001 (0.008)	Loss 0.7881 (0.7510)	Accuracy 0.688 (0.677)
Epoch: [2][130/539]	Batch Time 0.075 (0.069)	Data Load Time 0.001 (0.008)	Loss 0.7015 (0.7495)	Accuracy 0.715 (0.677)
Epoch: [2][140/539]	Batch Time 0.056 (0.069)	Data Load Time 0.001 (0.007)	Loss 0.8078 (0.7490)	Accuracy 0.641 (0.678)
Epoch: [2][150/539]	Batch Time 0.064 (0.069)	Data Load Time 0.001 (0.007)	Loss 0.7433 (0.7496)	Accuracy 0.676 (0.678)
Epoch: [2][160/539]	Batch Time 0.066 (0.068)	Data Load Time 0.001 (0.007)	Loss 0.7056 (0.7507)	Accuracy 0.680 (0.677)
Epoch: [2][170/539]	Batch Time 0.066 (0.068)	Data Load Time 0.001 (0.006)	Loss 0.8289 (0.7526)	Accuracy 0.641 (0.677)
Epoch: [2][180/539]	Batch Time 0.064 (0.068)	Data Load Time 0.001 (0.006)	Loss 0.6998 (0.7522)	Accuracy 0.707 (0.677)
Epoch: [2][190/539]	Batch Time 0.057 (0.068)	Data Load Time 0.001 (0.006)	Loss 0.7496 (0.7517)	Accuracy 0.660 (0.677)
Epoch: [2][200/539]	Batch Time 0.068 (0.068)	Data Load Time 0.001 (0.005)	Loss 0.6793 (0.7525)	Accuracy 0.711 (0.676)
Epoch: [2][210/539]	Batch Time 0.067 (0.068)	Data Load Time 0.001 (0.005)	Loss 0.8439 (0.7538)	Accuracy 0.633 (0.676)
Epoch: [2][220/539]	Batch Time 0.064 (0.067)	Data Load Time 0.001 (0.005)	Loss 0.7724 (0.7541)	Accuracy 0.699 (0.676)
Epoch: [2][230/539]	Batch Time 0.123 (0.068)	Data Load Time 0.001 (0.005)	Loss 0.7093 (0.7548)	Accuracy 0.668 (0.676)
Epoch: [2][240/539]	Batch Time 0.062 (0.068)	Data Load Time 0.001 (0.005)	Loss 0.7971 (0.7551)	Accuracy 0.660 (0.676)
Epoch: [2][250/539]	Batch Time 0.066 (0.068)	Data Load Time 0.001 (0.005)	Loss 0.8578 (0.7559)	Accuracy 0.637 (0.675)
Epoch: [2][260/539]	Batch Time 0.066 (0.067)	Data Load Time 0.001 (0.004)	Loss 0.7401 (0.7549)	Accuracy 0.656 (0.675)
Epoch: [2][270/539]	Batch Time 0.065 (0.067)	Data Load Time 0.001 (0.004)	Loss 0.7462 (0.7550)	Accuracy 0.676 (0.675)
Epoch: [2][280/539]	Batch Time 0.061 (0.067)	Data Load Time 0.001 (0.004)	Loss 0.7859 (0.7556)	Accuracy 0.656 (0.675)
Epoch: [2][290/539]	Batch Time 0.061 (0.067)	Data Load Time 0.001 (0.004)	Loss 0.7825 (0.7564)	Accuracy 0.637 (0.675)
Epoch: [2][300/539]	Batch Time 0.061 (0.067)	Data Load Time 0.001 (0.004)	Loss 0.8622 (0.7567)	Accuracy 0.605 (0.674)
Epoch: [2][310/539]	Batch Time 0.060 (0.067)	Data Load Time 0.001 (0.004)	Loss 0.7344 (0.7565)	Accuracy 0.660 (0.674)
Epoch: [2][320/539]	Batch Time 0.063 (0.066)	Data Load Time 0.001 (0.004)	Loss 0.7866 (0.7566)	Accuracy 0.656 (0.674)
Epoch: [2][330/539]	Batch Time 0.060 (0.066)	Data Load Time 0.001 (0.004)	Loss 0.7568 (0.7557)	Accuracy 0.684 (0.674)
Epoch: [2][340/539]	Batch Time 0.067 (0.066)	Data Load Time 0.001 (0.004)	Loss 0.7555 (0.7556)	Accuracy 0.676 (0.674)
Epoch: [2][350/539]	Batch Time 0.059 (0.066)	Data Load Time 0.001 (0.004)	Loss 0.7336 (0.7558)	Accuracy 0.672 (0.674)
Epoch: [2][360/539]	Batch Time 0.061 (0.066)	Data Load Time 0.001 (0.003)	Loss 0.7461 (0.7555)	Accuracy 0.684 (0.674)
Epoch: [2][370/539]	Batch Time 0.055 (0.066)	Data Load Time 0.001 (0.003)	Loss 0.7213 (0.7551)	Accuracy 0.699 (0.674)
Epoch: [2][380/539]	Batch Time 0.064 (0.066)	Data Load Time 0.001 (0.003)	Loss 0.7288 (0.7545)	Accuracy 0.676 (0.674)
Epoch: [2][390/539]	Batch Time 0.062 (0.066)	Data Load Time 0.001 (0.003)	Loss 0.7098 (0.7541)	Accuracy 0.715 (0.674)
Epoch: [2][400/539]	Batch Time 0.055 (0.066)	Data Load Time 0.001 (0.003)	Loss 0.7977 (0.7540)	Accuracy 0.656 (0.674)
Epoch: [2][410/539]	Batch Time 0.061 (0.065)	Data Load Time 0.001 (0.003)	Loss 0.7758 (0.7542)	Accuracy 0.645 (0.674)
Epoch: [2][420/539]	Batch Time 0.055 (0.065)	Data Load Time 0.001 (0.003)	Loss 0.7236 (0.7544)	Accuracy 0.688 (0.674)
Epoch: [2][430/539]	Batch Time 0.054 (0.065)	Data Load Time 0.001 (0.003)	Loss 0.7146 (0.7543)	Accuracy 0.660 (0.674)
Epoch: [2][440/539]	Batch Time 0.054 (0.065)	Data Load Time 0.001 (0.003)	Loss 0.8111 (0.7541)	Accuracy 0.672 (0.674)
Epoch: [2][450/539]	Batch Time 0.053 (0.064)	Data Load Time 0.001 (0.003)	Loss 0.6916 (0.7540)	Accuracy 0.691 (0.674)
Epoch: [2][460/539]	Batch Time 0.054 (0.064)	Data Load Time 0.001 (0.003)	Loss 0.8939 (0.7544)	Accuracy 0.613 (0.673)
Epoch: [2][470/539]	Batch Time 0.059 (0.064)	Data Load Time 0.001 (0.003)	Loss 0.8179 (0.7549)	Accuracy 0.664 (0.673)
Epoch: [2][480/539]	Batch Time 0.059 (0.064)	Data Load Time 0.001 (0.003)	Loss 0.7839 (0.7555)	Accuracy 0.652 (0.673)
Epoch: [2][490/539]	Batch Time 0.060 (0.064)	Data Load Time 0.001 (0.003)	Loss 0.7272 (0.7557)	Accuracy 0.684 (0.673)
Epoch: [2][500/539]	Batch Time 0.059 (0.064)	Data Load Time 0.001 (0.003)	Loss 0.7575 (0.7558)	Accuracy 0.645 (0.673)
Epoch: [2][510/539]	Batch Time 0.059 (0.064)	Data Load Time 0.001 (0.003)	Loss 0.7467 (0.7555)	Accuracy 0.695 (0.673)
Epoch: [2][520/539]	Batch Time 0.066 (0.064)	Data Load Time 0.001 (0.003)	Loss 0.7766 (0.7552)	Accuracy 0.684 (0.673)
Epoch: [2][530/539]	Batch Time 0.062 (0.064)	Data Load Time 0.000 (0.003)	Loss 0.7621 (0.7546)	Accuracy 0.711 (0.674)

DECAYING learning rate.
The new learning rate is 0.000125

epoch 2 val acc: 0.6082644628099173
Epoch: [3][0/539]	Batch Time 1.127 (1.127)	Data Load Time 1.063 (1.063)	Loss 0.7368 (0.7368)	Accuracy 0.727 (0.727)
Epoch: [3][10/539]	Batch Time 0.060 (0.157)	Data Load Time 0.001 (0.098)	Loss 0.6845 (0.7018)	Accuracy 0.676 (0.699)
Epoch: [3][20/539]	Batch Time 0.059 (0.110)	Data Load Time 0.001 (0.052)	Loss 0.6299 (0.7091)	Accuracy 0.742 (0.697)
Epoch: [3][30/539]	Batch Time 0.059 (0.093)	Data Load Time 0.001 (0.035)	Loss 0.6212 (0.7090)	Accuracy 0.727 (0.696)
Epoch: [3][40/539]	Batch Time 0.060 (0.085)	Data Load Time 0.001 (0.027)	Loss 0.7140 (0.7125)	Accuracy 0.719 (0.696)
Epoch: [3][50/539]	Batch Time 0.060 (0.080)	Data Load Time 0.001 (0.022)	Loss 0.6921 (0.7133)	Accuracy 0.672 (0.695)
Epoch: [3][60/539]	Batch Time 0.058 (0.077)	Data Load Time 0.001 (0.018)	Loss 0.7041 (0.7093)	Accuracy 0.707 (0.697)
Epoch: [3][70/539]	Batch Time 0.060 (0.074)	Data Load Time 0.001 (0.016)	Loss 0.6316 (0.7051)	Accuracy 0.699 (0.698)
Epoch: [3][80/539]	Batch Time 0.060 (0.073)	Data Load Time 0.001 (0.014)	Loss 0.7292 (0.7061)	Accuracy 0.688 (0.698)
Epoch: [3][90/539]	Batch Time 0.059 (0.071)	Data Load Time 0.001 (0.013)	Loss 0.7416 (0.7064)	Accuracy 0.664 (0.698)
Epoch: [3][100/539]	Batch Time 0.054 (0.070)	Data Load Time 0.001 (0.012)	Loss 0.7453 (0.7061)	Accuracy 0.668 (0.698)
Epoch: [3][110/539]	Batch Time 0.058 (0.069)	Data Load Time 0.001 (0.011)	Loss 0.6674 (0.7075)	Accuracy 0.715 (0.697)
Epoch: [3][120/539]	Batch Time 0.055 (0.068)	Data Load Time 0.001 (0.010)	Loss 0.7984 (0.7086)	Accuracy 0.652 (0.696)
Epoch: [3][130/539]	Batch Time 0.058 (0.067)	Data Load Time 0.001 (0.009)	Loss 0.6667 (0.7083)	Accuracy 0.746 (0.697)
Epoch: [3][140/539]	Batch Time 0.059 (0.067)	Data Load Time 0.001 (0.009)	Loss 0.7501 (0.7078)	Accuracy 0.699 (0.698)
Epoch: [3][150/539]	Batch Time 0.052 (0.066)	Data Load Time 0.001 (0.008)	Loss 0.7461 (0.7083)	Accuracy 0.660 (0.697)
Epoch: [3][160/539]	Batch Time 0.053 (0.065)	Data Load Time 0.001 (0.008)	Loss 0.7087 (0.7091)	Accuracy 0.691 (0.697)
Epoch: [3][170/539]	Batch Time 0.057 (0.065)	Data Load Time 0.001 (0.007)	Loss 0.6771 (0.7088)	Accuracy 0.707 (0.698)
Epoch: [3][180/539]	Batch Time 0.055 (0.064)	Data Load Time 0.001 (0.007)	Loss 0.7273 (0.7083)	Accuracy 0.707 (0.698)
Epoch: [3][190/539]	Batch Time 0.056 (0.064)	Data Load Time 0.001 (0.007)	Loss 0.6499 (0.7079)	Accuracy 0.727 (0.698)
Epoch: [3][200/539]	Batch Time 0.055 (0.064)	Data Load Time 0.001 (0.006)	Loss 0.7182 (0.7087)	Accuracy 0.676 (0.698)
Epoch: [3][210/539]	Batch Time 0.058 (0.063)	Data Load Time 0.001 (0.006)	Loss 0.6893 (0.7089)	Accuracy 0.699 (0.698)
Epoch: [3][220/539]	Batch Time 0.062 (0.063)	Data Load Time 0.001 (0.006)	Loss 0.6978 (0.7082)	Accuracy 0.680 (0.698)
Epoch: [3][230/539]	Batch Time 0.057 (0.063)	Data Load Time 0.001 (0.006)	Loss 0.7119 (0.7077)	Accuracy 0.691 (0.698)
Epoch: [3][240/539]	Batch Time 0.057 (0.063)	Data Load Time 0.001 (0.006)	Loss 0.7354 (0.7068)	Accuracy 0.738 (0.699)
Epoch: [3][250/539]	Batch Time 0.054 (0.062)	Data Load Time 0.001 (0.005)	Loss 0.7291 (0.7063)	Accuracy 0.684 (0.699)
Epoch: [3][260/539]	Batch Time 0.057 (0.062)	Data Load Time 0.001 (0.005)	Loss 0.6613 (0.7064)	Accuracy 0.703 (0.699)
Epoch: [3][270/539]	Batch Time 0.057 (0.062)	Data Load Time 0.001 (0.005)	Loss 0.6862 (0.7052)	Accuracy 0.738 (0.699)
Epoch: [3][280/539]	Batch Time 0.058 (0.062)	Data Load Time 0.001 (0.005)	Loss 0.6994 (0.7052)	Accuracy 0.691 (0.699)
Epoch: [3][290/539]	Batch Time 0.062 (0.062)	Data Load Time 0.001 (0.005)	Loss 0.6929 (0.7051)	Accuracy 0.734 (0.700)
Epoch: [3][300/539]	Batch Time 0.059 (0.062)	Data Load Time 0.001 (0.005)	Loss 0.7696 (0.7048)	Accuracy 0.695 (0.700)
Epoch: [3][310/539]	Batch Time 0.059 (0.061)	Data Load Time 0.001 (0.005)	Loss 0.6257 (0.7048)	Accuracy 0.727 (0.700)
Epoch: [3][320/539]	Batch Time 0.059 (0.061)	Data Load Time 0.001 (0.004)	Loss 0.6455 (0.7053)	Accuracy 0.703 (0.700)
Epoch: [3][330/539]	Batch Time 0.058 (0.061)	Data Load Time 0.001 (0.004)	Loss 0.7039 (0.7058)	Accuracy 0.691 (0.700)
Epoch: [3][340/539]	Batch Time 0.060 (0.061)	Data Load Time 0.001 (0.004)	Loss 0.6854 (0.7060)	Accuracy 0.711 (0.700)
Epoch: [3][350/539]	Batch Time 0.058 (0.061)	Data Load Time 0.001 (0.004)	Loss 0.6159 (0.7058)	Accuracy 0.727 (0.700)
Epoch: [3][360/539]	Batch Time 0.059 (0.061)	Data Load Time 0.001 (0.004)	Loss 0.7416 (0.7061)	Accuracy 0.648 (0.700)
Epoch: [3][370/539]	Batch Time 0.059 (0.061)	Data Load Time 0.001 (0.004)	Loss 0.6728 (0.7062)	Accuracy 0.715 (0.700)
Epoch: [3][380/539]	Batch Time 0.060 (0.061)	Data Load Time 0.001 (0.004)	Loss 0.6072 (0.7068)	Accuracy 0.734 (0.699)
Epoch: [3][390/539]	Batch Time 0.060 (0.061)	Data Load Time 0.002 (0.004)	Loss 0.6993 (0.7070)	Accuracy 0.676 (0.699)
Epoch: [3][400/539]	Batch Time 0.058 (0.061)	Data Load Time 0.001 (0.004)	Loss 0.7402 (0.7078)	Accuracy 0.699 (0.699)
Epoch: [3][410/539]	Batch Time 0.059 (0.061)	Data Load Time 0.001 (0.004)	Loss 0.7025 (0.7079)	Accuracy 0.684 (0.698)
Epoch: [3][420/539]	Batch Time 0.058 (0.061)	Data Load Time 0.001 (0.004)	Loss 0.6696 (0.7085)	Accuracy 0.719 (0.698)
Epoch: [3][430/539]	Batch Time 0.058 (0.061)	Data Load Time 0.001 (0.004)	Loss 0.7753 (0.7086)	Accuracy 0.660 (0.698)
Epoch: [3][440/539]	Batch Time 0.059 (0.061)	Data Load Time 0.001 (0.004)	Loss 0.7136 (0.7083)	Accuracy 0.723 (0.698)
Epoch: [3][450/539]	Batch Time 0.060 (0.061)	Data Load Time 0.001 (0.003)	Loss 0.6924 (0.7089)	Accuracy 0.707 (0.698)
Epoch: [3][460/539]	Batch Time 0.060 (0.061)	Data Load Time 0.001 (0.003)	Loss 0.6666 (0.7090)	Accuracy 0.695 (0.698)
Epoch: [3][470/539]	Batch Time 0.060 (0.061)	Data Load Time 0.001 (0.003)	Loss 0.7674 (0.7092)	Accuracy 0.676 (0.698)
Epoch: [3][480/539]	Batch Time 0.059 (0.061)	Data Load Time 0.001 (0.003)	Loss 0.7230 (0.7096)	Accuracy 0.660 (0.698)
Epoch: [3][490/539]	Batch Time 0.058 (0.061)	Data Load Time 0.001 (0.003)	Loss 0.7396 (0.7091)	Accuracy 0.691 (0.698)
Epoch: [3][500/539]	Batch Time 0.060 (0.061)	Data Load Time 0.001 (0.003)	Loss 0.7265 (0.7088)	Accuracy 0.695 (0.698)
Epoch: [3][510/539]	Batch Time 0.058 (0.061)	Data Load Time 0.001 (0.003)	Loss 0.7073 (0.7091)	Accuracy 0.699 (0.698)
Epoch: [3][520/539]	Batch Time 0.059 (0.061)	Data Load Time 0.001 (0.003)	Loss 0.6757 (0.7089)	Accuracy 0.691 (0.698)
Epoch: [3][530/539]	Batch Time 0.060 (0.061)	Data Load Time 0.000 (0.003)	Loss 0.7371 (0.7086)	Accuracy 0.691 (0.698)

DECAYING learning rate.
The new learning rate is 0.000063

epoch 3 val acc: 0.6040162389444687
Epoch: [4][0/539]	Batch Time 1.003 (1.003)	Data Load Time 0.942 (0.942)	Loss 0.7442 (0.7442)	Accuracy 0.711 (0.711)
Epoch: [4][10/539]	Batch Time 0.059 (0.142)	Data Load Time 0.001 (0.087)	Loss 0.6302 (0.6863)	Accuracy 0.742 (0.720)
Epoch: [4][20/539]	Batch Time 0.059 (0.102)	Data Load Time 0.001 (0.046)	Loss 0.6640 (0.6890)	Accuracy 0.727 (0.712)
Epoch: [4][30/539]	Batch Time 0.060 (0.089)	Data Load Time 0.001 (0.031)	Loss 0.6970 (0.6890)	Accuracy 0.691 (0.709)
Epoch: [4][40/539]	Batch Time 0.058 (0.081)	Data Load Time 0.001 (0.024)	Loss 0.7187 (0.6853)	Accuracy 0.684 (0.710)
Epoch: [4][50/539]	Batch Time 0.059 (0.077)	Data Load Time 0.001 (0.020)	Loss 0.6863 (0.6871)	Accuracy 0.691 (0.709)
Epoch: [4][60/539]	Batch Time 0.060 (0.074)	Data Load Time 0.001 (0.016)	Loss 0.6483 (0.6873)	Accuracy 0.730 (0.709)
Epoch: [4][70/539]	Batch Time 0.060 (0.072)	Data Load Time 0.001 (0.014)	Loss 0.6371 (0.6853)	Accuracy 0.746 (0.710)
Epoch: [4][80/539]	Batch Time 0.060 (0.071)	Data Load Time 0.001 (0.013)	Loss 0.6827 (0.6862)	Accuracy 0.695 (0.709)
Epoch: [4][90/539]	Batch Time 0.061 (0.069)	Data Load Time 0.001 (0.011)	Loss 0.6880 (0.6852)	Accuracy 0.711 (0.710)
Epoch: [4][100/539]	Batch Time 0.062 (0.068)	Data Load Time 0.001 (0.010)	Loss 0.6659 (0.6821)	Accuracy 0.684 (0.712)
Epoch: [4][110/539]	Batch Time 0.059 (0.068)	Data Load Time 0.001 (0.010)	Loss 0.6722 (0.6822)	Accuracy 0.715 (0.712)
Epoch: [4][120/539]	Batch Time 0.057 (0.067)	Data Load Time 0.001 (0.009)	Loss 0.6397 (0.6821)	Accuracy 0.723 (0.712)
Epoch: [4][130/539]	Batch Time 0.060 (0.066)	Data Load Time 0.001 (0.008)	Loss 0.6316 (0.6821)	Accuracy 0.727 (0.712)
Epoch: [4][140/539]	Batch Time 0.058 (0.066)	Data Load Time 0.001 (0.008)	Loss 0.7041 (0.6828)	Accuracy 0.695 (0.711)
Epoch: [4][150/539]	Batch Time 0.059 (0.065)	Data Load Time 0.001 (0.007)	Loss 0.7716 (0.6827)	Accuracy 0.648 (0.711)
Epoch: [4][160/539]	Batch Time 0.058 (0.065)	Data Load Time 0.001 (0.007)	Loss 0.6637 (0.6843)	Accuracy 0.723 (0.711)
Epoch: [4][170/539]	Batch Time 0.059 (0.065)	Data Load Time 0.001 (0.007)	Loss 0.7191 (0.6844)	Accuracy 0.707 (0.711)
Epoch: [4][180/539]	Batch Time 0.061 (0.064)	Data Load Time 0.001 (0.006)	Loss 0.6795 (0.6852)	Accuracy 0.703 (0.710)
Epoch: [4][190/539]	Batch Time 0.059 (0.064)	Data Load Time 0.001 (0.006)	Loss 0.7321 (0.6842)	Accuracy 0.711 (0.711)
Epoch: [4][200/539]	Batch Time 0.059 (0.064)	Data Load Time 0.001 (0.006)	Loss 0.7422 (0.6824)	Accuracy 0.684 (0.712)
Epoch: [4][210/539]	Batch Time 0.058 (0.064)	Data Load Time 0.001 (0.006)	Loss 0.6878 (0.6821)	Accuracy 0.699 (0.712)
Epoch: [4][220/539]	Batch Time 0.059 (0.063)	Data Load Time 0.001 (0.005)	Loss 0.7097 (0.6827)	Accuracy 0.688 (0.711)
Epoch: [4][230/539]	Batch Time 0.060 (0.063)	Data Load Time 0.001 (0.005)	Loss 0.6985 (0.6844)	Accuracy 0.727 (0.711)
Epoch: [4][240/539]	Batch Time 0.058 (0.063)	Data Load Time 0.001 (0.005)	Loss 0.6715 (0.6853)	Accuracy 0.723 (0.710)
Epoch: [4][250/539]	Batch Time 0.060 (0.063)	Data Load Time 0.001 (0.005)	Loss 0.6807 (0.6843)	Accuracy 0.723 (0.711)
Epoch: [4][260/539]	Batch Time 0.059 (0.063)	Data Load Time 0.001 (0.005)	Loss 0.7242 (0.6840)	Accuracy 0.688 (0.711)
Epoch: [4][270/539]	Batch Time 0.058 (0.063)	Data Load Time 0.001 (0.005)	Loss 0.7017 (0.6846)	Accuracy 0.695 (0.711)
Epoch: [4][280/539]	Batch Time 0.059 (0.063)	Data Load Time 0.001 (0.004)	Loss 0.7045 (0.6853)	Accuracy 0.684 (0.710)
Epoch: [4][290/539]	Batch Time 0.060 (0.062)	Data Load Time 0.001 (0.004)	Loss 0.7285 (0.6851)	Accuracy 0.660 (0.710)
Epoch: [4][300/539]	Batch Time 0.061 (0.062)	Data Load Time 0.001 (0.004)	Loss 0.7659 (0.6854)	Accuracy 0.648 (0.710)
Epoch: [4][310/539]	Batch Time 0.059 (0.062)	Data Load Time 0.001 (0.004)	Loss 0.6194 (0.6853)	Accuracy 0.730 (0.710)
Epoch: [4][320/539]	Batch Time 0.055 (0.062)	Data Load Time 0.001 (0.004)	Loss 0.6914 (0.6851)	Accuracy 0.719 (0.710)
Epoch: [4][330/539]	Batch Time 0.062 (0.062)	Data Load Time 0.001 (0.004)	Loss 0.6368 (0.6848)	Accuracy 0.719 (0.710)
Epoch: [4][340/539]	Batch Time 0.059 (0.062)	Data Load Time 0.001 (0.004)	Loss 0.6973 (0.6842)	Accuracy 0.691 (0.711)
Epoch: [4][350/539]	Batch Time 0.061 (0.062)	Data Load Time 0.001 (0.004)	Loss 0.6751 (0.6842)	Accuracy 0.719 (0.710)
Epoch: [4][360/539]	Batch Time 0.058 (0.062)	Data Load Time 0.001 (0.004)	Loss 0.6326 (0.6841)	Accuracy 0.734 (0.710)
Epoch: [4][370/539]	Batch Time 0.060 (0.062)	Data Load Time 0.001 (0.004)	Loss 0.6533 (0.6843)	Accuracy 0.738 (0.710)
Epoch: [4][380/539]	Batch Time 0.060 (0.062)	Data Load Time 0.001 (0.003)	Loss 0.6439 (0.6839)	Accuracy 0.742 (0.710)
Epoch: [4][390/539]	Batch Time 0.060 (0.062)	Data Load Time 0.001 (0.003)	Loss 0.7027 (0.6845)	Accuracy 0.715 (0.710)
Epoch: [4][400/539]	Batch Time 0.062 (0.062)	Data Load Time 0.001 (0.003)	Loss 0.7097 (0.6845)	Accuracy 0.672 (0.710)
Epoch: [4][410/539]	Batch Time 0.060 (0.062)	Data Load Time 0.001 (0.003)	Loss 0.7249 (0.6849)	Accuracy 0.707 (0.711)
Epoch: [4][420/539]	Batch Time 0.056 (0.062)	Data Load Time 0.001 (0.003)	Loss 0.6771 (0.6852)	Accuracy 0.695 (0.711)
Epoch: [4][430/539]	Batch Time 0.061 (0.062)	Data Load Time 0.001 (0.003)	Loss 0.6948 (0.6853)	Accuracy 0.707 (0.711)
Epoch: [4][440/539]	Batch Time 0.058 (0.062)	Data Load Time 0.001 (0.003)	Loss 0.6781 (0.6853)	Accuracy 0.723 (0.711)
Epoch: [4][450/539]	Batch Time 0.057 (0.061)	Data Load Time 0.001 (0.003)	Loss 0.5755 (0.6856)	Accuracy 0.777 (0.711)
Epoch: [4][460/539]	Batch Time 0.057 (0.061)	Data Load Time 0.001 (0.003)	Loss 0.6459 (0.6853)	Accuracy 0.719 (0.711)
Epoch: [4][470/539]	Batch Time 0.056 (0.061)	Data Load Time 0.001 (0.003)	Loss 0.7419 (0.6855)	Accuracy 0.656 (0.711)
Epoch: [4][480/539]	Batch Time 0.057 (0.061)	Data Load Time 0.001 (0.003)	Loss 0.6211 (0.6849)	Accuracy 0.738 (0.711)
Epoch: [4][490/539]	Batch Time 0.058 (0.061)	Data Load Time 0.001 (0.003)	Loss 0.6754 (0.6848)	Accuracy 0.730 (0.711)
Epoch: [4][500/539]	Batch Time 0.058 (0.061)	Data Load Time 0.001 (0.003)	Loss 0.6290 (0.6848)	Accuracy 0.777 (0.711)
Epoch: [4][510/539]	Batch Time 0.057 (0.061)	Data Load Time 0.001 (0.003)	Loss 0.6811 (0.6849)	Accuracy 0.723 (0.711)
Epoch: [4][520/539]	Batch Time 0.056 (0.061)	Data Load Time 0.001 (0.003)	Loss 0.6889 (0.6850)	Accuracy 0.711 (0.711)
Epoch: [4][530/539]	Batch Time 0.058 (0.061)	Data Load Time 0.000 (0.003)	Loss 0.6107 (0.6849)	Accuracy 0.738 (0.711)

DECAYING learning rate.
The new learning rate is 0.000031

epoch 4 val acc: 0.6024068435551689
Epoch: [5][0/539]	Batch Time 0.975 (0.975)	Data Load Time 0.912 (0.912)	Loss 0.5527 (0.5527)	Accuracy 0.801 (0.801)
Epoch: [5][10/539]	Batch Time 0.059 (0.142)	Data Load Time 0.001 (0.084)	Loss 0.6707 (0.6729)	Accuracy 0.738 (0.721)
Epoch: [5][20/539]	Batch Time 0.058 (0.102)	Data Load Time 0.001 (0.044)	Loss 0.6842 (0.6711)	Accuracy 0.727 (0.720)
Epoch: [5][30/539]	Batch Time 0.058 (0.088)	Data Load Time 0.001 (0.030)	Loss 0.6986 (0.6708)	Accuracy 0.699 (0.720)
Epoch: [5][40/539]	Batch Time 0.060 (0.081)	Data Load Time 0.001 (0.023)	Loss 0.7494 (0.6719)	Accuracy 0.699 (0.718)
Epoch: [5][50/539]	Batch Time 0.060 (0.077)	Data Load Time 0.001 (0.019)	Loss 0.6467 (0.6664)	Accuracy 0.730 (0.721)
Epoch: [5][60/539]	Batch Time 0.057 (0.074)	Data Load Time 0.001 (0.016)	Loss 0.8420 (0.6702)	Accuracy 0.691 (0.720)
Epoch: [5][70/539]	Batch Time 0.060 (0.072)	Data Load Time 0.001 (0.014)	Loss 0.7431 (0.6722)	Accuracy 0.727 (0.719)
Epoch: [5][80/539]	Batch Time 0.060 (0.071)	Data Load Time 0.001 (0.012)	Loss 0.6269 (0.6719)	Accuracy 0.723 (0.719)
Epoch: [5][90/539]	Batch Time 0.059 (0.069)	Data Load Time 0.001 (0.011)	Loss 0.7498 (0.6710)	Accuracy 0.684 (0.718)
Epoch: [5][100/539]	Batch Time 0.061 (0.069)	Data Load Time 0.001 (0.010)	Loss 0.7106 (0.6699)	Accuracy 0.703 (0.718)
Epoch: [5][110/539]	Batch Time 0.060 (0.068)	Data Load Time 0.001 (0.009)	Loss 0.6139 (0.6698)	Accuracy 0.738 (0.718)
Epoch: [5][120/539]	Batch Time 0.060 (0.067)	Data Load Time 0.001 (0.009)	Loss 0.7559 (0.6706)	Accuracy 0.668 (0.718)
Epoch: [5][130/539]	Batch Time 0.060 (0.067)	Data Load Time 0.001 (0.008)	Loss 0.6518 (0.6709)	Accuracy 0.727 (0.719)
Epoch: [5][140/539]	Batch Time 0.060 (0.066)	Data Load Time 0.001 (0.007)	Loss 0.6052 (0.6700)	Accuracy 0.750 (0.720)
Epoch: [5][150/539]	Batch Time 0.059 (0.066)	Data Load Time 0.001 (0.007)	Loss 0.6805 (0.6693)	Accuracy 0.742 (0.720)
Epoch: [5][160/539]	Batch Time 0.061 (0.065)	Data Load Time 0.001 (0.007)	Loss 0.7129 (0.6694)	Accuracy 0.695 (0.720)
Epoch: [5][170/539]	Batch Time 0.059 (0.065)	Data Load Time 0.001 (0.006)	Loss 0.6513 (0.6697)	Accuracy 0.719 (0.720)
Epoch: [5][180/539]	Batch Time 0.060 (0.065)	Data Load Time 0.001 (0.006)	Loss 0.6511 (0.6699)	Accuracy 0.711 (0.719)
Epoch: [5][190/539]	Batch Time 0.059 (0.065)	Data Load Time 0.001 (0.006)	Loss 0.7008 (0.6685)	Accuracy 0.723 (0.720)
Epoch: [5][200/539]	Batch Time 0.061 (0.064)	Data Load Time 0.001 (0.006)	Loss 0.6719 (0.6686)	Accuracy 0.715 (0.721)
Epoch: [5][210/539]	Batch Time 0.060 (0.064)	Data Load Time 0.001 (0.005)	Loss 0.6749 (0.6686)	Accuracy 0.691 (0.720)
Epoch: [5][220/539]	Batch Time 0.065 (0.064)	Data Load Time 0.001 (0.005)	Loss 0.6579 (0.6687)	Accuracy 0.746 (0.720)
Epoch: [5][230/539]	Batch Time 0.060 (0.064)	Data Load Time 0.001 (0.005)	Loss 0.6736 (0.6696)	Accuracy 0.734 (0.720)
Epoch: [5][240/539]	Batch Time 0.061 (0.064)	Data Load Time 0.001 (0.005)	Loss 0.7045 (0.6700)	Accuracy 0.707 (0.720)
Epoch: [5][250/539]	Batch Time 0.058 (0.064)	Data Load Time 0.001 (0.005)	Loss 0.7010 (0.6698)	Accuracy 0.699 (0.720)
Epoch: [5][260/539]	Batch Time 0.060 (0.063)	Data Load Time 0.001 (0.005)	Loss 0.6857 (0.6702)	Accuracy 0.711 (0.720)
Epoch: [5][270/539]	Batch Time 0.060 (0.063)	Data Load Time 0.001 (0.004)	Loss 0.6875 (0.6712)	Accuracy 0.719 (0.719)
Epoch: [5][280/539]	Batch Time 0.060 (0.063)	Data Load Time 0.001 (0.004)	Loss 0.6447 (0.6706)	Accuracy 0.711 (0.719)
Epoch: [5][290/539]	Batch Time 0.060 (0.063)	Data Load Time 0.001 (0.004)	Loss 0.6680 (0.6712)	Accuracy 0.707 (0.719)
Epoch: [5][300/539]	Batch Time 0.059 (0.063)	Data Load Time 0.001 (0.004)	Loss 0.6143 (0.6716)	Accuracy 0.773 (0.719)
Epoch: [5][310/539]	Batch Time 0.062 (0.063)	Data Load Time 0.001 (0.004)	Loss 0.6694 (0.6725)	Accuracy 0.719 (0.718)
Epoch: [5][320/539]	Batch Time 0.071 (0.063)	Data Load Time 0.001 (0.004)	Loss 0.6754 (0.6729)	Accuracy 0.730 (0.718)
Epoch: [5][330/539]	Batch Time 0.059 (0.063)	Data Load Time 0.001 (0.004)	Loss 0.6878 (0.6731)	Accuracy 0.723 (0.718)
Epoch: [5][340/539]	Batch Time 0.067 (0.063)	Data Load Time 0.001 (0.004)	Loss 0.6412 (0.6736)	Accuracy 0.734 (0.718)
Epoch: [5][350/539]	Batch Time 0.065 (0.063)	Data Load Time 0.001 (0.004)	Loss 0.6530 (0.6733)	Accuracy 0.719 (0.718)
Epoch: [5][360/539]	Batch Time 0.064 (0.063)	Data Load Time 0.001 (0.004)	Loss 0.6364 (0.6729)	Accuracy 0.754 (0.718)
Epoch: [5][370/539]	Batch Time 0.066 (0.063)	Data Load Time 0.001 (0.004)	Loss 0.6841 (0.6735)	Accuracy 0.695 (0.717)
Epoch: [5][380/539]	Batch Time 0.068 (0.063)	Data Load Time 0.001 (0.003)	Loss 0.6306 (0.6731)	Accuracy 0.758 (0.718)
Epoch: [5][390/539]	Batch Time 0.066 (0.063)	Data Load Time 0.001 (0.003)	Loss 0.6950 (0.6734)	Accuracy 0.684 (0.718)
Epoch: [5][400/539]	Batch Time 0.067 (0.063)	Data Load Time 0.001 (0.003)	Loss 0.6571 (0.6727)	Accuracy 0.723 (0.718)
Epoch: [5][410/539]	Batch Time 0.066 (0.063)	Data Load Time 0.001 (0.003)	Loss 0.6768 (0.6723)	Accuracy 0.742 (0.718)
Epoch: [5][420/539]	Batch Time 0.067 (0.063)	Data Load Time 0.002 (0.003)	Loss 0.6467 (0.6723)	Accuracy 0.738 (0.718)
Epoch: [5][430/539]	Batch Time 0.066 (0.063)	Data Load Time 0.001 (0.003)	Loss 0.6746 (0.6720)	Accuracy 0.688 (0.718)
Epoch: [5][440/539]	Batch Time 0.066 (0.064)	Data Load Time 0.001 (0.003)	Loss 0.7120 (0.6717)	Accuracy 0.684 (0.718)
Epoch: [5][450/539]	Batch Time 0.065 (0.064)	Data Load Time 0.001 (0.003)	Loss 0.7731 (0.6719)	Accuracy 0.645 (0.718)
Epoch: [5][460/539]	Batch Time 0.070 (0.064)	Data Load Time 0.001 (0.003)	Loss 0.7321 (0.6716)	Accuracy 0.695 (0.718)
Epoch: [5][470/539]	Batch Time 0.067 (0.064)	Data Load Time 0.001 (0.003)	Loss 0.6570 (0.6714)	Accuracy 0.742 (0.718)
Epoch: [5][480/539]	Batch Time 0.065 (0.064)	Data Load Time 0.001 (0.003)	Loss 0.8041 (0.6720)	Accuracy 0.660 (0.718)
Epoch: [5][490/539]	Batch Time 0.065 (0.064)	Data Load Time 0.001 (0.003)	Loss 0.6792 (0.6725)	Accuracy 0.723 (0.718)
Epoch: [5][500/539]	Batch Time 0.066 (0.064)	Data Load Time 0.001 (0.003)	Loss 0.6834 (0.6720)	Accuracy 0.734 (0.718)
Epoch: [5][510/539]	Batch Time 0.065 (0.064)	Data Load Time 0.001 (0.003)	Loss 0.6472 (0.6721)	Accuracy 0.754 (0.718)
Epoch: [5][520/539]	Batch Time 0.066 (0.064)	Data Load Time 0.001 (0.003)	Loss 0.6681 (0.6720)	Accuracy 0.684 (0.718)
Epoch: [5][530/539]	Batch Time 0.066 (0.064)	Data Load Time 0.000 (0.003)	Loss 0.6572 (0.6719)	Accuracy 0.730 (0.718)

DECAYING learning rate.
The new learning rate is 0.000016

epoch 5 val acc: 0.6007539509931854

 * TEST ACCURACY - 60.1 per cent

