
Embedding length is 200.

Loading embeddings...
Done.
 Embedding vocabulary: 37808.

Epoch: [0][0/539]	Batch Time 0.774 (0.774)	Data Load Time 0.685 (0.685)	Loss 1.6243 (1.6243)	Accuracy 0.094 (0.094)
Epoch: [0][10/539]	Batch Time 0.063 (0.128)	Data Load Time 0.001 (0.063)	Loss 1.4757 (1.5320)	Accuracy 0.375 (0.317)
Epoch: [0][20/539]	Batch Time 0.061 (0.098)	Data Load Time 0.001 (0.034)	Loss 1.4032 (1.4914)	Accuracy 0.348 (0.334)
Epoch: [0][30/539]	Batch Time 0.068 (0.088)	Data Load Time 0.001 (0.023)	Loss 1.4729 (1.4746)	Accuracy 0.301 (0.339)
Epoch: [0][40/539]	Batch Time 0.059 (0.082)	Data Load Time 0.001 (0.018)	Loss 1.3866 (1.4642)	Accuracy 0.410 (0.352)
Epoch: [0][50/539]	Batch Time 0.080 (0.079)	Data Load Time 0.001 (0.015)	Loss 1.4216 (1.4499)	Accuracy 0.359 (0.358)
Epoch: [0][60/539]	Batch Time 0.065 (0.076)	Data Load Time 0.001 (0.012)	Loss 1.3408 (1.4333)	Accuracy 0.395 (0.368)
Epoch: [0][70/539]	Batch Time 0.065 (0.074)	Data Load Time 0.001 (0.011)	Loss 1.2351 (1.4097)	Accuracy 0.422 (0.375)
Epoch: [0][80/539]	Batch Time 0.068 (0.073)	Data Load Time 0.001 (0.010)	Loss 1.2141 (1.3818)	Accuracy 0.449 (0.385)
Epoch: [0][90/539]	Batch Time 0.070 (0.072)	Data Load Time 0.001 (0.009)	Loss 1.1184 (1.3532)	Accuracy 0.488 (0.396)
Epoch: [0][100/539]	Batch Time 0.062 (0.071)	Data Load Time 0.001 (0.008)	Loss 1.0313 (1.3261)	Accuracy 0.570 (0.408)
Epoch: [0][110/539]	Batch Time 0.066 (0.071)	Data Load Time 0.001 (0.007)	Loss 1.0087 (1.2989)	Accuracy 0.578 (0.421)
Epoch: [0][120/539]	Batch Time 0.065 (0.070)	Data Load Time 0.001 (0.007)	Loss 1.0175 (1.2773)	Accuracy 0.531 (0.430)
Epoch: [0][130/539]	Batch Time 0.063 (0.070)	Data Load Time 0.001 (0.006)	Loss 0.9829 (1.2552)	Accuracy 0.570 (0.440)
Epoch: [0][140/539]	Batch Time 0.065 (0.069)	Data Load Time 0.001 (0.006)	Loss 0.9954 (1.2378)	Accuracy 0.598 (0.448)
Epoch: [0][150/539]	Batch Time 0.064 (0.069)	Data Load Time 0.001 (0.006)	Loss 1.0358 (1.2223)	Accuracy 0.516 (0.455)
Epoch: [0][160/539]	Batch Time 0.066 (0.069)	Data Load Time 0.001 (0.005)	Loss 0.9320 (1.2074)	Accuracy 0.582 (0.460)
Epoch: [0][170/539]	Batch Time 0.064 (0.068)	Data Load Time 0.001 (0.005)	Loss 0.9398 (1.1931)	Accuracy 0.586 (0.466)
Epoch: [0][180/539]	Batch Time 0.064 (0.068)	Data Load Time 0.001 (0.005)	Loss 0.8756 (1.1801)	Accuracy 0.625 (0.472)
Epoch: [0][190/539]	Batch Time 0.062 (0.068)	Data Load Time 0.001 (0.005)	Loss 0.9712 (1.1688)	Accuracy 0.555 (0.476)
Epoch: [0][200/539]	Batch Time 0.063 (0.068)	Data Load Time 0.001 (0.005)	Loss 0.8740 (1.1561)	Accuracy 0.586 (0.482)
Epoch: [0][210/539]	Batch Time 0.063 (0.067)	Data Load Time 0.001 (0.004)	Loss 0.9714 (1.1455)	Accuracy 0.582 (0.487)
Epoch: [0][220/539]	Batch Time 0.067 (0.067)	Data Load Time 0.001 (0.004)	Loss 0.9558 (1.1369)	Accuracy 0.605 (0.492)
Epoch: [0][230/539]	Batch Time 0.066 (0.067)	Data Load Time 0.001 (0.004)	Loss 1.0028 (1.1292)	Accuracy 0.586 (0.495)
Epoch: [0][240/539]	Batch Time 0.065 (0.067)	Data Load Time 0.001 (0.004)	Loss 0.9008 (1.1204)	Accuracy 0.633 (0.500)
Epoch: [0][250/539]	Batch Time 0.066 (0.067)	Data Load Time 0.001 (0.004)	Loss 0.9000 (1.1120)	Accuracy 0.602 (0.503)
Epoch: [0][260/539]	Batch Time 0.065 (0.067)	Data Load Time 0.001 (0.004)	Loss 0.9472 (1.1046)	Accuracy 0.594 (0.507)
Epoch: [0][270/539]	Batch Time 0.065 (0.067)	Data Load Time 0.001 (0.004)	Loss 0.8790 (1.0977)	Accuracy 0.602 (0.510)
Epoch: [0][280/539]	Batch Time 0.063 (0.067)	Data Load Time 0.001 (0.004)	Loss 0.8911 (1.0913)	Accuracy 0.578 (0.513)
Epoch: [0][290/539]	Batch Time 0.056 (0.066)	Data Load Time 0.001 (0.003)	Loss 0.8675 (1.0852)	Accuracy 0.641 (0.516)
Epoch: [0][300/539]	Batch Time 0.064 (0.066)	Data Load Time 0.001 (0.003)	Loss 0.9208 (1.0799)	Accuracy 0.562 (0.518)
Epoch: [0][310/539]	Batch Time 0.066 (0.066)	Data Load Time 0.001 (0.003)	Loss 0.9366 (1.0746)	Accuracy 0.594 (0.520)
Epoch: [0][320/539]	Batch Time 0.063 (0.066)	Data Load Time 0.001 (0.003)	Loss 0.8737 (1.0694)	Accuracy 0.551 (0.522)
Epoch: [0][330/539]	Batch Time 0.062 (0.066)	Data Load Time 0.001 (0.003)	Loss 0.9076 (1.0646)	Accuracy 0.641 (0.525)
Epoch: [0][340/539]	Batch Time 0.065 (0.066)	Data Load Time 0.001 (0.003)	Loss 1.0346 (1.0604)	Accuracy 0.535 (0.527)
Epoch: [0][350/539]	Batch Time 0.063 (0.066)	Data Load Time 0.001 (0.003)	Loss 0.8853 (1.0560)	Accuracy 0.551 (0.528)
Epoch: [0][360/539]	Batch Time 0.063 (0.066)	Data Load Time 0.001 (0.003)	Loss 0.9579 (1.0519)	Accuracy 0.539 (0.530)
Epoch: [0][370/539]	Batch Time 0.067 (0.066)	Data Load Time 0.001 (0.003)	Loss 0.9066 (1.0481)	Accuracy 0.590 (0.532)
Epoch: [0][380/539]	Batch Time 0.053 (0.066)	Data Load Time 0.001 (0.003)	Loss 0.9278 (1.0452)	Accuracy 0.625 (0.534)
Epoch: [0][390/539]	Batch Time 0.058 (0.065)	Data Load Time 0.001 (0.003)	Loss 0.9521 (1.0410)	Accuracy 0.559 (0.535)
Epoch: [0][400/539]	Batch Time 0.056 (0.065)	Data Load Time 0.001 (0.003)	Loss 0.8852 (1.0371)	Accuracy 0.613 (0.537)
Epoch: [0][410/539]	Batch Time 0.051 (0.065)	Data Load Time 0.001 (0.003)	Loss 0.8969 (1.0341)	Accuracy 0.625 (0.539)
Epoch: [0][420/539]	Batch Time 0.053 (0.065)	Data Load Time 0.001 (0.003)	Loss 0.8804 (1.0304)	Accuracy 0.555 (0.541)
Epoch: [0][430/539]	Batch Time 0.059 (0.064)	Data Load Time 0.001 (0.003)	Loss 0.9038 (1.0274)	Accuracy 0.566 (0.542)
Epoch: [0][440/539]	Batch Time 0.061 (0.064)	Data Load Time 0.001 (0.003)	Loss 0.8833 (1.0242)	Accuracy 0.609 (0.544)
Epoch: [0][450/539]	Batch Time 0.058 (0.064)	Data Load Time 0.001 (0.003)	Loss 0.9002 (1.0211)	Accuracy 0.547 (0.545)
Epoch: [0][460/539]	Batch Time 0.060 (0.064)	Data Load Time 0.001 (0.003)	Loss 0.8328 (1.0183)	Accuracy 0.598 (0.546)
Epoch: [0][470/539]	Batch Time 0.060 (0.064)	Data Load Time 0.001 (0.003)	Loss 0.9689 (1.0161)	Accuracy 0.559 (0.547)
Epoch: [0][480/539]	Batch Time 0.058 (0.064)	Data Load Time 0.001 (0.003)	Loss 0.8859 (1.0134)	Accuracy 0.570 (0.548)
Epoch: [0][490/539]	Batch Time 0.057 (0.064)	Data Load Time 0.001 (0.003)	Loss 0.9423 (1.0109)	Accuracy 0.555 (0.549)
Epoch: [0][500/539]	Batch Time 0.059 (0.064)	Data Load Time 0.001 (0.002)	Loss 0.8809 (1.0081)	Accuracy 0.605 (0.551)
Epoch: [0][510/539]	Batch Time 0.049 (0.064)	Data Load Time 0.001 (0.002)	Loss 0.9602 (1.0060)	Accuracy 0.582 (0.552)
Epoch: [0][520/539]	Batch Time 0.052 (0.063)	Data Load Time 0.001 (0.002)	Loss 0.8733 (1.0034)	Accuracy 0.621 (0.553)
Epoch: [0][530/539]	Batch Time 0.053 (0.063)	Data Load Time 0.000 (0.002)	Loss 0.8896 (1.0014)	Accuracy 0.621 (0.554)

DECAYING learning rate.
The new learning rate is 0.000500

epoch 0 val acc: 0.6089894156879803
Epoch: [1][0/539]	Batch Time 0.833 (0.833)	Data Load Time 0.764 (0.764)	Loss 0.7652 (0.7652)	Accuracy 0.664 (0.664)
Epoch: [1][10/539]	Batch Time 0.068 (0.134)	Data Load Time 0.001 (0.071)	Loss 0.7675 (0.8419)	Accuracy 0.684 (0.637)
Epoch: [1][20/539]	Batch Time 0.065 (0.102)	Data Load Time 0.001 (0.037)	Loss 0.8616 (0.8185)	Accuracy 0.617 (0.645)
Epoch: [1][30/539]	Batch Time 0.065 (0.090)	Data Load Time 0.001 (0.026)	Loss 0.7180 (0.8153)	Accuracy 0.715 (0.642)
Epoch: [1][40/539]	Batch Time 0.064 (0.084)	Data Load Time 0.001 (0.020)	Loss 0.7603 (0.8187)	Accuracy 0.688 (0.643)
Epoch: [1][50/539]	Batch Time 0.066 (0.080)	Data Load Time 0.001 (0.016)	Loss 0.7977 (0.8180)	Accuracy 0.668 (0.642)
Epoch: [1][60/539]	Batch Time 0.065 (0.078)	Data Load Time 0.001 (0.014)	Loss 0.7964 (0.8150)	Accuracy 0.641 (0.644)
Epoch: [1][70/539]	Batch Time 0.062 (0.075)	Data Load Time 0.001 (0.012)	Loss 0.8170 (0.8125)	Accuracy 0.680 (0.645)
Epoch: [1][80/539]	Batch Time 0.063 (0.074)	Data Load Time 0.001 (0.011)	Loss 0.7382 (0.8086)	Accuracy 0.680 (0.647)
Epoch: [1][90/539]	Batch Time 0.062 (0.073)	Data Load Time 0.001 (0.010)	Loss 0.8026 (0.8056)	Accuracy 0.625 (0.649)
Epoch: [1][100/539]	Batch Time 0.061 (0.072)	Data Load Time 0.001 (0.009)	Loss 0.7075 (0.8048)	Accuracy 0.688 (0.649)
Epoch: [1][110/539]	Batch Time 0.062 (0.071)	Data Load Time 0.001 (0.008)	Loss 0.7663 (0.8041)	Accuracy 0.688 (0.649)
Epoch: [1][120/539]	Batch Time 0.065 (0.070)	Data Load Time 0.001 (0.007)	Loss 0.8960 (0.8033)	Accuracy 0.629 (0.650)
Epoch: [1][130/539]	Batch Time 0.064 (0.070)	Data Load Time 0.001 (0.007)	Loss 0.7354 (0.8011)	Accuracy 0.668 (0.650)
Epoch: [1][140/539]	Batch Time 0.064 (0.070)	Data Load Time 0.001 (0.007)	Loss 0.8677 (0.8026)	Accuracy 0.617 (0.649)
Epoch: [1][150/539]	Batch Time 0.066 (0.069)	Data Load Time 0.001 (0.006)	Loss 0.7894 (0.8017)	Accuracy 0.641 (0.649)
Epoch: [1][160/539]	Batch Time 0.064 (0.069)	Data Load Time 0.001 (0.006)	Loss 0.8423 (0.8012)	Accuracy 0.641 (0.650)
Epoch: [1][170/539]	Batch Time 0.063 (0.069)	Data Load Time 0.001 (0.006)	Loss 0.9568 (0.8025)	Accuracy 0.605 (0.650)
Epoch: [1][180/539]	Batch Time 0.068 (0.068)	Data Load Time 0.001 (0.005)	Loss 0.7130 (0.8032)	Accuracy 0.664 (0.649)
Epoch: [1][190/539]	Batch Time 0.064 (0.068)	Data Load Time 0.001 (0.005)	Loss 0.7363 (0.8033)	Accuracy 0.699 (0.650)
Epoch: [1][200/539]	Batch Time 0.064 (0.068)	Data Load Time 0.001 (0.005)	Loss 0.8399 (0.8036)	Accuracy 0.645 (0.650)
Epoch: [1][210/539]	Batch Time 0.066 (0.068)	Data Load Time 0.001 (0.005)	Loss 0.8153 (0.8038)	Accuracy 0.672 (0.650)
Epoch: [1][220/539]	Batch Time 0.077 (0.068)	Data Load Time 0.001 (0.005)	Loss 0.7751 (0.8029)	Accuracy 0.656 (0.650)
Epoch: [1][230/539]	Batch Time 0.081 (0.068)	Data Load Time 0.001 (0.004)	Loss 0.8276 (0.8033)	Accuracy 0.613 (0.650)
Epoch: [1][240/539]	Batch Time 0.063 (0.068)	Data Load Time 0.001 (0.004)	Loss 0.8002 (0.8027)	Accuracy 0.629 (0.650)
Epoch: [1][250/539]	Batch Time 0.065 (0.068)	Data Load Time 0.001 (0.004)	Loss 0.8127 (0.8024)	Accuracy 0.625 (0.650)
Epoch: [1][260/539]	Batch Time 0.069 (0.068)	Data Load Time 0.001 (0.004)	Loss 0.7444 (0.8029)	Accuracy 0.691 (0.650)
Epoch: [1][270/539]	Batch Time 0.070 (0.068)	Data Load Time 0.001 (0.004)	Loss 0.8254 (0.8028)	Accuracy 0.617 (0.650)
Epoch: [1][280/539]	Batch Time 0.064 (0.068)	Data Load Time 0.001 (0.004)	Loss 0.8312 (0.8024)	Accuracy 0.637 (0.650)
Epoch: [1][290/539]	Batch Time 0.073 (0.068)	Data Load Time 0.001 (0.004)	Loss 0.8365 (0.8025)	Accuracy 0.629 (0.650)
Epoch: [1][300/539]	Batch Time 0.070 (0.068)	Data Load Time 0.001 (0.004)	Loss 0.8051 (0.8022)	Accuracy 0.641 (0.650)
Epoch: [1][310/539]	Batch Time 0.068 (0.068)	Data Load Time 0.001 (0.004)	Loss 0.7372 (0.8011)	Accuracy 0.684 (0.650)
Epoch: [1][320/539]	Batch Time 0.069 (0.068)	Data Load Time 0.001 (0.004)	Loss 0.7878 (0.8002)	Accuracy 0.656 (0.651)
Epoch: [1][330/539]	Batch Time 0.068 (0.068)	Data Load Time 0.001 (0.003)	Loss 0.7414 (0.7996)	Accuracy 0.676 (0.651)
Epoch: [1][340/539]	Batch Time 0.068 (0.068)	Data Load Time 0.001 (0.003)	Loss 0.8128 (0.7994)	Accuracy 0.656 (0.651)
Epoch: [1][350/539]	Batch Time 0.065 (0.068)	Data Load Time 0.001 (0.003)	Loss 0.7270 (0.7992)	Accuracy 0.691 (0.651)
Epoch: [1][360/539]	Batch Time 0.073 (0.068)	Data Load Time 0.001 (0.003)	Loss 0.8450 (0.7992)	Accuracy 0.609 (0.651)
Epoch: [1][370/539]	Batch Time 0.072 (0.068)	Data Load Time 0.001 (0.003)	Loss 0.7936 (0.7996)	Accuracy 0.633 (0.651)
Epoch: [1][380/539]	Batch Time 0.066 (0.068)	Data Load Time 0.001 (0.003)	Loss 0.8896 (0.8002)	Accuracy 0.602 (0.651)
Epoch: [1][390/539]	Batch Time 0.067 (0.068)	Data Load Time 0.001 (0.003)	Loss 0.8211 (0.7997)	Accuracy 0.637 (0.651)
Epoch: [1][400/539]	Batch Time 0.062 (0.068)	Data Load Time 0.001 (0.003)	Loss 0.7560 (0.8002)	Accuracy 0.656 (0.651)
Epoch: [1][410/539]	Batch Time 0.061 (0.068)	Data Load Time 0.001 (0.003)	Loss 0.8541 (0.8006)	Accuracy 0.605 (0.650)
Epoch: [1][420/539]	Batch Time 0.077 (0.068)	Data Load Time 0.001 (0.003)	Loss 0.7493 (0.8007)	Accuracy 0.715 (0.651)
Epoch: [1][430/539]	Batch Time 0.071 (0.068)	Data Load Time 0.001 (0.003)	Loss 0.8033 (0.8012)	Accuracy 0.629 (0.650)
Epoch: [1][440/539]	Batch Time 0.065 (0.068)	Data Load Time 0.001 (0.003)	Loss 0.7405 (0.8012)	Accuracy 0.684 (0.650)
Epoch: [1][450/539]	Batch Time 0.058 (0.068)	Data Load Time 0.001 (0.003)	Loss 0.8244 (0.8016)	Accuracy 0.621 (0.650)
Epoch: [1][460/539]	Batch Time 0.068 (0.068)	Data Load Time 0.001 (0.003)	Loss 0.8838 (0.8015)	Accuracy 0.621 (0.650)
Epoch: [1][470/539]	Batch Time 0.058 (0.068)	Data Load Time 0.001 (0.003)	Loss 0.7554 (0.8010)	Accuracy 0.680 (0.650)
Epoch: [1][480/539]	Batch Time 0.065 (0.068)	Data Load Time 0.001 (0.003)	Loss 0.8309 (0.8006)	Accuracy 0.668 (0.650)
Epoch: [1][490/539]	Batch Time 0.056 (0.068)	Data Load Time 0.001 (0.003)	Loss 0.8238 (0.8006)	Accuracy 0.652 (0.650)
Epoch: [1][500/539]	Batch Time 0.053 (0.067)	Data Load Time 0.001 (0.003)	Loss 0.7773 (0.8003)	Accuracy 0.664 (0.650)
Epoch: [1][510/539]	Batch Time 0.067 (0.067)	Data Load Time 0.001 (0.003)	Loss 0.7903 (0.8006)	Accuracy 0.680 (0.650)
Epoch: [1][520/539]	Batch Time 0.065 (0.067)	Data Load Time 0.001 (0.003)	Loss 0.7631 (0.8004)	Accuracy 0.672 (0.650)
Epoch: [1][530/539]	Batch Time 0.068 (0.067)	Data Load Time 0.000 (0.003)	Loss 0.7813 (0.8005)	Accuracy 0.680 (0.650)

DECAYING learning rate.
The new learning rate is 0.000250

epoch 1 val acc: 0.609757865738727
Epoch: [2][0/539]	Batch Time 0.838 (0.838)	Data Load Time 0.777 (0.777)	Loss 0.6995 (0.6995)	Accuracy 0.699 (0.699)
Epoch: [2][10/539]	Batch Time 0.064 (0.135)	Data Load Time 0.001 (0.072)	Loss 0.6997 (0.7173)	Accuracy 0.672 (0.694)
Epoch: [2][20/539]	Batch Time 0.065 (0.101)	Data Load Time 0.001 (0.038)	Loss 0.6454 (0.7111)	Accuracy 0.695 (0.696)
Epoch: [2][30/539]	Batch Time 0.065 (0.089)	Data Load Time 0.001 (0.026)	Loss 0.6808 (0.7072)	Accuracy 0.688 (0.700)
Epoch: [2][40/539]	Batch Time 0.080 (0.084)	Data Load Time 0.001 (0.020)	Loss 0.6507 (0.7081)	Accuracy 0.734 (0.699)
Epoch: [2][50/539]	Batch Time 0.066 (0.080)	Data Load Time 0.001 (0.016)	Loss 0.7215 (0.7112)	Accuracy 0.703 (0.697)
Epoch: [2][60/539]	Batch Time 0.063 (0.077)	Data Load Time 0.001 (0.014)	Loss 0.6601 (0.7110)	Accuracy 0.711 (0.697)
Epoch: [2][70/539]	Batch Time 0.066 (0.075)	Data Load Time 0.000 (0.012)	Loss 0.7747 (0.7107)	Accuracy 0.672 (0.697)
Epoch: [2][80/539]	Batch Time 0.063 (0.074)	Data Load Time 0.001 (0.011)	Loss 0.7447 (0.7124)	Accuracy 0.645 (0.697)
Epoch: [2][90/539]	Batch Time 0.063 (0.073)	Data Load Time 0.001 (0.010)	Loss 0.6977 (0.7131)	Accuracy 0.715 (0.697)
Epoch: [2][100/539]	Batch Time 0.067 (0.072)	Data Load Time 0.001 (0.009)	Loss 0.7049 (0.7141)	Accuracy 0.656 (0.696)
Epoch: [2][110/539]	Batch Time 0.062 (0.071)	Data Load Time 0.001 (0.008)	Loss 0.7211 (0.7126)	Accuracy 0.672 (0.697)
Epoch: [2][120/539]	Batch Time 0.059 (0.070)	Data Load Time 0.000 (0.007)	Loss 0.7623 (0.7121)	Accuracy 0.688 (0.698)
Epoch: [2][130/539]	Batch Time 0.064 (0.070)	Data Load Time 0.001 (0.007)	Loss 0.7250 (0.7125)	Accuracy 0.676 (0.697)
Epoch: [2][140/539]	Batch Time 0.062 (0.069)	Data Load Time 0.001 (0.006)	Loss 0.6777 (0.7103)	Accuracy 0.746 (0.698)
Epoch: [2][150/539]	Batch Time 0.063 (0.069)	Data Load Time 0.001 (0.006)	Loss 0.6648 (0.7104)	Accuracy 0.703 (0.699)
Epoch: [2][160/539]	Batch Time 0.064 (0.069)	Data Load Time 0.001 (0.006)	Loss 0.7323 (0.7100)	Accuracy 0.672 (0.699)
Epoch: [2][170/539]	Batch Time 0.061 (0.068)	Data Load Time 0.001 (0.006)	Loss 0.7370 (0.7090)	Accuracy 0.680 (0.699)
Epoch: [2][180/539]	Batch Time 0.057 (0.068)	Data Load Time 0.001 (0.005)	Loss 0.6760 (0.7101)	Accuracy 0.699 (0.698)
Epoch: [2][190/539]	Batch Time 0.063 (0.067)	Data Load Time 0.001 (0.005)	Loss 0.6900 (0.7089)	Accuracy 0.707 (0.699)
Epoch: [2][200/539]	Batch Time 0.064 (0.067)	Data Load Time 0.001 (0.005)	Loss 0.6608 (0.7083)	Accuracy 0.691 (0.699)
Epoch: [2][210/539]	Batch Time 0.061 (0.067)	Data Load Time 0.001 (0.005)	Loss 0.7111 (0.7077)	Accuracy 0.684 (0.699)
Epoch: [2][220/539]	Batch Time 0.063 (0.067)	Data Load Time 0.001 (0.004)	Loss 0.7448 (0.7081)	Accuracy 0.707 (0.699)
Epoch: [2][230/539]	Batch Time 0.059 (0.067)	Data Load Time 0.001 (0.004)	Loss 0.6486 (0.7078)	Accuracy 0.754 (0.699)
Epoch: [2][240/539]	Batch Time 0.066 (0.066)	Data Load Time 0.001 (0.004)	Loss 0.7100 (0.7083)	Accuracy 0.723 (0.699)
Epoch: [2][250/539]	Batch Time 0.063 (0.066)	Data Load Time 0.001 (0.004)	Loss 0.7742 (0.7092)	Accuracy 0.672 (0.699)
Epoch: [2][260/539]	Batch Time 0.062 (0.066)	Data Load Time 0.001 (0.004)	Loss 0.7564 (0.7100)	Accuracy 0.699 (0.698)
Epoch: [2][270/539]	Batch Time 0.063 (0.066)	Data Load Time 0.001 (0.004)	Loss 0.7838 (0.7098)	Accuracy 0.672 (0.699)
Epoch: [2][280/539]	Batch Time 0.059 (0.066)	Data Load Time 0.001 (0.004)	Loss 0.6909 (0.7092)	Accuracy 0.730 (0.699)
Epoch: [2][290/539]	Batch Time 0.062 (0.066)	Data Load Time 0.001 (0.004)	Loss 0.7645 (0.7095)	Accuracy 0.691 (0.698)
Epoch: [2][300/539]	Batch Time 0.060 (0.066)	Data Load Time 0.001 (0.004)	Loss 0.6991 (0.7099)	Accuracy 0.668 (0.698)
Epoch: [2][310/539]	Batch Time 0.065 (0.066)	Data Load Time 0.001 (0.003)	Loss 0.6809 (0.7096)	Accuracy 0.730 (0.698)
Epoch: [2][320/539]	Batch Time 0.063 (0.066)	Data Load Time 0.001 (0.003)	Loss 0.6756 (0.7088)	Accuracy 0.688 (0.698)
Epoch: [2][330/539]	Batch Time 0.063 (0.065)	Data Load Time 0.001 (0.003)	Loss 0.7299 (0.7088)	Accuracy 0.719 (0.698)
Epoch: [2][340/539]	Batch Time 0.062 (0.065)	Data Load Time 0.001 (0.003)	Loss 0.7351 (0.7088)	Accuracy 0.664 (0.698)
Epoch: [2][350/539]	Batch Time 0.062 (0.065)	Data Load Time 0.001 (0.003)	Loss 0.7860 (0.7089)	Accuracy 0.625 (0.698)
Epoch: [2][360/539]	Batch Time 0.050 (0.065)	Data Load Time 0.001 (0.003)	Loss 0.6361 (0.7087)	Accuracy 0.727 (0.698)
Epoch: [2][370/539]	Batch Time 0.062 (0.065)	Data Load Time 0.001 (0.003)	Loss 0.7446 (0.7094)	Accuracy 0.691 (0.698)
Epoch: [2][380/539]	Batch Time 0.071 (0.065)	Data Load Time 0.001 (0.003)	Loss 0.7062 (0.7092)	Accuracy 0.699 (0.698)
Epoch: [2][390/539]	Batch Time 0.071 (0.065)	Data Load Time 0.001 (0.003)	Loss 0.6832 (0.7093)	Accuracy 0.719 (0.698)
Epoch: [2][400/539]	Batch Time 0.076 (0.065)	Data Load Time 0.001 (0.003)	Loss 0.7711 (0.7096)	Accuracy 0.660 (0.698)
Epoch: [2][410/539]	Batch Time 0.072 (0.065)	Data Load Time 0.001 (0.003)	Loss 0.7218 (0.7101)	Accuracy 0.680 (0.698)
Epoch: [2][420/539]	Batch Time 0.068 (0.065)	Data Load Time 0.001 (0.003)	Loss 0.7124 (0.7100)	Accuracy 0.719 (0.698)
Epoch: [2][430/539]	Batch Time 0.063 (0.066)	Data Load Time 0.001 (0.003)	Loss 0.7545 (0.7103)	Accuracy 0.699 (0.698)
Epoch: [2][440/539]	Batch Time 0.056 (0.066)	Data Load Time 0.001 (0.003)	Loss 0.8066 (0.7101)	Accuracy 0.668 (0.698)
Epoch: [2][450/539]	Batch Time 0.078 (0.066)	Data Load Time 0.001 (0.003)	Loss 0.8353 (0.7105)	Accuracy 0.676 (0.698)
Epoch: [2][460/539]	Batch Time 0.073 (0.066)	Data Load Time 0.001 (0.003)	Loss 0.6756 (0.7100)	Accuracy 0.691 (0.698)
Epoch: [2][470/539]	Batch Time 0.070 (0.066)	Data Load Time 0.001 (0.003)	Loss 0.7169 (0.7100)	Accuracy 0.668 (0.698)
Epoch: [2][480/539]	Batch Time 0.067 (0.066)	Data Load Time 0.001 (0.003)	Loss 0.6931 (0.7107)	Accuracy 0.688 (0.698)
Epoch: [2][490/539]	Batch Time 0.075 (0.066)	Data Load Time 0.001 (0.003)	Loss 0.6827 (0.7110)	Accuracy 0.723 (0.698)
Epoch: [2][500/539]	Batch Time 0.077 (0.066)	Data Load Time 0.001 (0.003)	Loss 0.7047 (0.7111)	Accuracy 0.699 (0.698)
Epoch: [2][510/539]	Batch Time 0.094 (0.067)	Data Load Time 0.001 (0.003)	Loss 0.8151 (0.7118)	Accuracy 0.637 (0.697)
Epoch: [2][520/539]	Batch Time 0.094 (0.067)	Data Load Time 0.001 (0.002)	Loss 0.6687 (0.7116)	Accuracy 0.703 (0.697)
Epoch: [2][530/539]	Batch Time 0.082 (0.067)	Data Load Time 0.000 (0.003)	Loss 0.7485 (0.7121)	Accuracy 0.676 (0.697)

DECAYING learning rate.
The new learning rate is 0.000125

epoch 2 val acc: 0.6032042917210382
Epoch: [3][0/539]	Batch Time 0.814 (0.814)	Data Load Time 0.731 (0.731)	Loss 0.6385 (0.6385)	Accuracy 0.727 (0.727)
Epoch: [3][10/539]	Batch Time 0.070 (0.144)	Data Load Time 0.001 (0.067)	Loss 0.6305 (0.6555)	Accuracy 0.730 (0.733)
Epoch: [3][20/539]	Batch Time 0.089 (0.112)	Data Load Time 0.001 (0.036)	Loss 0.7491 (0.6493)	Accuracy 0.691 (0.734)
Epoch: [3][30/539]	Batch Time 0.073 (0.101)	Data Load Time 0.000 (0.025)	Loss 0.6517 (0.6598)	Accuracy 0.746 (0.728)
Epoch: [3][40/539]	Batch Time 0.074 (0.093)	Data Load Time 0.001 (0.019)	Loss 0.6458 (0.6543)	Accuracy 0.715 (0.730)
Epoch: [3][50/539]	Batch Time 0.086 (0.091)	Data Load Time 0.001 (0.015)	Loss 0.6103 (0.6516)	Accuracy 0.762 (0.733)
Epoch: [3][60/539]	Batch Time 0.072 (0.088)	Data Load Time 0.001 (0.013)	Loss 0.6318 (0.6508)	Accuracy 0.734 (0.735)
Epoch: [3][70/539]	Batch Time 0.078 (0.087)	Data Load Time 0.001 (0.011)	Loss 0.6939 (0.6499)	Accuracy 0.734 (0.735)
Epoch: [3][80/539]	Batch Time 0.086 (0.086)	Data Load Time 0.001 (0.010)	Loss 0.6166 (0.6479)	Accuracy 0.742 (0.735)
Epoch: [3][90/539]	Batch Time 0.067 (0.085)	Data Load Time 0.001 (0.009)	Loss 0.6319 (0.6466)	Accuracy 0.711 (0.736)
Epoch: [3][100/539]	Batch Time 0.076 (0.084)	Data Load Time 0.001 (0.008)	Loss 0.6678 (0.6483)	Accuracy 0.727 (0.735)
Epoch: [3][110/539]	Batch Time 0.088 (0.084)	Data Load Time 0.001 (0.008)	Loss 0.6456 (0.6495)	Accuracy 0.738 (0.733)
Epoch: [3][120/539]	Batch Time 0.075 (0.083)	Data Load Time 0.001 (0.007)	Loss 0.6850 (0.6503)	Accuracy 0.699 (0.733)
Epoch: [3][130/539]	Batch Time 0.077 (0.083)	Data Load Time 0.001 (0.007)	Loss 0.6157 (0.6507)	Accuracy 0.750 (0.732)
Epoch: [3][140/539]	Batch Time 0.090 (0.083)	Data Load Time 0.001 (0.006)	Loss 0.5860 (0.6503)	Accuracy 0.766 (0.732)
Epoch: [3][150/539]	Batch Time 0.073 (0.082)	Data Load Time 0.000 (0.006)	Loss 0.6072 (0.6507)	Accuracy 0.770 (0.732)
Epoch: [3][160/539]	Batch Time 0.078 (0.082)	Data Load Time 0.001 (0.005)	Loss 0.6322 (0.6501)	Accuracy 0.742 (0.732)
Epoch: [3][170/539]	Batch Time 0.086 (0.082)	Data Load Time 0.001 (0.005)	Loss 0.6345 (0.6505)	Accuracy 0.742 (0.731)
Epoch: [3][180/539]	Batch Time 0.076 (0.082)	Data Load Time 0.001 (0.005)	Loss 0.6227 (0.6494)	Accuracy 0.746 (0.732)
Epoch: [3][190/539]	Batch Time 0.087 (0.082)	Data Load Time 0.001 (0.005)	Loss 0.6395 (0.6486)	Accuracy 0.754 (0.732)
Epoch: [3][200/539]	Batch Time 0.073 (0.081)	Data Load Time 0.001 (0.005)	Loss 0.6193 (0.6471)	Accuracy 0.723 (0.733)
Epoch: [3][210/539]	Batch Time 0.086 (0.081)	Data Load Time 0.001 (0.004)	Loss 0.5816 (0.6470)	Accuracy 0.781 (0.733)
Epoch: [3][220/539]	Batch Time 0.072 (0.081)	Data Load Time 0.001 (0.004)	Loss 0.6752 (0.6458)	Accuracy 0.762 (0.734)
Epoch: [3][230/539]	Batch Time 0.077 (0.081)	Data Load Time 0.001 (0.004)	Loss 0.6944 (0.6468)	Accuracy 0.684 (0.734)
Epoch: [3][240/539]	Batch Time 0.088 (0.081)	Data Load Time 0.001 (0.004)	Loss 0.6475 (0.6466)	Accuracy 0.695 (0.734)
Epoch: [3][250/539]	Batch Time 0.068 (0.081)	Data Load Time 0.001 (0.004)	Loss 0.5960 (0.6464)	Accuracy 0.766 (0.734)
Epoch: [3][260/539]	Batch Time 0.070 (0.081)	Data Load Time 0.000 (0.004)	Loss 0.6246 (0.6456)	Accuracy 0.746 (0.734)
Epoch: [3][270/539]	Batch Time 0.078 (0.080)	Data Load Time 0.001 (0.004)	Loss 0.6659 (0.6463)	Accuracy 0.750 (0.735)
Epoch: [3][280/539]	Batch Time 0.088 (0.080)	Data Load Time 0.000 (0.004)	Loss 0.6795 (0.6468)	Accuracy 0.746 (0.734)
Epoch: [3][290/539]	Batch Time 0.073 (0.080)	Data Load Time 0.001 (0.003)	Loss 0.6038 (0.6474)	Accuracy 0.742 (0.734)
Epoch: [3][300/539]	Batch Time 0.079 (0.080)	Data Load Time 0.001 (0.003)	Loss 0.6493 (0.6476)	Accuracy 0.715 (0.734)
Epoch: [3][310/539]	Batch Time 0.077 (0.080)	Data Load Time 0.001 (0.003)	Loss 0.6747 (0.6473)	Accuracy 0.734 (0.734)
Epoch: [3][320/539]	Batch Time 0.084 (0.080)	Data Load Time 0.001 (0.003)	Loss 0.6252 (0.6469)	Accuracy 0.758 (0.734)
Epoch: [3][330/539]	Batch Time 0.083 (0.080)	Data Load Time 0.001 (0.003)	Loss 0.6494 (0.6468)	Accuracy 0.715 (0.734)
Epoch: [3][340/539]	Batch Time 0.070 (0.080)	Data Load Time 0.001 (0.003)	Loss 0.7282 (0.6466)	Accuracy 0.719 (0.735)
Epoch: [3][350/539]	Batch Time 0.080 (0.080)	Data Load Time 0.001 (0.003)	Loss 0.5520 (0.6457)	Accuracy 0.754 (0.735)
Epoch: [3][360/539]	Batch Time 0.077 (0.080)	Data Load Time 0.001 (0.003)	Loss 0.6336 (0.6452)	Accuracy 0.727 (0.735)
Epoch: [3][370/539]	Batch Time 0.056 (0.080)	Data Load Time 0.001 (0.003)	Loss 0.6179 (0.6453)	Accuracy 0.789 (0.735)
Epoch: [3][380/539]	Batch Time 0.066 (0.079)	Data Load Time 0.001 (0.003)	Loss 0.6746 (0.6460)	Accuracy 0.715 (0.735)
Epoch: [3][390/539]	Batch Time 0.060 (0.079)	Data Load Time 0.001 (0.003)	Loss 0.7958 (0.6472)	Accuracy 0.711 (0.734)
Epoch: [3][400/539]	Batch Time 0.062 (0.079)	Data Load Time 0.001 (0.003)	Loss 0.6556 (0.6469)	Accuracy 0.688 (0.734)
Epoch: [3][410/539]	Batch Time 0.082 (0.079)	Data Load Time 0.001 (0.003)	Loss 0.6182 (0.6469)	Accuracy 0.730 (0.734)
Epoch: [3][420/539]	Batch Time 0.071 (0.078)	Data Load Time 0.001 (0.003)	Loss 0.7472 (0.6471)	Accuracy 0.691 (0.734)
Epoch: [3][430/539]	Batch Time 0.065 (0.078)	Data Load Time 0.001 (0.003)	Loss 0.5477 (0.6469)	Accuracy 0.770 (0.734)
Epoch: [3][440/539]	Batch Time 0.061 (0.078)	Data Load Time 0.001 (0.003)	Loss 0.6207 (0.6466)	Accuracy 0.730 (0.734)
Epoch: [3][450/539]	Batch Time 0.065 (0.078)	Data Load Time 0.001 (0.003)	Loss 0.6261 (0.6463)	Accuracy 0.727 (0.734)
Epoch: [3][460/539]	Batch Time 0.076 (0.078)	Data Load Time 0.001 (0.003)	Loss 0.5769 (0.6456)	Accuracy 0.797 (0.735)
Epoch: [3][470/539]	Batch Time 0.074 (0.078)	Data Load Time 0.001 (0.003)	Loss 0.7110 (0.6459)	Accuracy 0.734 (0.735)
Epoch: [3][480/539]	Batch Time 0.075 (0.077)	Data Load Time 0.001 (0.002)	Loss 0.6637 (0.6464)	Accuracy 0.723 (0.735)
Epoch: [3][490/539]	Batch Time 0.058 (0.077)	Data Load Time 0.001 (0.002)	Loss 0.6842 (0.6469)	Accuracy 0.715 (0.734)
Epoch: [3][500/539]	Batch Time 0.055 (0.077)	Data Load Time 0.001 (0.002)	Loss 0.6824 (0.6472)	Accuracy 0.711 (0.734)
Epoch: [3][510/539]	Batch Time 0.066 (0.077)	Data Load Time 0.001 (0.002)	Loss 0.6407 (0.6472)	Accuracy 0.758 (0.734)
Epoch: [3][520/539]	Batch Time 0.072 (0.076)	Data Load Time 0.001 (0.002)	Loss 0.6421 (0.6469)	Accuracy 0.699 (0.734)
Epoch: [3][530/539]	Batch Time 0.075 (0.077)	Data Load Time 0.000 (0.002)	Loss 0.6267 (0.6469)	Accuracy 0.727 (0.734)

DECAYING learning rate.
The new learning rate is 0.000063

epoch 3 val acc: 0.5944758590691605
Epoch: [4][0/539]	Batch Time 0.804 (0.804)	Data Load Time 0.741 (0.741)	Loss 0.5920 (0.5920)	Accuracy 0.797 (0.797)
Epoch: [4][10/539]	Batch Time 0.065 (0.135)	Data Load Time 0.001 (0.068)	Loss 0.5314 (0.5855)	Accuracy 0.812 (0.769)
Epoch: [4][20/539]	Batch Time 0.088 (0.109)	Data Load Time 0.001 (0.036)	Loss 0.6622 (0.5941)	Accuracy 0.750 (0.766)
Epoch: [4][30/539]	Batch Time 0.089 (0.100)	Data Load Time 0.001 (0.025)	Loss 0.6094 (0.5894)	Accuracy 0.781 (0.769)
Epoch: [4][40/539]	Batch Time 0.077 (0.096)	Data Load Time 0.001 (0.019)	Loss 0.5874 (0.5976)	Accuracy 0.766 (0.761)
Epoch: [4][50/539]	Batch Time 0.086 (0.093)	Data Load Time 0.001 (0.015)	Loss 0.6001 (0.6032)	Accuracy 0.789 (0.759)
Epoch: [4][60/539]	Batch Time 0.077 (0.091)	Data Load Time 0.001 (0.013)	Loss 0.5439 (0.6026)	Accuracy 0.781 (0.758)
Epoch: [4][70/539]	Batch Time 0.069 (0.090)	Data Load Time 0.001 (0.011)	Loss 0.5950 (0.6024)	Accuracy 0.770 (0.758)
Epoch: [4][80/539]	Batch Time 0.074 (0.089)	Data Load Time 0.000 (0.010)	Loss 0.5987 (0.6048)	Accuracy 0.754 (0.756)
Epoch: [4][90/539]	Batch Time 0.070 (0.088)	Data Load Time 0.001 (0.009)	Loss 0.6332 (0.6057)	Accuracy 0.734 (0.755)
Epoch: [4][100/539]	Batch Time 0.076 (0.087)	Data Load Time 0.001 (0.008)	Loss 0.5589 (0.6060)	Accuracy 0.754 (0.756)
Epoch: [4][110/539]	Batch Time 0.089 (0.086)	Data Load Time 0.001 (0.008)	Loss 0.6041 (0.6078)	Accuracy 0.730 (0.754)
Epoch: [4][120/539]	Batch Time 0.085 (0.086)	Data Load Time 0.001 (0.007)	Loss 0.5732 (0.6077)	Accuracy 0.773 (0.755)
Epoch: [4][130/539]	Batch Time 0.080 (0.085)	Data Load Time 0.001 (0.007)	Loss 0.6388 (0.6091)	Accuracy 0.738 (0.755)
Epoch: [4][140/539]	Batch Time 0.068 (0.085)	Data Load Time 0.001 (0.006)	Loss 0.5687 (0.6093)	Accuracy 0.746 (0.755)
Epoch: [4][150/539]	Batch Time 0.082 (0.085)	Data Load Time 0.001 (0.006)	Loss 0.6357 (0.6103)	Accuracy 0.762 (0.755)
Epoch: [4][160/539]	Batch Time 0.085 (0.084)	Data Load Time 0.001 (0.006)	Loss 0.6090 (0.6100)	Accuracy 0.746 (0.755)
Epoch: [4][170/539]	Batch Time 0.077 (0.084)	Data Load Time 0.001 (0.005)	Loss 0.6316 (0.6101)	Accuracy 0.762 (0.755)
Epoch: [4][180/539]	Batch Time 0.088 (0.084)	Data Load Time 0.001 (0.005)	Loss 0.6489 (0.6105)	Accuracy 0.738 (0.755)
Epoch: [4][190/539]	Batch Time 0.071 (0.084)	Data Load Time 0.001 (0.005)	Loss 0.5429 (0.6102)	Accuracy 0.781 (0.756)
Epoch: [4][200/539]	Batch Time 0.075 (0.083)	Data Load Time 0.001 (0.005)	Loss 0.6101 (0.6101)	Accuracy 0.754 (0.756)
Epoch: [4][210/539]	Batch Time 0.078 (0.083)	Data Load Time 0.001 (0.004)	Loss 0.6106 (0.6092)	Accuracy 0.727 (0.755)
Epoch: [4][220/539]	Batch Time 0.069 (0.083)	Data Load Time 0.001 (0.004)	Loss 0.6132 (0.6085)	Accuracy 0.742 (0.755)
Epoch: [4][230/539]	Batch Time 0.069 (0.083)	Data Load Time 0.001 (0.004)	Loss 0.5879 (0.6083)	Accuracy 0.785 (0.756)
Epoch: [4][240/539]	Batch Time 0.086 (0.083)	Data Load Time 0.001 (0.004)	Loss 0.5889 (0.6082)	Accuracy 0.770 (0.755)
Epoch: [4][250/539]	Batch Time 0.075 (0.083)	Data Load Time 0.001 (0.004)	Loss 0.5927 (0.6079)	Accuracy 0.773 (0.755)
Epoch: [4][260/539]	Batch Time 0.075 (0.082)	Data Load Time 0.001 (0.004)	Loss 0.5908 (0.6078)	Accuracy 0.742 (0.755)
Epoch: [4][270/539]	Batch Time 0.077 (0.082)	Data Load Time 0.001 (0.004)	Loss 0.5984 (0.6070)	Accuracy 0.773 (0.756)
Epoch: [4][280/539]	Batch Time 0.071 (0.082)	Data Load Time 0.001 (0.004)	Loss 0.6231 (0.6066)	Accuracy 0.742 (0.756)
Epoch: [4][290/539]	Batch Time 0.077 (0.082)	Data Load Time 0.001 (0.003)	Loss 0.5983 (0.6062)	Accuracy 0.773 (0.756)
Epoch: [4][300/539]	Batch Time 0.081 (0.082)	Data Load Time 0.001 (0.003)	Loss 0.6709 (0.6054)	Accuracy 0.727 (0.757)
Epoch: [4][310/539]	Batch Time 0.084 (0.082)	Data Load Time 0.001 (0.003)	Loss 0.6043 (0.6050)	Accuracy 0.754 (0.757)
Epoch: [4][320/539]	Batch Time 0.086 (0.082)	Data Load Time 0.001 (0.003)	Loss 0.6073 (0.6056)	Accuracy 0.770 (0.757)
Epoch: [4][330/539]	Batch Time 0.088 (0.082)	Data Load Time 0.001 (0.003)	Loss 0.6326 (0.6057)	Accuracy 0.766 (0.757)
Epoch: [4][340/539]	Batch Time 0.074 (0.081)	Data Load Time 0.001 (0.003)	Loss 0.5784 (0.6057)	Accuracy 0.758 (0.757)
Epoch: [4][350/539]	Batch Time 0.079 (0.081)	Data Load Time 0.001 (0.003)	Loss 0.5650 (0.6059)	Accuracy 0.781 (0.757)
Epoch: [4][360/539]	Batch Time 0.088 (0.081)	Data Load Time 0.001 (0.003)	Loss 0.4920 (0.6051)	Accuracy 0.809 (0.757)
Epoch: [4][370/539]	Batch Time 0.090 (0.081)	Data Load Time 0.001 (0.003)	Loss 0.6471 (0.6051)	Accuracy 0.762 (0.757)
Epoch: [4][380/539]	Batch Time 0.063 (0.081)	Data Load Time 0.001 (0.003)	Loss 0.6402 (0.6054)	Accuracy 0.750 (0.757)
Epoch: [4][390/539]	Batch Time 0.087 (0.081)	Data Load Time 0.001 (0.003)	Loss 0.6723 (0.6056)	Accuracy 0.719 (0.756)
Epoch: [4][400/539]	Batch Time 0.055 (0.081)	Data Load Time 0.001 (0.003)	Loss 0.6156 (0.6056)	Accuracy 0.762 (0.756)
Epoch: [4][410/539]	Batch Time 0.063 (0.080)	Data Load Time 0.001 (0.003)	Loss 0.6165 (0.6058)	Accuracy 0.773 (0.756)
Epoch: [4][420/539]	Batch Time 0.069 (0.080)	Data Load Time 0.001 (0.003)	Loss 0.6476 (0.6063)	Accuracy 0.742 (0.756)
Epoch: [4][430/539]	Batch Time 0.071 (0.080)	Data Load Time 0.001 (0.003)	Loss 0.6307 (0.6068)	Accuracy 0.715 (0.756)
Epoch: [4][440/539]	Batch Time 0.082 (0.080)	Data Load Time 0.001 (0.003)	Loss 0.6028 (0.6073)	Accuracy 0.750 (0.755)
Epoch: [4][450/539]	Batch Time 0.078 (0.080)	Data Load Time 0.001 (0.003)	Loss 0.6049 (0.6075)	Accuracy 0.766 (0.755)
Epoch: [4][460/539]	Batch Time 0.079 (0.080)	Data Load Time 0.001 (0.003)	Loss 0.7346 (0.6079)	Accuracy 0.727 (0.755)
Epoch: [4][470/539]	Batch Time 0.068 (0.080)	Data Load Time 0.001 (0.003)	Loss 0.6416 (0.6078)	Accuracy 0.727 (0.755)
Epoch: [4][480/539]	Batch Time 0.078 (0.080)	Data Load Time 0.001 (0.003)	Loss 0.5636 (0.6080)	Accuracy 0.746 (0.755)
Epoch: [4][490/539]	Batch Time 0.082 (0.080)	Data Load Time 0.001 (0.002)	Loss 0.5929 (0.6081)	Accuracy 0.742 (0.755)
Epoch: [4][500/539]	Batch Time 0.074 (0.079)	Data Load Time 0.001 (0.002)	Loss 0.5533 (0.6081)	Accuracy 0.758 (0.755)
Epoch: [4][510/539]	Batch Time 0.081 (0.079)	Data Load Time 0.001 (0.002)	Loss 0.6306 (0.6082)	Accuracy 0.730 (0.754)
Epoch: [4][520/539]	Batch Time 0.063 (0.079)	Data Load Time 0.001 (0.002)	Loss 0.6743 (0.6085)	Accuracy 0.727 (0.754)
Epoch: [4][530/539]	Batch Time 0.060 (0.079)	Data Load Time 0.000 (0.002)	Loss 0.6090 (0.6088)	Accuracy 0.754 (0.754)

DECAYING learning rate.
The new learning rate is 0.000031

epoch 4 val acc: 0.5877047991880527
Epoch: [5][0/539]	Batch Time 0.878 (0.878)	Data Load Time 0.789 (0.789)	Loss 0.5486 (0.5486)	Accuracy 0.781 (0.781)
Epoch: [5][10/539]	Batch Time 0.060 (0.139)	Data Load Time 0.001 (0.073)	Loss 0.5238 (0.5728)	Accuracy 0.785 (0.773)
Epoch: [5][20/539]	Batch Time 0.049 (0.101)	Data Load Time 0.001 (0.038)	Loss 0.6310 (0.5789)	Accuracy 0.750 (0.772)
Epoch: [5][30/539]	Batch Time 0.060 (0.088)	Data Load Time 0.000 (0.026)	Loss 0.6421 (0.5845)	Accuracy 0.742 (0.768)
Epoch: [5][40/539]	Batch Time 0.061 (0.082)	Data Load Time 0.001 (0.020)	Loss 0.5553 (0.5817)	Accuracy 0.816 (0.769)
Epoch: [5][50/539]	Batch Time 0.064 (0.079)	Data Load Time 0.000 (0.016)	Loss 0.7208 (0.5847)	Accuracy 0.691 (0.768)
Epoch: [5][60/539]	Batch Time 0.060 (0.077)	Data Load Time 0.001 (0.014)	Loss 0.6185 (0.5874)	Accuracy 0.750 (0.768)
Epoch: [5][70/539]	Batch Time 0.062 (0.075)	Data Load Time 0.001 (0.012)	Loss 0.5639 (0.5869)	Accuracy 0.793 (0.769)
Epoch: [5][80/539]	Batch Time 0.063 (0.074)	Data Load Time 0.001 (0.011)	Loss 0.5577 (0.5849)	Accuracy 0.797 (0.769)
Epoch: [5][90/539]	Batch Time 0.062 (0.073)	Data Load Time 0.001 (0.010)	Loss 0.5765 (0.5851)	Accuracy 0.750 (0.768)
Epoch: [5][100/539]	Batch Time 0.059 (0.072)	Data Load Time 0.001 (0.009)	Loss 0.6038 (0.5855)	Accuracy 0.738 (0.767)
Epoch: [5][110/539]	Batch Time 0.058 (0.071)	Data Load Time 0.001 (0.008)	Loss 0.6037 (0.5867)	Accuracy 0.766 (0.766)
Epoch: [5][120/539]	Batch Time 0.061 (0.070)	Data Load Time 0.001 (0.007)	Loss 0.6286 (0.5876)	Accuracy 0.758 (0.766)
Epoch: [5][130/539]	Batch Time 0.052 (0.070)	Data Load Time 0.001 (0.007)	Loss 0.6043 (0.5864)	Accuracy 0.746 (0.767)
Epoch: [5][140/539]	Batch Time 0.065 (0.069)	Data Load Time 0.001 (0.006)	Loss 0.6358 (0.5877)	Accuracy 0.730 (0.767)
Epoch: [5][150/539]	Batch Time 0.057 (0.068)	Data Load Time 0.001 (0.006)	Loss 0.5274 (0.5880)	Accuracy 0.793 (0.767)
Epoch: [5][160/539]	Batch Time 0.057 (0.067)	Data Load Time 0.001 (0.006)	Loss 0.5446 (0.5876)	Accuracy 0.809 (0.767)
Epoch: [5][170/539]	Batch Time 0.060 (0.067)	Data Load Time 0.001 (0.006)	Loss 0.5647 (0.5874)	Accuracy 0.754 (0.767)
Epoch: [5][180/539]	Batch Time 0.053 (0.066)	Data Load Time 0.001 (0.005)	Loss 0.6481 (0.5891)	Accuracy 0.750 (0.767)
Epoch: [5][190/539]	Batch Time 0.057 (0.066)	Data Load Time 0.001 (0.005)	Loss 0.6218 (0.5888)	Accuracy 0.750 (0.767)
Epoch: [5][200/539]	Batch Time 0.059 (0.066)	Data Load Time 0.001 (0.005)	Loss 0.5928 (0.5905)	Accuracy 0.785 (0.766)
Epoch: [5][210/539]	Batch Time 0.066 (0.065)	Data Load Time 0.001 (0.005)	Loss 0.6391 (0.5898)	Accuracy 0.762 (0.766)
Epoch: [5][220/539]	Batch Time 0.059 (0.065)	Data Load Time 0.001 (0.004)	Loss 0.6620 (0.5887)	Accuracy 0.738 (0.767)
Epoch: [5][230/539]	Batch Time 0.062 (0.065)	Data Load Time 0.001 (0.004)	Loss 0.6572 (0.5891)	Accuracy 0.746 (0.766)
Epoch: [5][240/539]	Batch Time 0.067 (0.065)	Data Load Time 0.001 (0.004)	Loss 0.4379 (0.5884)	Accuracy 0.867 (0.767)
Epoch: [5][250/539]	Batch Time 0.057 (0.065)	Data Load Time 0.001 (0.004)	Loss 0.6092 (0.5883)	Accuracy 0.738 (0.767)
Epoch: [5][260/539]	Batch Time 0.061 (0.064)	Data Load Time 0.001 (0.004)	Loss 0.5585 (0.5885)	Accuracy 0.777 (0.767)
Epoch: [5][270/539]	Batch Time 0.057 (0.064)	Data Load Time 0.001 (0.004)	Loss 0.6331 (0.5893)	Accuracy 0.707 (0.766)
Epoch: [5][280/539]	Batch Time 0.050 (0.064)	Data Load Time 0.001 (0.004)	Loss 0.5908 (0.5892)	Accuracy 0.766 (0.766)
Epoch: [5][290/539]	Batch Time 0.052 (0.063)	Data Load Time 0.001 (0.004)	Loss 0.5911 (0.5893)	Accuracy 0.777 (0.766)
Epoch: [5][300/539]	Batch Time 0.053 (0.063)	Data Load Time 0.001 (0.004)	Loss 0.6612 (0.5893)	Accuracy 0.734 (0.766)
Epoch: [5][310/539]	Batch Time 0.055 (0.063)	Data Load Time 0.001 (0.003)	Loss 0.5723 (0.5886)	Accuracy 0.738 (0.766)
Epoch: [5][320/539]	Batch Time 0.072 (0.063)	Data Load Time 0.001 (0.003)	Loss 0.5213 (0.5891)	Accuracy 0.805 (0.766)
Epoch: [5][330/539]	Batch Time 0.067 (0.063)	Data Load Time 0.001 (0.003)	Loss 0.5627 (0.5888)	Accuracy 0.809 (0.766)
Epoch: [5][340/539]	Batch Time 0.061 (0.063)	Data Load Time 0.001 (0.003)	Loss 0.5532 (0.5885)	Accuracy 0.785 (0.766)
Epoch: [5][350/539]	Batch Time 0.063 (0.063)	Data Load Time 0.001 (0.003)	Loss 0.6486 (0.5886)	Accuracy 0.746 (0.766)
Epoch: [5][360/539]	Batch Time 0.062 (0.063)	Data Load Time 0.001 (0.003)	Loss 0.6203 (0.5880)	Accuracy 0.770 (0.766)
Epoch: [5][370/539]	Batch Time 0.059 (0.063)	Data Load Time 0.001 (0.003)	Loss 0.5976 (0.5881)	Accuracy 0.781 (0.766)
Epoch: [5][380/539]	Batch Time 0.061 (0.063)	Data Load Time 0.001 (0.003)	Loss 0.5770 (0.5884)	Accuracy 0.789 (0.766)
Epoch: [5][390/539]	Batch Time 0.057 (0.063)	Data Load Time 0.001 (0.003)	Loss 0.6500 (0.5881)	Accuracy 0.711 (0.766)
Epoch: [5][400/539]	Batch Time 0.056 (0.063)	Data Load Time 0.001 (0.003)	Loss 0.5694 (0.5877)	Accuracy 0.758 (0.766)
Epoch: [5][410/539]	Batch Time 0.057 (0.063)	Data Load Time 0.001 (0.003)	Loss 0.6042 (0.5876)	Accuracy 0.766 (0.766)
Epoch: [5][420/539]	Batch Time 0.075 (0.063)	Data Load Time 0.001 (0.003)	Loss 0.6905 (0.5881)	Accuracy 0.711 (0.766)
Epoch: [5][430/539]	Batch Time 0.063 (0.063)	Data Load Time 0.001 (0.003)	Loss 0.6316 (0.5885)	Accuracy 0.734 (0.766)
Epoch: [5][440/539]	Batch Time 0.072 (0.063)	Data Load Time 0.001 (0.003)	Loss 0.5487 (0.5885)	Accuracy 0.805 (0.766)
Epoch: [5][450/539]	Batch Time 0.078 (0.063)	Data Load Time 0.001 (0.003)	Loss 0.5689 (0.5885)	Accuracy 0.770 (0.766)
Epoch: [5][460/539]	Batch Time 0.061 (0.063)	Data Load Time 0.001 (0.003)	Loss 0.5950 (0.5888)	Accuracy 0.785 (0.766)
Epoch: [5][470/539]	Batch Time 0.062 (0.063)	Data Load Time 0.001 (0.003)	Loss 0.5832 (0.5888)	Accuracy 0.789 (0.766)
Epoch: [5][480/539]	Batch Time 0.071 (0.063)	Data Load Time 0.001 (0.003)	Loss 0.5080 (0.5881)	Accuracy 0.805 (0.766)
Epoch: [5][490/539]	Batch Time 0.062 (0.063)	Data Load Time 0.001 (0.003)	Loss 0.7214 (0.5881)	Accuracy 0.723 (0.766)
Epoch: [5][500/539]	Batch Time 0.064 (0.063)	Data Load Time 0.001 (0.003)	Loss 0.6123 (0.5883)	Accuracy 0.703 (0.766)
Epoch: [5][510/539]	Batch Time 0.063 (0.063)	Data Load Time 0.001 (0.003)	Loss 0.6231 (0.5882)	Accuracy 0.746 (0.766)
Epoch: [5][520/539]	Batch Time 0.063 (0.063)	Data Load Time 0.001 (0.002)	Loss 0.5340 (0.5883)	Accuracy 0.773 (0.765)
Epoch: [5][530/539]	Batch Time 0.067 (0.063)	Data Load Time 0.000 (0.003)	Loss 0.5239 (0.5884)	Accuracy 0.789 (0.765)

DECAYING learning rate.
The new learning rate is 0.000016

epoch 5 val acc: 0.5854139480933739

 * TEST ACCURACY - 60.0 per cent

